{"/mnt/data/Dokumente/DHBW/Semester3/SoftwareEngineering/Project/Mc_Messenger/data/js/helper.js": {"path":"/mnt/data/Dokumente/DHBW/Semester3/SoftwareEngineering/Project/Mc_Messenger/data/js/helper.js","statementMap":{"0":{"start":{"line":1,"column":0},"end":{"line":22,"column":105}},"1":{"start":{"line":5,"column":0},"end":{"line":7,"column":1}},"2":{"start":{"line":6,"column":4},"end":{"line":6,"column":39}},"3":{"start":{"line":10,"column":0},"end":{"line":12,"column":1}},"4":{"start":{"line":11,"column":1},"end":{"line":11,"column":42}},"5":{"start":{"line":14,"column":0},"end":{"line":20,"column":1}},"6":{"start":{"line":15,"column":4},"end":{"line":19,"column":5}},"7":{"start":{"line":16,"column":8},"end":{"line":16,"column":47}},"8":{"start":{"line":18,"column":8},"end":{"line":18,"column":53}}},"fnMap":{"0":{"name":"(anonymous_0)","decl":{"start":{"line":1,"column":1},"end":{"line":1,"column":2}},"loc":{"start":{"line":1,"column":18},"end":{"line":22,"column":1}},"line":1},"1":{"name":"(anonymous_1)","decl":{"start":{"line":5,"column":30},"end":{"line":5,"column":31}},"loc":{"start":{"line":5,"column":41},"end":{"line":7,"column":1}},"line":5},"2":{"name":"(anonymous_2)","decl":{"start":{"line":10,"column":17},"end":{"line":10,"column":18}},"loc":{"start":{"line":10,"column":30},"end":{"line":12,"column":1}},"line":10},"3":{"name":"(anonymous_3)","decl":{"start":{"line":14,"column":21},"end":{"line":14,"column":22}},"loc":{"start":{"line":14,"column":35},"end":{"line":20,"column":1}},"line":14}},"branchMap":{"0":{"loc":{"start":{"line":11,"column":9},"end":{"line":11,"column":40}},"type":"binary-expr","locations":[{"start":{"line":11,"column":9},"end":{"line":11,"column":13}},{"start":{"line":11,"column":17},"end":{"line":11,"column":40}}],"line":11},"1":{"loc":{"start":{"line":15,"column":4},"end":{"line":19,"column":5}},"type":"if","locations":[{"start":{"line":15,"column":4},"end":{"line":19,"column":5}},{"start":{"line":17,"column":11},"end":{"line":19,"column":5}}],"line":15},"2":{"loc":{"start":{"line":22,"column":3},"end":{"line":22,"column":103}},"type":"cond-expr","locations":[{"start":{"line":22,"column":53},"end":{"line":22,"column":67}},{"start":{"line":22,"column":71},"end":{"line":22,"column":102}}],"line":22},"3":{"loc":{"start":{"line":22,"column":3},"end":{"line":22,"column":50}},"type":"binary-expr","locations":[{"start":{"line":22,"column":3},"end":{"line":22,"column":32}},{"start":{"line":22,"column":36},"end":{"line":22,"column":50}}],"line":22},"4":{"loc":{"start":{"line":22,"column":85},"end":{"line":22,"column":102}},"type":"binary-expr","locations":[{"start":{"line":22,"column":85},"end":{"line":22,"column":96}},{"start":{"line":22,"column":100},"end":{"line":22,"column":102}}],"line":22}},"s":{"0":3,"1":3,"2":1,"3":3,"4":7,"5":3,"6":0,"7":0,"8":0},"f":{"0":3,"1":1,"2":7,"3":0},"b":{"0":[7,3],"1":[0,0],"2":[3,0],"3":[3,3],"4":[0,0]},"_coverageSchema":"1a1c01bbd47fc00a2c39e90264f33305004495a9","hash":"aef7a439d9269e819d2127580b61c07a5eea0432"}
,"/mnt/data/Dokumente/DHBW/Semester3/SoftwareEngineering/Project/Mc_Messenger/data/js/message.js": {"path":"/mnt/data/Dokumente/DHBW/Semester3/SoftwareEngineering/Project/Mc_Messenger/data/js/message.js","statementMap":{"0":{"start":{"line":1,"column":0},"end":{"line":479,"column":113}},"1":{"start":{"line":8,"column":0},"end":{"line":24,"column":1}},"2":{"start":{"line":10,"column":4},"end":{"line":10,"column":32}},"3":{"start":{"line":11,"column":4},"end":{"line":11,"column":32}},"4":{"start":{"line":12,"column":4},"end":{"line":12,"column":42}},"5":{"start":{"line":14,"column":4},"end":{"line":14,"column":38}},"6":{"start":{"line":17,"column":4},"end":{"line":17,"column":31}},"7":{"start":{"line":18,"column":4},"end":{"line":18,"column":15}},"8":{"start":{"line":20,"column":4},"end":{"line":20,"column":16}},"9":{"start":{"line":21,"column":4},"end":{"line":21,"column":26}},"10":{"start":{"line":22,"column":4},"end":{"line":22,"column":17}},"11":{"start":{"line":23,"column":4},"end":{"line":23,"column":22}},"12":{"start":{"line":26,"column":20},"end":{"line":26,"column":26}},"13":{"start":{"line":30,"column":16},"end":{"line":30,"column":25}},"14":{"start":{"line":32,"column":0},"end":{"line":32,"column":30}},"15":{"start":{"line":33,"column":0},"end":{"line":33,"column":30}},"16":{"start":{"line":34,"column":0},"end":{"line":34,"column":28}},"17":{"start":{"line":35,"column":0},"end":{"line":35,"column":32}},"18":{"start":{"line":36,"column":0},"end":{"line":36,"column":32}},"19":{"start":{"line":37,"column":0},"end":{"line":37,"column":25}},"20":{"start":{"line":38,"column":0},"end":{"line":38,"column":29}},"21":{"start":{"line":39,"column":0},"end":{"line":39,"column":28}},"22":{"start":{"line":40,"column":0},"end":{"line":40,"column":29}},"23":{"start":{"line":41,"column":0},"end":{"line":41,"column":25}},"24":{"start":{"line":42,"column":0},"end":{"line":42,"column":25}},"25":{"start":{"line":43,"column":0},"end":{"line":43,"column":27}},"26":{"start":{"line":44,"column":0},"end":{"line":44,"column":32}},"27":{"start":{"line":48,"column":1},"end":{"line":50,"column":2}},"28":{"start":{"line":49,"column":2},"end":{"line":49,"column":33}},"29":{"start":{"line":49,"column":22},"end":{"line":49,"column":33}},"30":{"start":{"line":51,"column":1},"end":{"line":51,"column":44}},"31":{"start":{"line":52,"column":1},"end":{"line":52,"column":24}},"32":{"start":{"line":56,"column":18},"end":{"line":56,"column":23}},"33":{"start":{"line":59,"column":4},"end":{"line":59,"column":23}},"34":{"start":{"line":63,"column":4},"end":{"line":63,"column":20}},"35":{"start":{"line":64,"column":12},"end":{"line":64,"column":50}},"36":{"start":{"line":65,"column":4},"end":{"line":65,"column":23}},"37":{"start":{"line":66,"column":4},"end":{"line":66,"column":30}},"38":{"start":{"line":71,"column":1},"end":{"line":72,"column":54}},"39":{"start":{"line":72,"column":11},"end":{"line":72,"column":51}},"40":{"start":{"line":77,"column":0},"end":{"line":96,"column":1}},"41":{"start":{"line":78,"column":25},"end":{"line":78,"column":79}},"42":{"start":{"line":79,"column":17},"end":{"line":79,"column":21}},"43":{"start":{"line":80,"column":20},"end":{"line":80,"column":24}},"44":{"start":{"line":81,"column":4},"end":{"line":85,"column":5}},"45":{"start":{"line":82,"column":8},"end":{"line":82,"column":92}},"46":{"start":{"line":84,"column":8},"end":{"line":84,"column":89}},"47":{"start":{"line":86,"column":1},"end":{"line":88,"column":2}},"48":{"start":{"line":87,"column":2},"end":{"line":87,"column":22}},"49":{"start":{"line":89,"column":1},"end":{"line":91,"column":2}},"50":{"start":{"line":90,"column":2},"end":{"line":90,"column":25}},"51":{"start":{"line":92,"column":1},"end":{"line":95,"column":2}},"52":{"start":{"line":93,"column":2},"end":{"line":93,"column":25}},"53":{"start":{"line":137,"column":1},"end":{"line":142,"column":3}},"54":{"start":{"line":148,"column":14},"end":{"line":148,"column":16}},"55":{"start":{"line":149,"column":1},"end":{"line":149,"column":45}},"56":{"start":{"line":150,"column":1},"end":{"line":189,"column":2}},"57":{"start":{"line":153,"column":3},"end":{"line":153,"column":25}},"58":{"start":{"line":154,"column":3},"end":{"line":154,"column":28}},"59":{"start":{"line":155,"column":2},"end":{"line":155,"column":8}},"60":{"start":{"line":158,"column":3},"end":{"line":158,"column":28}},"61":{"start":{"line":159,"column":3},"end":{"line":159,"column":28}},"62":{"start":{"line":160,"column":2},"end":{"line":160,"column":8}},"63":{"start":{"line":164,"column":3},"end":{"line":164,"column":15}},"64":{"start":{"line":165,"column":2},"end":{"line":165,"column":8}},"65":{"start":{"line":168,"column":3},"end":{"line":168,"column":33}},"66":{"start":{"line":169,"column":2},"end":{"line":169,"column":8}},"67":{"start":{"line":173,"column":3},"end":{"line":173,"column":45}},"68":{"start":{"line":174,"column":2},"end":{"line":174,"column":8}},"69":{"start":{"line":177,"column":3},"end":{"line":177,"column":34}},"70":{"start":{"line":178,"column":3},"end":{"line":178,"column":33}},"71":{"start":{"line":179,"column":3},"end":{"line":179,"column":28}},"72":{"start":{"line":180,"column":2},"end":{"line":180,"column":8}},"73":{"start":{"line":182,"column":3},"end":{"line":182,"column":25}},"74":{"start":{"line":183,"column":2},"end":{"line":183,"column":8}},"75":{"start":{"line":186,"column":3},"end":{"line":186,"column":33}},"76":{"start":{"line":187,"column":3},"end":{"line":187,"column":25}},"77":{"start":{"line":188,"column":2},"end":{"line":188,"column":8}},"78":{"start":{"line":190,"column":1},"end":{"line":190,"column":15}},"79":{"start":{"line":198,"column":0},"end":{"line":343,"column":1}},"80":{"start":{"line":200,"column":1},"end":{"line":200,"column":25}},"81":{"start":{"line":201,"column":16},"end":{"line":201,"column":36}},"82":{"start":{"line":203,"column":1},"end":{"line":205,"column":2}},"83":{"start":{"line":204,"column":2},"end":{"line":204,"column":9}},"84":{"start":{"line":208,"column":12},"end":{"line":208,"column":41}},"85":{"start":{"line":210,"column":1},"end":{"line":220,"column":5}},"86":{"start":{"line":211,"column":8},"end":{"line":219,"column":9}},"87":{"start":{"line":212,"column":3},"end":{"line":212,"column":46}},"88":{"start":{"line":213,"column":3},"end":{"line":213,"column":32}},"89":{"start":{"line":214,"column":12},"end":{"line":214,"column":38}},"90":{"start":{"line":215,"column":12},"end":{"line":215,"column":19}},"91":{"start":{"line":217,"column":13},"end":{"line":219,"column":9}},"92":{"start":{"line":218,"column":12},"end":{"line":218,"column":19}},"93":{"start":{"line":223,"column":1},"end":{"line":223,"column":46}},"94":{"start":{"line":225,"column":1},"end":{"line":337,"column":2}},"95":{"start":{"line":228,"column":3},"end":{"line":228,"column":31}},"96":{"start":{"line":229,"column":3},"end":{"line":229,"column":44}},"97":{"start":{"line":230,"column":3},"end":{"line":230,"column":33}},"98":{"start":{"line":231,"column":17},"end":{"line":231,"column":32}},"99":{"start":{"line":232,"column":18},"end":{"line":232,"column":20}},"100":{"start":{"line":233,"column":3},"end":{"line":244,"column":4}},"101":{"start":{"line":237,"column":16},"end":{"line":237,"column":31}},"102":{"start":{"line":238,"column":16},"end":{"line":238,"column":55}},"103":{"start":{"line":241,"column":4},"end":{"line":241,"column":57}},"104":{"start":{"line":242,"column":4},"end":{"line":242,"column":50}},"105":{"start":{"line":243,"column":4},"end":{"line":243,"column":39}},"106":{"start":{"line":246,"column":3},"end":{"line":246,"column":9}},"107":{"start":{"line":249,"column":3},"end":{"line":249,"column":43}},"108":{"start":{"line":249,"column":36},"end":{"line":249,"column":43}},"109":{"start":{"line":252,"column":3},"end":{"line":252,"column":42}},"110":{"start":{"line":253,"column":3},"end":{"line":253,"column":33}},"111":{"start":{"line":254,"column":3},"end":{"line":254,"column":43}},"112":{"start":{"line":255,"column":12},"end":{"line":255,"column":38}},"113":{"start":{"line":261,"column":3},"end":{"line":277,"column":4}},"114":{"start":{"line":263,"column":4},"end":{"line":263,"column":64}},"115":{"start":{"line":264,"column":14},"end":{"line":264,"column":57}},"116":{"start":{"line":265,"column":4},"end":{"line":265,"column":43}},"117":{"start":{"line":266,"column":4},"end":{"line":266,"column":34}},"118":{"start":{"line":267,"column":4},"end":{"line":267,"column":51}},"119":{"start":{"line":268,"column":4},"end":{"line":268,"column":40}},"120":{"start":{"line":269,"column":15},"end":{"line":269,"column":34}},"121":{"start":{"line":270,"column":4},"end":{"line":276,"column":12}},"122":{"start":{"line":271,"column":20},"end":{"line":271,"column":66}},"123":{"start":{"line":272,"column":5},"end":{"line":272,"column":20}},"124":{"start":{"line":274,"column":20},"end":{"line":274,"column":36}},"125":{"start":{"line":275,"column":5},"end":{"line":275,"column":25}},"126":{"start":{"line":278,"column":3},"end":{"line":278,"column":10}},"127":{"start":{"line":280,"column":12},"end":{"line":280,"column":51}},"128":{"start":{"line":281,"column":3},"end":{"line":281,"column":33}},"129":{"start":{"line":282,"column":3},"end":{"line":282,"column":43}},"130":{"start":{"line":283,"column":12},"end":{"line":283,"column":18}},"131":{"start":{"line":285,"column":12},"end":{"line":285,"column":27}},"132":{"start":{"line":286,"column":3},"end":{"line":286,"column":41}},"133":{"start":{"line":287,"column":3},"end":{"line":287,"column":38}},"134":{"start":{"line":288,"column":3},"end":{"line":288,"column":9}},"135":{"start":{"line":290,"column":12},"end":{"line":290,"column":27}},"136":{"start":{"line":291,"column":3},"end":{"line":291,"column":9}},"137":{"start":{"line":294,"column":3},"end":{"line":294,"column":47}},"138":{"start":{"line":295,"column":3},"end":{"line":295,"column":34}},"139":{"start":{"line":297,"column":3},"end":{"line":297,"column":9}},"140":{"start":{"line":301,"column":12},"end":{"line":305,"column":13}},"141":{"start":{"line":302,"column":16},"end":{"line":302,"column":138}},"142":{"start":{"line":304,"column":16},"end":{"line":304,"column":129}},"143":{"start":{"line":306,"column":3},"end":{"line":306,"column":46}},"144":{"start":{"line":307,"column":3},"end":{"line":307,"column":27}},"145":{"start":{"line":308,"column":3},"end":{"line":308,"column":9}},"146":{"start":{"line":312,"column":3},"end":{"line":312,"column":43}},"147":{"start":{"line":313,"column":3},"end":{"line":313,"column":30}},"148":{"start":{"line":314,"column":3},"end":{"line":314,"column":34}},"149":{"start":{"line":315,"column":3},"end":{"line":315,"column":9}},"150":{"start":{"line":318,"column":3},"end":{"line":318,"column":46}},"151":{"start":{"line":319,"column":3},"end":{"line":319,"column":27}},"152":{"start":{"line":321,"column":3},"end":{"line":321,"column":9}},"153":{"start":{"line":324,"column":3},"end":{"line":324,"column":46}},"154":{"start":{"line":325,"column":3},"end":{"line":325,"column":27}},"155":{"start":{"line":327,"column":3},"end":{"line":327,"column":9}},"156":{"start":{"line":330,"column":3},"end":{"line":330,"column":50}},"157":{"start":{"line":331,"column":3},"end":{"line":331,"column":27}},"158":{"start":{"line":333,"column":3},"end":{"line":333,"column":9}},"159":{"start":{"line":335,"column":3},"end":{"line":335,"column":42}},"160":{"start":{"line":336,"column":3},"end":{"line":336,"column":9}},"161":{"start":{"line":339,"column":1},"end":{"line":341,"column":5}},"162":{"start":{"line":340,"column":8},"end":{"line":340,"column":34}},"163":{"start":{"line":346,"column":4},"end":{"line":346,"column":46}},"164":{"start":{"line":347,"column":13},"end":{"line":347,"column":49}},"165":{"start":{"line":348,"column":15},"end":{"line":348,"column":40}},"166":{"start":{"line":349,"column":4},"end":{"line":349,"column":27}},"167":{"start":{"line":350,"column":14},"end":{"line":350,"column":61}},"168":{"start":{"line":351,"column":4},"end":{"line":351,"column":26}},"169":{"start":{"line":352,"column":4},"end":{"line":352,"column":35}},"170":{"start":{"line":353,"column":1},"end":{"line":353,"column":31}},"171":{"start":{"line":357,"column":13},"end":{"line":357,"column":49}},"172":{"start":{"line":360,"column":4},"end":{"line":360,"column":46}},"173":{"start":{"line":361,"column":18},"end":{"line":361,"column":61}},"174":{"start":{"line":362,"column":4},"end":{"line":362,"column":27}},"175":{"start":{"line":364,"column":12},"end":{"line":364,"column":64}},"176":{"start":{"line":365,"column":4},"end":{"line":365,"column":24}},"177":{"start":{"line":366,"column":1},"end":{"line":366,"column":35}},"178":{"start":{"line":369,"column":0},"end":{"line":410,"column":1}},"179":{"start":{"line":371,"column":18},"end":{"line":371,"column":29}},"180":{"start":{"line":372,"column":4},"end":{"line":376,"column":5}},"181":{"start":{"line":373,"column":22},"end":{"line":373,"column":56}},"182":{"start":{"line":374,"column":8},"end":{"line":374,"column":43}},"183":{"start":{"line":375,"column":8},"end":{"line":375,"column":66}},"184":{"start":{"line":378,"column":1},"end":{"line":388,"column":2}},"185":{"start":{"line":379,"column":2},"end":{"line":379,"column":50}},"186":{"start":{"line":380,"column":2},"end":{"line":380,"column":9}},"187":{"start":{"line":381,"column":7},"end":{"line":388,"column":2}},"188":{"start":{"line":382,"column":2},"end":{"line":382,"column":25}},"189":{"start":{"line":383,"column":14},"end":{"line":383,"column":92}},"190":{"start":{"line":386,"column":14},"end":{"line":386,"column":93}},"191":{"start":{"line":395,"column":15},"end":{"line":395,"column":44}},"192":{"start":{"line":396,"column":14},"end":{"line":396,"column":37}},"193":{"start":{"line":397,"column":4},"end":{"line":397,"column":81}},"194":{"start":{"line":398,"column":4},"end":{"line":398,"column":22}},"195":{"start":{"line":401,"column":17},"end":{"line":401,"column":38}},"196":{"start":{"line":402,"column":1},"end":{"line":402,"column":21}},"197":{"start":{"line":404,"column":4},"end":{"line":404,"column":26}},"198":{"start":{"line":405,"column":4},"end":{"line":405,"column":26}},"199":{"start":{"line":407,"column":12},"end":{"line":407,"column":50}},"200":{"start":{"line":408,"column":4},"end":{"line":408,"column":25}},"201":{"start":{"line":409,"column":1},"end":{"line":409,"column":27}},"202":{"start":{"line":412,"column":0},"end":{"line":428,"column":1}},"203":{"start":{"line":413,"column":13},"end":{"line":413,"column":51}},"204":{"start":{"line":414,"column":1},"end":{"line":414,"column":41}},"205":{"start":{"line":416,"column":17},"end":{"line":416,"column":38}},"206":{"start":{"line":417,"column":1},"end":{"line":417,"column":21}},"207":{"start":{"line":419,"column":12},"end":{"line":419,"column":50}},"208":{"start":{"line":421,"column":1},"end":{"line":427,"column":2}},"209":{"start":{"line":422,"column":2},"end":{"line":422,"column":26}},"210":{"start":{"line":423,"column":2},"end":{"line":423,"column":26}},"211":{"start":{"line":424,"column":2},"end":{"line":424,"column":41}},"212":{"start":{"line":426,"column":2},"end":{"line":426,"column":29}},"213":{"start":{"line":430,"column":0},"end":{"line":435,"column":1}},"214":{"start":{"line":431,"column":13},"end":{"line":431,"column":54}},"215":{"start":{"line":432,"column":1},"end":{"line":432,"column":48}},"216":{"start":{"line":433,"column":17},"end":{"line":433,"column":38}},"217":{"start":{"line":434,"column":1},"end":{"line":434,"column":21}},"218":{"start":{"line":437,"column":0},"end":{"line":456,"column":1}},"219":{"start":{"line":438,"column":9},"end":{"line":438,"column":47}},"220":{"start":{"line":439,"column":13},"end":{"line":439,"column":47}},"221":{"start":{"line":440,"column":19},"end":{"line":440,"column":60}},"222":{"start":{"line":441,"column":10},"end":{"line":441,"column":34}},"223":{"start":{"line":442,"column":14},"end":{"line":444,"column":12}},"224":{"start":{"line":445,"column":1},"end":{"line":449,"column":2}},"225":{"start":{"line":445,"column":14},"end":{"line":445,"column":15}},"226":{"start":{"line":446,"column":12},"end":{"line":446,"column":22}},"227":{"start":{"line":447,"column":14},"end":{"line":447,"column":34}},"228":{"start":{"line":448,"column":2},"end":{"line":448,"column":28}},"229":{"start":{"line":450,"column":1},"end":{"line":450,"column":45}},"230":{"start":{"line":451,"column":1},"end":{"line":451,"column":22}},"231":{"start":{"line":452,"column":17},"end":{"line":452,"column":38}},"232":{"start":{"line":453,"column":1},"end":{"line":453,"column":21}},"233":{"start":{"line":454,"column":1},"end":{"line":454,"column":32}},"234":{"start":{"line":455,"column":1},"end":{"line":455,"column":27}},"235":{"start":{"line":459,"column":0},"end":{"line":477,"column":1}},"236":{"start":{"line":460,"column":4},"end":{"line":476,"column":5}},"237":{"start":{"line":462,"column":12},"end":{"line":462,"column":34}},"238":{"start":{"line":463,"column":12},"end":{"line":463,"column":18}},"239":{"start":{"line":465,"column":12},"end":{"line":465,"column":34}},"240":{"start":{"line":466,"column":12},"end":{"line":466,"column":18}},"241":{"start":{"line":468,"column":12},"end":{"line":468,"column":33}},"242":{"start":{"line":469,"column":12},"end":{"line":469,"column":18}},"243":{"start":{"line":471,"column":12},"end":{"line":471,"column":31}},"244":{"start":{"line":472,"column":12},"end":{"line":472,"column":18}},"245":{"start":{"line":474,"column":12},"end":{"line":474,"column":33}},"246":{"start":{"line":475,"column":12},"end":{"line":475,"column":18}}},"fnMap":{"0":{"name":"(anonymous_0)","decl":{"start":{"line":1,"column":1},"end":{"line":1,"column":2}},"loc":{"start":{"line":1,"column":22},"end":{"line":479,"column":1}},"line":1},"1":{"name":"typeToString","decl":{"start":{"line":47,"column":9},"end":{"line":47,"column":21}},"loc":{"start":{"line":47,"column":29},"end":{"line":54,"column":1}},"line":47},"2":{"name":"getToken","decl":{"start":{"line":58,"column":9},"end":{"line":58,"column":17}},"loc":{"start":{"line":58,"column":20},"end":{"line":60,"column":1}},"line":58},"3":{"name":"setToken","decl":{"start":{"line":62,"column":9},"end":{"line":62,"column":17}},"loc":{"start":{"line":62,"column":20},"end":{"line":67,"column":1}},"line":62},"4":{"name":"extract","decl":{"start":{"line":70,"column":15},"end":{"line":70,"column":22}},"loc":{"start":{"line":70,"column":28},"end":{"line":73,"column":1}},"line":70},"5":{"name":"(anonymous_5)","decl":{"start":{"line":72,"column":2},"end":{"line":72,"column":3}},"loc":{"start":{"line":72,"column":11},"end":{"line":72,"column":51}},"line":72},"6":{"name":"(anonymous_6)","decl":{"start":{"line":77,"column":18},"end":{"line":77,"column":19}},"loc":{"start":{"line":77,"column":28},"end":{"line":96,"column":1}},"line":77},"7":{"name":"(anonymous_7)","decl":{"start":{"line":86,"column":17},"end":{"line":86,"column":18}},"loc":{"start":{"line":86,"column":33},"end":{"line":88,"column":2}},"line":86},"8":{"name":"(anonymous_8)","decl":{"start":{"line":89,"column":15},"end":{"line":89,"column":16}},"loc":{"start":{"line":89,"column":30},"end":{"line":91,"column":2}},"line":89},"9":{"name":"(anonymous_9)","decl":{"start":{"line":92,"column":20},"end":{"line":92,"column":21}},"loc":{"start":{"line":92,"column":35},"end":{"line":95,"column":2}},"line":92},"10":{"name":"createFrame","decl":{"start":{"line":131,"column":9},"end":{"line":131,"column":20}},"loc":{"start":{"line":131,"column":41},"end":{"line":143,"column":1}},"line":131},"11":{"name":"createPayload","decl":{"start":{"line":145,"column":9},"end":{"line":145,"column":22}},"loc":{"start":{"line":145,"column":41},"end":{"line":191,"column":1}},"line":145},"12":{"name":"(anonymous_12)","decl":{"start":{"line":198,"column":36},"end":{"line":198,"column":37}},"loc":{"start":{"line":198,"column":54},"end":{"line":343,"column":1}},"line":198},"13":{"name":"(anonymous_13)","decl":{"start":{"line":270,"column":15},"end":{"line":270,"column":16}},"loc":{"start":{"line":270,"column":25},"end":{"line":276,"column":5}},"line":270},"14":{"name":"encryptPayload","decl":{"start":{"line":345,"column":9},"end":{"line":345,"column":23}},"loc":{"start":{"line":345,"column":51},"end":{"line":354,"column":1}},"line":345},"15":{"name":"decryptPayload","decl":{"start":{"line":356,"column":9},"end":{"line":356,"column":23}},"loc":{"start":{"line":356,"column":51},"end":{"line":367,"column":1}},"line":356},"16":{"name":"(anonymous_16)","decl":{"start":{"line":369,"column":25},"end":{"line":369,"column":26}},"loc":{"start":{"line":369,"column":38},"end":{"line":410,"column":1}},"line":369},"17":{"name":"(anonymous_17)","decl":{"start":{"line":412,"column":28},"end":{"line":412,"column":29}},"loc":{"start":{"line":412,"column":38},"end":{"line":428,"column":1}},"line":412},"18":{"name":"(anonymous_18)","decl":{"start":{"line":430,"column":29},"end":{"line":430,"column":30}},"loc":{"start":{"line":430,"column":42},"end":{"line":435,"column":1}},"line":430},"19":{"name":"(anonymous_19)","decl":{"start":{"line":437,"column":22},"end":{"line":437,"column":23}},"loc":{"start":{"line":437,"column":36},"end":{"line":456,"column":1}},"line":437},"20":{"name":"(anonymous_20)","decl":{"start":{"line":459,"column":21},"end":{"line":459,"column":22}},"loc":{"start":{"line":459,"column":35},"end":{"line":477,"column":1}},"line":459}},"branchMap":{"0":{"loc":{"start":{"line":8,"column":0},"end":{"line":24,"column":1}},"type":"if","locations":[{"start":{"line":8,"column":0},"end":{"line":24,"column":1}},{"start":{"line":19,"column":7},"end":{"line":24,"column":1}}],"line":8},"1":{"loc":{"start":{"line":49,"column":2},"end":{"line":49,"column":33}},"type":"if","locations":[{"start":{"line":49,"column":2},"end":{"line":49,"column":33}},{"start":{},"end":{}}],"line":49},"2":{"loc":{"start":{"line":78,"column":25},"end":{"line":78,"column":79}},"type":"cond-expr","locations":[{"start":{"line":78,"column":65},"end":{"line":78,"column":71}},{"start":{"line":78,"column":74},"end":{"line":78,"column":79}}],"line":78},"3":{"loc":{"start":{"line":81,"column":4},"end":{"line":85,"column":5}},"type":"if","locations":[{"start":{"line":81,"column":4},"end":{"line":85,"column":5}},{"start":{"line":83,"column":11},"end":{"line":85,"column":5}}],"line":81},"4":{"loc":{"start":{"line":145,"column":29},"end":{"line":145,"column":40}},"type":"default-arg","locations":[{"start":{"line":145,"column":38},"end":{"line":145,"column":40}}],"line":145},"5":{"loc":{"start":{"line":150,"column":1},"end":{"line":189,"column":2}},"type":"switch","locations":[{"start":{"line":152,"column":2},"end":{"line":155,"column":8}},{"start":{"line":157,"column":2},"end":{"line":160,"column":8}},{"start":{"line":162,"column":2},"end":{"line":165,"column":8}},{"start":{"line":167,"column":2},"end":{"line":169,"column":8}},{"start":{"line":170,"column":2},"end":{"line":170,"column":21}},{"start":{"line":171,"column":2},"end":{"line":174,"column":8}},{"start":{"line":175,"column":2},"end":{"line":180,"column":8}},{"start":{"line":181,"column":2},"end":{"line":183,"column":8}},{"start":{"line":184,"column":2},"end":{"line":188,"column":8}}],"line":150},"6":{"loc":{"start":{"line":203,"column":1},"end":{"line":205,"column":2}},"type":"if","locations":[{"start":{"line":203,"column":1},"end":{"line":205,"column":2}},{"start":{},"end":{}}],"line":203},"7":{"loc":{"start":{"line":210,"column":1},"end":{"line":220,"column":5}},"type":"if","locations":[{"start":{"line":210,"column":1},"end":{"line":220,"column":5}},{"start":{},"end":{}}],"line":210},"8":{"loc":{"start":{"line":211,"column":8},"end":{"line":219,"column":9}},"type":"if","locations":[{"start":{"line":211,"column":8},"end":{"line":219,"column":9}},{"start":{"line":217,"column":13},"end":{"line":219,"column":9}}],"line":211},"9":{"loc":{"start":{"line":217,"column":13},"end":{"line":219,"column":9}},"type":"if","locations":[{"start":{"line":217,"column":13},"end":{"line":219,"column":9}},{"start":{},"end":{}}],"line":217},"10":{"loc":{"start":{"line":217,"column":16},"end":{"line":217,"column":59}},"type":"binary-expr","locations":[{"start":{"line":217,"column":16},"end":{"line":217,"column":37}},{"start":{"line":217,"column":41},"end":{"line":217,"column":59}}],"line":217},"11":{"loc":{"start":{"line":225,"column":1},"end":{"line":337,"column":2}},"type":"switch","locations":[{"start":{"line":227,"column":2},"end":{"line":246,"column":9}},{"start":{"line":247,"column":2},"end":{"line":278,"column":10}},{"start":{"line":279,"column":8},"end":{"line":283,"column":18}},{"start":{"line":284,"column":2},"end":{"line":288,"column":9}},{"start":{"line":289,"column":2},"end":{"line":291,"column":9}},{"start":{"line":292,"column":2},"end":{"line":297,"column":9}},{"start":{"line":299,"column":2},"end":{"line":308,"column":9}},{"start":{"line":310,"column":2},"end":{"line":315,"column":9}},{"start":{"line":317,"column":2},"end":{"line":321,"column":9}},{"start":{"line":323,"column":2},"end":{"line":327,"column":9}},{"start":{"line":329,"column":2},"end":{"line":333,"column":9}},{"start":{"line":334,"column":2},"end":{"line":336,"column":9}}],"line":225},"12":{"loc":{"start":{"line":233,"column":3},"end":{"line":244,"column":4}},"type":"if","locations":[{"start":{"line":233,"column":3},"end":{"line":244,"column":4}},{"start":{"line":239,"column":10},"end":{"line":244,"column":4}}],"line":233},"13":{"loc":{"start":{"line":249,"column":3},"end":{"line":249,"column":43}},"type":"if","locations":[{"start":{"line":249,"column":3},"end":{"line":249,"column":43}},{"start":{},"end":{}}],"line":249},"14":{"loc":{"start":{"line":261,"column":3},"end":{"line":277,"column":4}},"type":"if","locations":[{"start":{"line":261,"column":3},"end":{"line":277,"column":4}},{"start":{},"end":{}}],"line":261},"15":{"loc":{"start":{"line":301,"column":12},"end":{"line":305,"column":13}},"type":"if","locations":[{"start":{"line":301,"column":12},"end":{"line":305,"column":13}},{"start":{"line":303,"column":19},"end":{"line":305,"column":13}}],"line":301},"16":{"loc":{"start":{"line":339,"column":1},"end":{"line":341,"column":5}},"type":"if","locations":[{"start":{"line":339,"column":1},"end":{"line":341,"column":5}},{"start":{},"end":{}}],"line":339},"17":{"loc":{"start":{"line":372,"column":4},"end":{"line":376,"column":5}},"type":"if","locations":[{"start":{"line":372,"column":4},"end":{"line":376,"column":5}},{"start":{},"end":{}}],"line":372},"18":{"loc":{"start":{"line":378,"column":1},"end":{"line":388,"column":2}},"type":"if","locations":[{"start":{"line":378,"column":1},"end":{"line":388,"column":2}},{"start":{"line":381,"column":7},"end":{"line":388,"column":2}}],"line":378},"19":{"loc":{"start":{"line":381,"column":7},"end":{"line":388,"column":2}},"type":"if","locations":[{"start":{"line":381,"column":7},"end":{"line":388,"column":2}},{"start":{"line":385,"column":6},"end":{"line":388,"column":2}}],"line":381},"20":{"loc":{"start":{"line":421,"column":1},"end":{"line":427,"column":2}},"type":"if","locations":[{"start":{"line":421,"column":1},"end":{"line":427,"column":2}},{"start":{},"end":{}}],"line":421},"21":{"loc":{"start":{"line":460,"column":4},"end":{"line":476,"column":5}},"type":"switch","locations":[{"start":{"line":461,"column":8},"end":{"line":463,"column":18}},{"start":{"line":464,"column":8},"end":{"line":466,"column":18}},{"start":{"line":467,"column":8},"end":{"line":469,"column":18}},{"start":{"line":470,"column":8},"end":{"line":472,"column":18}},{"start":{"line":473,"column":8},"end":{"line":475,"column":18}}],"line":460},"22":{"loc":{"start":{"line":479,"column":3},"end":{"line":479,"column":111}},"type":"cond-expr","locations":[{"start":{"line":479,"column":53},"end":{"line":479,"column":67}},{"start":{"line":479,"column":71},"end":{"line":479,"column":110}}],"line":479},"23":{"loc":{"start":{"line":479,"column":3},"end":{"line":479,"column":50}},"type":"binary-expr","locations":[{"start":{"line":479,"column":3},"end":{"line":479,"column":32}},{"start":{"line":479,"column":36},"end":{"line":479,"column":50}}],"line":479},"24":{"loc":{"start":{"line":479,"column":89},"end":{"line":479,"column":110}},"type":"binary-expr","locations":[{"start":{"line":479,"column":89},"end":{"line":479,"column":104}},{"start":{"line":479,"column":108},"end":{"line":479,"column":110}}],"line":479}},"s":{"0":1,"1":1,"2":1,"3":1,"4":1,"5":1,"6":1,"7":1,"8":0,"9":0,"10":0,"11":0,"12":1,"13":1,"14":1,"15":1,"16":1,"17":1,"18":1,"19":1,"20":1,"21":1,"22":1,"23":1,"24":1,"25":1,"26":1,"27":0,"28":0,"29":0,"30":0,"31":0,"32":1,"33":0,"34":0,"35":0,"36":0,"37":0,"38":0,"39":0,"40":1,"41":0,"42":0,"43":0,"44":0,"45":0,"46":0,"47":0,"48":0,"49":0,"50":0,"51":0,"52":0,"53":0,"54":4,"55":4,"56":4,"57":1,"58":1,"59":1,"60":1,"61":1,"62":1,"63":1,"64":1,"65":0,"66":0,"67":0,"68":0,"69":1,"70":1,"71":1,"72":1,"73":0,"74":0,"75":0,"76":0,"77":0,"78":4,"79":1,"80":0,"81":0,"82":0,"83":0,"84":0,"85":0,"86":0,"87":0,"88":0,"89":0,"90":0,"91":0,"92":0,"93":0,"94":0,"95":0,"96":0,"97":0,"98":0,"99":0,"100":0,"101":0,"102":0,"103":0,"104":0,"105":0,"106":0,"107":0,"108":0,"109":0,"110":0,"111":0,"112":0,"113":0,"114":0,"115":0,"116":0,"117":0,"118":0,"119":0,"120":0,"121":0,"122":0,"123":0,"124":0,"125":0,"126":0,"127":0,"128":0,"129":0,"130":0,"131":0,"132":0,"133":0,"134":0,"135":0,"136":0,"137":0,"138":0,"139":0,"140":0,"141":0,"142":0,"143":0,"144":0,"145":0,"146":0,"147":0,"148":0,"149":0,"150":0,"151":0,"152":0,"153":0,"154":0,"155":0,"156":0,"157":0,"158":0,"159":0,"160":0,"161":0,"162":0,"163":4,"164":4,"165":4,"166":4,"167":4,"168":4,"169":4,"170":0,"171":4,"172":4,"173":4,"174":4,"175":4,"176":4,"177":4,"178":1,"179":0,"180":0,"181":0,"182":0,"183":0,"184":0,"185":0,"186":0,"187":0,"188":0,"189":0,"190":0,"191":0,"192":0,"193":0,"194":0,"195":0,"196":0,"197":0,"198":0,"199":0,"200":0,"201":0,"202":1,"203":0,"204":0,"205":0,"206":0,"207":0,"208":0,"209":0,"210":0,"211":0,"212":0,"213":1,"214":0,"215":0,"216":0,"217":0,"218":1,"219":0,"220":0,"221":0,"222":0,"223":0,"224":0,"225":0,"226":0,"227":0,"228":0,"229":0,"230":0,"231":0,"232":0,"233":0,"234":0,"235":1,"236":12,"237":4,"238":0,"239":4,"240":0,"241":4,"242":0,"243":0,"244":0,"245":0,"246":0},"f":{"0":1,"1":0,"2":0,"3":0,"4":0,"5":0,"6":0,"7":0,"8":0,"9":0,"10":0,"11":4,"12":0,"13":0,"14":4,"15":4,"16":0,"17":0,"18":0,"19":0,"20":12},"b":{"0":[1,0],"1":[0,0],"2":[0,0],"3":[0,0],"4":[4],"5":[1,1,1,0,0,0,1,0,0],"6":[0,0],"7":[0,0],"8":[0,0],"9":[0,0],"10":[0,0],"11":[0,0,0,0,0,0,0,0,0,0,0,0],"12":[0,0],"13":[0,0],"14":[0,0],"15":[0,0],"16":[0,0],"17":[0,0],"18":[0,0],"19":[0,0],"20":[0,0],"21":[4,4,4,0,0],"22":[1,0],"23":[1,1],"24":[0,0]},"_coverageSchema":"1a1c01bbd47fc00a2c39e90264f33305004495a9","hash":"3e3f508175dfe4ececef00a7f5905224298fbe25"}
,"/mnt/data/Dokumente/DHBW/Semester3/SoftwareEngineering/Project/Mc_Messenger/data/js/user.js": {"path":"/mnt/data/Dokumente/DHBW/Semester3/SoftwareEngineering/Project/Mc_Messenger/data/js/user.js","statementMap":{"0":{"start":{"line":1,"column":0},"end":{"line":149,"column":105}},"1":{"start":{"line":6,"column":0},"end":{"line":16,"column":1}},"2":{"start":{"line":8,"column":4},"end":{"line":8,"column":32}},"3":{"start":{"line":9,"column":4},"end":{"line":9,"column":32}},"4":{"start":{"line":10,"column":4},"end":{"line":10,"column":42}},"5":{"start":{"line":11,"column":4},"end":{"line":11,"column":38}},"6":{"start":{"line":13,"column":4},"end":{"line":13,"column":16}},"7":{"start":{"line":14,"column":4},"end":{"line":14,"column":26}},"8":{"start":{"line":15,"column":4},"end":{"line":15,"column":22}},"9":{"start":{"line":55,"column":4},"end":{"line":64,"column":5}},"10":{"start":{"line":56,"column":23},"end":{"line":56,"column":41}},"11":{"start":{"line":57,"column":8},"end":{"line":61,"column":10}},"12":{"start":{"line":62,"column":8},"end":{"line":62,"column":32}},"13":{"start":{"line":63,"column":8},"end":{"line":63,"column":37}},"14":{"start":{"line":66,"column":1},"end":{"line":75,"column":2}},"15":{"start":{"line":67,"column":2},"end":{"line":73,"column":3}},"16":{"start":{"line":74,"column":2},"end":{"line":74,"column":28}},"17":{"start":{"line":77,"column":1},"end":{"line":79,"column":2}},"18":{"start":{"line":78,"column":2},"end":{"line":78,"column":37}},"19":{"start":{"line":81,"column":1},"end":{"line":91,"column":2}},"20":{"start":{"line":82,"column":21},"end":{"line":82,"column":23}},"21":{"start":{"line":83,"column":2},"end":{"line":88,"column":4}},"22":{"start":{"line":84,"column":3},"end":{"line":87,"column":13}},"23":{"start":{"line":85,"column":16},"end":{"line":85,"column":68}},"24":{"start":{"line":86,"column":16},"end":{"line":86,"column":30}},"25":{"start":{"line":89,"column":8},"end":{"line":89,"column":22}},"26":{"start":{"line":93,"column":1},"end":{"line":113,"column":2}},"27":{"start":{"line":95,"column":12},"end":{"line":95,"column":14}},"28":{"start":{"line":96,"column":2},"end":{"line":100,"column":4}},"29":{"start":{"line":101,"column":2},"end":{"line":111,"column":4}},"30":{"start":{"line":102,"column":3},"end":{"line":106,"column":5}},"31":{"start":{"line":108,"column":12},"end":{"line":110,"column":13}},"32":{"start":{"line":109,"column":16},"end":{"line":109,"column":46}},"33":{"start":{"line":112,"column":2},"end":{"line":112,"column":13}},"34":{"start":{"line":115,"column":1},"end":{"line":117,"column":2}},"35":{"start":{"line":116,"column":2},"end":{"line":116,"column":43}},"36":{"start":{"line":119,"column":1},"end":{"line":121,"column":2}},"37":{"start":{"line":120,"column":2},"end":{"line":120,"column":28}},"38":{"start":{"line":123,"column":1},"end":{"line":125,"column":2}},"39":{"start":{"line":124,"column":2},"end":{"line":124,"column":62}},"40":{"start":{"line":128,"column":1},"end":{"line":148,"column":2}},"41":{"start":{"line":129,"column":2},"end":{"line":129,"column":24}},"42":{"start":{"line":130,"column":2},"end":{"line":130,"column":28}},"43":{"start":{"line":131,"column":2},"end":{"line":131,"column":20}},"44":{"start":{"line":132,"column":2},"end":{"line":144,"column":3}},"45":{"start":{"line":133,"column":3},"end":{"line":143,"column":4}},"46":{"start":{"line":134,"column":16},"end":{"line":134,"column":44}},"47":{"start":{"line":135,"column":16},"end":{"line":135,"column":49}},"48":{"start":{"line":135,"column":40},"end":{"line":135,"column":49}},"49":{"start":{"line":137,"column":16},"end":{"line":137,"column":63}},"50":{"start":{"line":138,"column":4},"end":{"line":138,"column":53}},"51":{"start":{"line":139,"column":16},"end":{"line":141,"column":17}},"52":{"start":{"line":140,"column":20},"end":{"line":140,"column":69}},"53":{"start":{"line":142,"column":4},"end":{"line":142,"column":45}},"54":{"start":{"line":147,"column":2},"end":{"line":147,"column":23}}},"fnMap":{"0":{"name":"(anonymous_0)","decl":{"start":{"line":1,"column":1},"end":{"line":1,"column":2}},"loc":{"start":{"line":1,"column":18},"end":{"line":149,"column":1}},"line":1},"1":{"name":"(anonymous_1)","decl":{"start":{"line":55,"column":25},"end":{"line":55,"column":26}},"loc":{"start":{"line":55,"column":43},"end":{"line":64,"column":5}},"line":55},"2":{"name":"(anonymous_2)","decl":{"start":{"line":66,"column":15},"end":{"line":66,"column":16}},"loc":{"start":{"line":66,"column":25},"end":{"line":75,"column":2}},"line":66},"3":{"name":"(anonymous_3)","decl":{"start":{"line":77,"column":22},"end":{"line":77,"column":23}},"loc":{"start":{"line":77,"column":32},"end":{"line":79,"column":2}},"line":77},"4":{"name":"(anonymous_4)","decl":{"start":{"line":81,"column":22},"end":{"line":81,"column":23}},"loc":{"start":{"line":81,"column":36},"end":{"line":91,"column":2}},"line":81},"5":{"name":"(anonymous_5)","decl":{"start":{"line":83,"column":24},"end":{"line":83,"column":25}},"loc":{"start":{"line":83,"column":42},"end":{"line":88,"column":3}},"line":83},"6":{"name":"(anonymous_6)","decl":{"start":{"line":93,"column":19},"end":{"line":93,"column":20}},"loc":{"start":{"line":93,"column":29},"end":{"line":113,"column":2}},"line":93},"7":{"name":"(anonymous_7)","decl":{"start":{"line":101,"column":24},"end":{"line":101,"column":25}},"loc":{"start":{"line":101,"column":42},"end":{"line":111,"column":3}},"line":101},"8":{"name":"(anonymous_8)","decl":{"start":{"line":115,"column":19},"end":{"line":115,"column":20}},"loc":{"start":{"line":115,"column":29},"end":{"line":117,"column":2}},"line":115},"9":{"name":"(anonymous_9)","decl":{"start":{"line":119,"column":21},"end":{"line":119,"column":22}},"loc":{"start":{"line":119,"column":34},"end":{"line":121,"column":2}},"line":119},"10":{"name":"(anonymous_10)","decl":{"start":{"line":123,"column":21},"end":{"line":123,"column":22}},"loc":{"start":{"line":123,"column":39},"end":{"line":125,"column":2}},"line":123},"11":{"name":"(anonymous_11)","decl":{"start":{"line":128,"column":17},"end":{"line":128,"column":18}},"loc":{"start":{"line":128,"column":30},"end":{"line":148,"column":2}},"line":128}},"branchMap":{"0":{"loc":{"start":{"line":6,"column":0},"end":{"line":16,"column":1}},"type":"if","locations":[{"start":{"line":6,"column":0},"end":{"line":16,"column":1}},{"start":{"line":12,"column":7},"end":{"line":16,"column":1}}],"line":6},"1":{"loc":{"start":{"line":84,"column":3},"end":{"line":87,"column":13}},"type":"if","locations":[{"start":{"line":84,"column":3},"end":{"line":87,"column":13}},{"start":{},"end":{}}],"line":84},"2":{"loc":{"start":{"line":108,"column":12},"end":{"line":110,"column":13}},"type":"if","locations":[{"start":{"line":108,"column":12},"end":{"line":110,"column":13}},{"start":{},"end":{}}],"line":108},"3":{"loc":{"start":{"line":133,"column":3},"end":{"line":143,"column":4}},"type":"if","locations":[{"start":{"line":133,"column":3},"end":{"line":143,"column":4}},{"start":{},"end":{}}],"line":133},"4":{"loc":{"start":{"line":135,"column":16},"end":{"line":135,"column":49}},"type":"if","locations":[{"start":{"line":135,"column":16},"end":{"line":135,"column":49}},{"start":{},"end":{}}],"line":135},"5":{"loc":{"start":{"line":139,"column":16},"end":{"line":141,"column":17}},"type":"if","locations":[{"start":{"line":139,"column":16},"end":{"line":141,"column":17}},{"start":{},"end":{}}],"line":139},"6":{"loc":{"start":{"line":149,"column":3},"end":{"line":149,"column":103}},"type":"cond-expr","locations":[{"start":{"line":149,"column":53},"end":{"line":149,"column":67}},{"start":{"line":149,"column":71},"end":{"line":149,"column":102}}],"line":149},"7":{"loc":{"start":{"line":149,"column":3},"end":{"line":149,"column":50}},"type":"binary-expr","locations":[{"start":{"line":149,"column":3},"end":{"line":149,"column":32}},{"start":{"line":149,"column":36},"end":{"line":149,"column":50}}],"line":149},"8":{"loc":{"start":{"line":149,"column":85},"end":{"line":149,"column":102}},"type":"binary-expr","locations":[{"start":{"line":149,"column":85},"end":{"line":149,"column":96}},{"start":{"line":149,"column":100},"end":{"line":149,"column":102}}],"line":149}},"s":{"0":2,"1":2,"2":2,"3":2,"4":2,"5":2,"6":0,"7":0,"8":0,"9":2,"10":0,"11":0,"12":0,"13":0,"14":2,"15":2,"16":2,"17":2,"18":0,"19":2,"20":0,"21":0,"22":0,"23":0,"24":0,"25":0,"26":2,"27":3,"28":3,"29":3,"30":4,"31":4,"32":0,"33":3,"34":2,"35":0,"36":2,"37":1,"38":2,"39":2,"40":2,"41":0,"42":0,"43":0,"44":0,"45":0,"46":0,"47":0,"48":0,"49":0,"50":0,"51":0,"52":0,"53":0,"54":0},"f":{"0":2,"1":0,"2":2,"3":0,"4":0,"5":0,"6":3,"7":4,"8":0,"9":1,"10":2,"11":0},"b":{"0":[2,0],"1":[0,0],"2":[0,4],"3":[0,0],"4":[0,0],"5":[0,0],"6":[2,0],"7":[2,2],"8":[0,0]},"_coverageSchema":"1a1c01bbd47fc00a2c39e90264f33305004495a9","hash":"f4c2876118627aa562f0d2426d45bd51925408ec"}
}
