{"/mnt/data/Dokumente/DHBW/Semester3/SoftwareEngineering/Project/Mc_Messenger/data/js/message.js": {"path":"/mnt/data/Dokumente/DHBW/Semester3/SoftwareEngineering/Project/Mc_Messenger/data/js/message.js","statementMap":{"0":{"start":{"line":1,"column":0},"end":{"line":417,"column":113}},"1":{"start":{"line":5,"column":4},"end":{"line":5,"column":39}},"2":{"start":{"line":9,"column":0},"end":{"line":17,"column":1}},"3":{"start":{"line":10,"column":4},"end":{"line":10,"column":32}},"4":{"start":{"line":11,"column":4},"end":{"line":11,"column":32}},"5":{"start":{"line":12,"column":4},"end":{"line":12,"column":42}},"6":{"start":{"line":14,"column":4},"end":{"line":14,"column":16}},"7":{"start":{"line":15,"column":4},"end":{"line":15,"column":26}},"8":{"start":{"line":19,"column":20},"end":{"line":19,"column":26}},"9":{"start":{"line":23,"column":16},"end":{"line":23,"column":25}},"10":{"start":{"line":37,"column":0},"end":{"line":37,"column":30}},"11":{"start":{"line":38,"column":0},"end":{"line":38,"column":30}},"12":{"start":{"line":39,"column":0},"end":{"line":39,"column":28}},"13":{"start":{"line":40,"column":0},"end":{"line":40,"column":32}},"14":{"start":{"line":41,"column":0},"end":{"line":41,"column":25}},"15":{"start":{"line":42,"column":0},"end":{"line":42,"column":29}},"16":{"start":{"line":43,"column":0},"end":{"line":43,"column":33}},"17":{"start":{"line":44,"column":0},"end":{"line":44,"column":28}},"18":{"start":{"line":45,"column":0},"end":{"line":45,"column":29}},"19":{"start":{"line":46,"column":0},"end":{"line":46,"column":25}},"20":{"start":{"line":47,"column":0},"end":{"line":47,"column":25}},"21":{"start":{"line":49,"column":15},"end":{"line":49,"column":24}},"22":{"start":{"line":51,"column":0},"end":{"line":69,"column":1}},"23":{"start":{"line":52,"column":4},"end":{"line":52,"column":79}},"24":{"start":{"line":53,"column":4},"end":{"line":53,"column":77}},"25":{"start":{"line":54,"column":4},"end":{"line":54,"column":76}},"26":{"start":{"line":55,"column":4},"end":{"line":55,"column":81}},"27":{"start":{"line":56,"column":4},"end":{"line":56,"column":80}},"28":{"start":{"line":57,"column":4},"end":{"line":57,"column":80}},"29":{"start":{"line":58,"column":4},"end":{"line":58,"column":81}},"30":{"start":{"line":59,"column":4},"end":{"line":59,"column":80}},"31":{"start":{"line":61,"column":4},"end":{"line":61,"column":82}},"32":{"start":{"line":62,"column":4},"end":{"line":62,"column":78}},"33":{"start":{"line":63,"column":4},"end":{"line":63,"column":76}},"34":{"start":{"line":64,"column":4},"end":{"line":64,"column":86}},"35":{"start":{"line":65,"column":4},"end":{"line":65,"column":84}},"36":{"start":{"line":66,"column":4},"end":{"line":66,"column":85}},"37":{"start":{"line":67,"column":4},"end":{"line":67,"column":87}},"38":{"start":{"line":68,"column":4},"end":{"line":68,"column":85}},"39":{"start":{"line":71,"column":1},"end":{"line":73,"column":2}},"40":{"start":{"line":72,"column":2},"end":{"line":72,"column":29}},"41":{"start":{"line":72,"column":18},"end":{"line":72,"column":29}},"42":{"start":{"line":74,"column":1},"end":{"line":74,"column":24}},"43":{"start":{"line":80,"column":1},"end":{"line":80,"column":42}},"44":{"start":{"line":85,"column":1},"end":{"line":86,"column":54}},"45":{"start":{"line":86,"column":11},"end":{"line":86,"column":51}},"46":{"start":{"line":90,"column":0},"end":{"line":104,"column":1}},"47":{"start":{"line":91,"column":25},"end":{"line":91,"column":79}},"48":{"start":{"line":92,"column":17},"end":{"line":92,"column":21}},"49":{"start":{"line":93,"column":1},"end":{"line":93,"column":82}},"50":{"start":{"line":94,"column":1},"end":{"line":96,"column":2}},"51":{"start":{"line":95,"column":2},"end":{"line":95,"column":22}},"52":{"start":{"line":97,"column":1},"end":{"line":99,"column":2}},"53":{"start":{"line":98,"column":2},"end":{"line":98,"column":25}},"54":{"start":{"line":100,"column":1},"end":{"line":103,"column":2}},"55":{"start":{"line":101,"column":2},"end":{"line":101,"column":25}},"56":{"start":{"line":145,"column":1},"end":{"line":150,"column":3}},"57":{"start":{"line":156,"column":14},"end":{"line":156,"column":16}},"58":{"start":{"line":157,"column":1},"end":{"line":157,"column":44}},"59":{"start":{"line":158,"column":1},"end":{"line":193,"column":2}},"60":{"start":{"line":161,"column":3},"end":{"line":161,"column":25}},"61":{"start":{"line":162,"column":3},"end":{"line":162,"column":31}},"62":{"start":{"line":163,"column":2},"end":{"line":163,"column":8}},"63":{"start":{"line":166,"column":3},"end":{"line":166,"column":31}},"64":{"start":{"line":167,"column":3},"end":{"line":167,"column":31}},"65":{"start":{"line":168,"column":2},"end":{"line":168,"column":8}},"66":{"start":{"line":172,"column":3},"end":{"line":172,"column":15}},"67":{"start":{"line":173,"column":2},"end":{"line":173,"column":8}},"68":{"start":{"line":176,"column":3},"end":{"line":176,"column":36}},"69":{"start":{"line":177,"column":2},"end":{"line":177,"column":8}},"70":{"start":{"line":181,"column":3},"end":{"line":181,"column":58}},"71":{"start":{"line":182,"column":2},"end":{"line":182,"column":8}},"72":{"start":{"line":185,"column":3},"end":{"line":185,"column":34}},"73":{"start":{"line":186,"column":3},"end":{"line":186,"column":33}},"74":{"start":{"line":187,"column":2},"end":{"line":187,"column":8}},"75":{"start":{"line":190,"column":3},"end":{"line":190,"column":33}},"76":{"start":{"line":191,"column":3},"end":{"line":191,"column":25}},"77":{"start":{"line":192,"column":2},"end":{"line":192,"column":8}},"78":{"start":{"line":194,"column":1},"end":{"line":194,"column":15}},"79":{"start":{"line":197,"column":0},"end":{"line":330,"column":1}},"80":{"start":{"line":199,"column":1},"end":{"line":199,"column":23}},"81":{"start":{"line":200,"column":16},"end":{"line":200,"column":36}},"82":{"start":{"line":202,"column":1},"end":{"line":204,"column":2}},"83":{"start":{"line":203,"column":2},"end":{"line":203,"column":9}},"84":{"start":{"line":206,"column":12},"end":{"line":206,"column":41}},"85":{"start":{"line":207,"column":1},"end":{"line":207,"column":46}},"86":{"start":{"line":210,"column":1},"end":{"line":211,"column":9}},"87":{"start":{"line":211,"column":2},"end":{"line":211,"column":9}},"88":{"start":{"line":213,"column":1},"end":{"line":329,"column":2}},"89":{"start":{"line":216,"column":3},"end":{"line":216,"column":34}},"90":{"start":{"line":217,"column":3},"end":{"line":217,"column":36}},"91":{"start":{"line":218,"column":3},"end":{"line":218,"column":33}},"92":{"start":{"line":219,"column":17},"end":{"line":219,"column":32}},"93":{"start":{"line":220,"column":18},"end":{"line":220,"column":20}},"94":{"start":{"line":221,"column":3},"end":{"line":231,"column":4}},"95":{"start":{"line":224,"column":4},"end":{"line":224,"column":34}},"96":{"start":{"line":225,"column":4},"end":{"line":225,"column":28}},"97":{"start":{"line":228,"column":4},"end":{"line":228,"column":57}},"98":{"start":{"line":229,"column":4},"end":{"line":229,"column":50}},"99":{"start":{"line":230,"column":4},"end":{"line":230,"column":39}},"100":{"start":{"line":232,"column":3},"end":{"line":232,"column":29}},"101":{"start":{"line":233,"column":3},"end":{"line":233,"column":9}},"102":{"start":{"line":236,"column":3},"end":{"line":236,"column":46}},"103":{"start":{"line":236,"column":39},"end":{"line":236,"column":46}},"104":{"start":{"line":239,"column":3},"end":{"line":239,"column":34}},"105":{"start":{"line":240,"column":3},"end":{"line":240,"column":33}},"106":{"start":{"line":241,"column":3},"end":{"line":241,"column":53}},"107":{"start":{"line":242,"column":3},"end":{"line":242,"column":29}},"108":{"start":{"line":248,"column":3},"end":{"line":266,"column":4}},"109":{"start":{"line":250,"column":4},"end":{"line":250,"column":63}},"110":{"start":{"line":251,"column":14},"end":{"line":251,"column":57}},"111":{"start":{"line":252,"column":4},"end":{"line":252,"column":43}},"112":{"start":{"line":253,"column":4},"end":{"line":253,"column":34}},"113":{"start":{"line":254,"column":4},"end":{"line":254,"column":51}},"114":{"start":{"line":255,"column":4},"end":{"line":255,"column":40}},"115":{"start":{"line":256,"column":15},"end":{"line":256,"column":34}},"116":{"start":{"line":257,"column":4},"end":{"line":265,"column":12}},"117":{"start":{"line":258,"column":5},"end":{"line":258,"column":20}},"118":{"start":{"line":260,"column":5},"end":{"line":260,"column":42}},"119":{"start":{"line":261,"column":5},"end":{"line":261,"column":40}},"120":{"start":{"line":262,"column":5},"end":{"line":262,"column":28}},"121":{"start":{"line":263,"column":5},"end":{"line":263,"column":31}},"122":{"start":{"line":264,"column":5},"end":{"line":264,"column":25}},"123":{"start":{"line":269,"column":3},"end":{"line":269,"column":9}},"124":{"start":{"line":272,"column":3},"end":{"line":272,"column":33}},"125":{"start":{"line":273,"column":3},"end":{"line":273,"column":25}},"126":{"start":{"line":274,"column":3},"end":{"line":274,"column":38}},"127":{"start":{"line":275,"column":3},"end":{"line":275,"column":29}},"128":{"start":{"line":276,"column":3},"end":{"line":276,"column":47}},"129":{"start":{"line":277,"column":3},"end":{"line":277,"column":9}},"130":{"start":{"line":279,"column":3},"end":{"line":279,"column":38}},"131":{"start":{"line":280,"column":3},"end":{"line":280,"column":27}},"132":{"start":{"line":281,"column":3},"end":{"line":281,"column":29}},"133":{"start":{"line":284,"column":3},"end":{"line":284,"column":9}},"134":{"start":{"line":287,"column":3},"end":{"line":287,"column":39}},"135":{"start":{"line":288,"column":3},"end":{"line":288,"column":34}},"136":{"start":{"line":289,"column":3},"end":{"line":289,"column":29}},"137":{"start":{"line":290,"column":3},"end":{"line":290,"column":9}},"138":{"start":{"line":295,"column":3},"end":{"line":298,"column":4}},"139":{"start":{"line":296,"column":4},"end":{"line":296,"column":16}},"140":{"start":{"line":297,"column":4},"end":{"line":297,"column":49}},"141":{"start":{"line":297,"column":27},"end":{"line":297,"column":39}},"142":{"start":{"line":300,"column":3},"end":{"line":300,"column":38}},"143":{"start":{"line":301,"column":3},"end":{"line":301,"column":27}},"144":{"start":{"line":302,"column":3},"end":{"line":302,"column":29}},"145":{"start":{"line":305,"column":3},"end":{"line":305,"column":9}},"146":{"start":{"line":318,"column":3},"end":{"line":318,"column":37}},"147":{"start":{"line":319,"column":3},"end":{"line":319,"column":30}},"148":{"start":{"line":320,"column":3},"end":{"line":320,"column":34}},"149":{"start":{"line":321,"column":3},"end":{"line":321,"column":29}},"150":{"start":{"line":322,"column":3},"end":{"line":322,"column":9}},"151":{"start":{"line":325,"column":3},"end":{"line":325,"column":9}},"152":{"start":{"line":327,"column":3},"end":{"line":327,"column":42}},"153":{"start":{"line":328,"column":3},"end":{"line":328,"column":9}},"154":{"start":{"line":333,"column":13},"end":{"line":333,"column":49}},"155":{"start":{"line":334,"column":15},"end":{"line":334,"column":40}},"156":{"start":{"line":335,"column":14},"end":{"line":335,"column":61}},"157":{"start":{"line":336,"column":1},"end":{"line":336,"column":15}},"158":{"start":{"line":340,"column":13},"end":{"line":340,"column":49}},"159":{"start":{"line":341,"column":12},"end":{"line":341,"column":43}},"160":{"start":{"line":342,"column":12},"end":{"line":342,"column":61}},"161":{"start":{"line":343,"column":1},"end":{"line":343,"column":35}},"162":{"start":{"line":346,"column":0},"end":{"line":379,"column":1}},"163":{"start":{"line":347,"column":1},"end":{"line":347,"column":29}},"164":{"start":{"line":350,"column":1},"end":{"line":353,"column":2}},"165":{"start":{"line":351,"column":2},"end":{"line":351,"column":49}},"166":{"start":{"line":352,"column":2},"end":{"line":352,"column":9}},"167":{"start":{"line":358,"column":9},"end":{"line":358,"column":39}},"168":{"start":{"line":360,"column":13},"end":{"line":360,"column":96}},"169":{"start":{"line":361,"column":1},"end":{"line":361,"column":25}},"170":{"start":{"line":363,"column":1},"end":{"line":363,"column":45}},"171":{"start":{"line":369,"column":17},"end":{"line":369,"column":38}},"172":{"start":{"line":370,"column":1},"end":{"line":370,"column":21}},"173":{"start":{"line":371,"column":1},"end":{"line":371,"column":32}},"174":{"start":{"line":372,"column":1},"end":{"line":372,"column":27}},"175":{"start":{"line":374,"column":1},"end":{"line":378,"column":2}},"176":{"start":{"line":375,"column":2},"end":{"line":375,"column":29}},"177":{"start":{"line":376,"column":2},"end":{"line":376,"column":29}},"178":{"start":{"line":377,"column":2},"end":{"line":377,"column":29}},"179":{"start":{"line":381,"column":0},"end":{"line":393,"column":1}},"180":{"start":{"line":382,"column":13},"end":{"line":382,"column":51}},"181":{"start":{"line":383,"column":1},"end":{"line":383,"column":41}},"182":{"start":{"line":385,"column":17},"end":{"line":385,"column":38}},"183":{"start":{"line":386,"column":1},"end":{"line":386,"column":21}},"184":{"start":{"line":387,"column":1},"end":{"line":392,"column":2}},"185":{"start":{"line":388,"column":2},"end":{"line":388,"column":29}},"186":{"start":{"line":389,"column":2},"end":{"line":389,"column":29}},"187":{"start":{"line":390,"column":2},"end":{"line":390,"column":41}},"188":{"start":{"line":391,"column":2},"end":{"line":391,"column":29}},"189":{"start":{"line":397,"column":0},"end":{"line":415,"column":1}},"190":{"start":{"line":398,"column":4},"end":{"line":414,"column":5}},"191":{"start":{"line":400,"column":12},"end":{"line":400,"column":34}},"192":{"start":{"line":401,"column":12},"end":{"line":401,"column":18}},"193":{"start":{"line":403,"column":12},"end":{"line":403,"column":34}},"194":{"start":{"line":404,"column":12},"end":{"line":404,"column":18}},"195":{"start":{"line":406,"column":12},"end":{"line":406,"column":33}},"196":{"start":{"line":407,"column":12},"end":{"line":407,"column":18}},"197":{"start":{"line":409,"column":12},"end":{"line":409,"column":31}},"198":{"start":{"line":410,"column":12},"end":{"line":410,"column":18}},"199":{"start":{"line":412,"column":12},"end":{"line":412,"column":33}},"200":{"start":{"line":413,"column":12},"end":{"line":413,"column":18}}},"fnMap":{"0":{"name":"(anonymous_0)","decl":{"start":{"line":1,"column":1},"end":{"line":1,"column":2}},"loc":{"start":{"line":1,"column":22},"end":{"line":417,"column":1}},"line":1},"1":{"name":"areWeTestingWithJest","decl":{"start":{"line":4,"column":9},"end":{"line":4,"column":29}},"loc":{"start":{"line":4,"column":32},"end":{"line":6,"column":1}},"line":4},"2":{"name":"typeToString","decl":{"start":{"line":70,"column":9},"end":{"line":70,"column":21}},"loc":{"start":{"line":70,"column":25},"end":{"line":76,"column":1}},"line":70},"3":{"name":"isEmpty","decl":{"start":{"line":79,"column":9},"end":{"line":79,"column":16}},"loc":{"start":{"line":79,"column":21},"end":{"line":81,"column":1}},"line":79},"4":{"name":"extract","decl":{"start":{"line":84,"column":15},"end":{"line":84,"column":22}},"loc":{"start":{"line":84,"column":28},"end":{"line":87,"column":1}},"line":84},"5":{"name":"(anonymous_5)","decl":{"start":{"line":86,"column":2},"end":{"line":86,"column":3}},"loc":{"start":{"line":86,"column":11},"end":{"line":86,"column":51}},"line":86},"6":{"name":"(anonymous_6)","decl":{"start":{"line":90,"column":18},"end":{"line":90,"column":19}},"loc":{"start":{"line":90,"column":28},"end":{"line":104,"column":1}},"line":90},"7":{"name":"(anonymous_7)","decl":{"start":{"line":94,"column":17},"end":{"line":94,"column":18}},"loc":{"start":{"line":94,"column":33},"end":{"line":96,"column":2}},"line":94},"8":{"name":"(anonymous_8)","decl":{"start":{"line":97,"column":15},"end":{"line":97,"column":16}},"loc":{"start":{"line":97,"column":30},"end":{"line":99,"column":2}},"line":97},"9":{"name":"(anonymous_9)","decl":{"start":{"line":100,"column":20},"end":{"line":100,"column":21}},"loc":{"start":{"line":100,"column":35},"end":{"line":103,"column":2}},"line":100},"10":{"name":"createFrame","decl":{"start":{"line":139,"column":9},"end":{"line":139,"column":20}},"loc":{"start":{"line":139,"column":41},"end":{"line":151,"column":1}},"line":139},"11":{"name":"createPayload","decl":{"start":{"line":153,"column":9},"end":{"line":153,"column":22}},"loc":{"start":{"line":153,"column":41},"end":{"line":195,"column":1}},"line":153},"12":{"name":"(anonymous_12)","decl":{"start":{"line":197,"column":36},"end":{"line":197,"column":37}},"loc":{"start":{"line":197,"column":54},"end":{"line":330,"column":1}},"line":197},"13":{"name":"(anonymous_13)","decl":{"start":{"line":257,"column":15},"end":{"line":257,"column":16}},"loc":{"start":{"line":257,"column":25},"end":{"line":265,"column":5}},"line":257},"14":{"name":"(anonymous_14)","decl":{"start":{"line":297,"column":15},"end":{"line":297,"column":16}},"loc":{"start":{"line":297,"column":25},"end":{"line":297,"column":41}},"line":297},"15":{"name":"encryptPayload","decl":{"start":{"line":332,"column":9},"end":{"line":332,"column":23}},"loc":{"start":{"line":332,"column":51},"end":{"line":337,"column":1}},"line":332},"16":{"name":"decryptPayload","decl":{"start":{"line":339,"column":9},"end":{"line":339,"column":23}},"loc":{"start":{"line":339,"column":62},"end":{"line":344,"column":1}},"line":339},"17":{"name":"(anonymous_17)","decl":{"start":{"line":346,"column":25},"end":{"line":346,"column":26}},"loc":{"start":{"line":346,"column":38},"end":{"line":379,"column":1}},"line":346},"18":{"name":"(anonymous_18)","decl":{"start":{"line":381,"column":28},"end":{"line":381,"column":29}},"loc":{"start":{"line":381,"column":38},"end":{"line":393,"column":1}},"line":381},"19":{"name":"(anonymous_19)","decl":{"start":{"line":397,"column":21},"end":{"line":397,"column":22}},"loc":{"start":{"line":397,"column":35},"end":{"line":415,"column":1}},"line":397}},"branchMap":{"0":{"loc":{"start":{"line":9,"column":0},"end":{"line":17,"column":1}},"type":"if","locations":[{"start":{"line":9,"column":0},"end":{"line":17,"column":1}},{"start":{"line":13,"column":7},"end":{"line":17,"column":1}}],"line":9},"1":{"loc":{"start":{"line":51,"column":0},"end":{"line":69,"column":1}},"type":"if","locations":[{"start":{"line":51,"column":0},"end":{"line":69,"column":1}},{"start":{"line":60,"column":7},"end":{"line":69,"column":1}}],"line":51},"2":{"loc":{"start":{"line":72,"column":2},"end":{"line":72,"column":29}},"type":"if","locations":[{"start":{"line":72,"column":2},"end":{"line":72,"column":29}},{"start":{},"end":{}}],"line":72},"3":{"loc":{"start":{"line":80,"column":9},"end":{"line":80,"column":40}},"type":"binary-expr","locations":[{"start":{"line":80,"column":9},"end":{"line":80,"column":13}},{"start":{"line":80,"column":17},"end":{"line":80,"column":40}}],"line":80},"4":{"loc":{"start":{"line":91,"column":25},"end":{"line":91,"column":79}},"type":"cond-expr","locations":[{"start":{"line":91,"column":65},"end":{"line":91,"column":71}},{"start":{"line":91,"column":74},"end":{"line":91,"column":79}}],"line":91},"5":{"loc":{"start":{"line":153,"column":29},"end":{"line":153,"column":40}},"type":"default-arg","locations":[{"start":{"line":153,"column":38},"end":{"line":153,"column":40}}],"line":153},"6":{"loc":{"start":{"line":158,"column":1},"end":{"line":193,"column":2}},"type":"switch","locations":[{"start":{"line":160,"column":2},"end":{"line":163,"column":8}},{"start":{"line":165,"column":2},"end":{"line":168,"column":8}},{"start":{"line":170,"column":2},"end":{"line":173,"column":8}},{"start":{"line":175,"column":2},"end":{"line":177,"column":8}},{"start":{"line":178,"column":2},"end":{"line":178,"column":21}},{"start":{"line":179,"column":2},"end":{"line":182,"column":8}},{"start":{"line":183,"column":2},"end":{"line":187,"column":8}},{"start":{"line":188,"column":2},"end":{"line":192,"column":8}}],"line":158},"7":{"loc":{"start":{"line":202,"column":1},"end":{"line":204,"column":2}},"type":"if","locations":[{"start":{"line":202,"column":1},"end":{"line":204,"column":2}},{"start":{},"end":{}}],"line":202},"8":{"loc":{"start":{"line":210,"column":1},"end":{"line":211,"column":9}},"type":"if","locations":[{"start":{"line":210,"column":1},"end":{"line":211,"column":9}},{"start":{},"end":{}}],"line":210},"9":{"loc":{"start":{"line":210,"column":4},"end":{"line":210,"column":85}},"type":"binary-expr","locations":[{"start":{"line":210,"column":4},"end":{"line":210,"column":35}},{"start":{"line":210,"column":40},"end":{"line":210,"column":61}},{"start":{"line":210,"column":65},"end":{"line":210,"column":83}}],"line":210},"10":{"loc":{"start":{"line":213,"column":1},"end":{"line":329,"column":2}},"type":"switch","locations":[{"start":{"line":215,"column":2},"end":{"line":233,"column":9}},{"start":{"line":234,"column":2},"end":{"line":269,"column":9}},{"start":{"line":270,"column":2},"end":{"line":277,"column":9}},{"start":{"line":278,"column":2},"end":{"line":284,"column":9}},{"start":{"line":285,"column":2},"end":{"line":290,"column":9}},{"start":{"line":292,"column":2},"end":{"line":305,"column":9}},{"start":{"line":307,"column":2},"end":{"line":322,"column":9}},{"start":{"line":324,"column":2},"end":{"line":325,"column":9}},{"start":{"line":326,"column":2},"end":{"line":328,"column":9}}],"line":213},"11":{"loc":{"start":{"line":221,"column":3},"end":{"line":231,"column":4}},"type":"if","locations":[{"start":{"line":221,"column":3},"end":{"line":231,"column":4}},{"start":{"line":226,"column":10},"end":{"line":231,"column":4}}],"line":221},"12":{"loc":{"start":{"line":236,"column":3},"end":{"line":236,"column":46}},"type":"if","locations":[{"start":{"line":236,"column":3},"end":{"line":236,"column":46}},{"start":{},"end":{}}],"line":236},"13":{"loc":{"start":{"line":248,"column":3},"end":{"line":266,"column":4}},"type":"if","locations":[{"start":{"line":248,"column":3},"end":{"line":266,"column":4}},{"start":{},"end":{}}],"line":248},"14":{"loc":{"start":{"line":295,"column":3},"end":{"line":298,"column":4}},"type":"if","locations":[{"start":{"line":295,"column":3},"end":{"line":298,"column":4}},{"start":{},"end":{}}],"line":295},"15":{"loc":{"start":{"line":350,"column":1},"end":{"line":353,"column":2}},"type":"if","locations":[{"start":{"line":350,"column":1},"end":{"line":353,"column":2}},{"start":{},"end":{}}],"line":350},"16":{"loc":{"start":{"line":374,"column":1},"end":{"line":378,"column":2}},"type":"if","locations":[{"start":{"line":374,"column":1},"end":{"line":378,"column":2}},{"start":{},"end":{}}],"line":374},"17":{"loc":{"start":{"line":387,"column":1},"end":{"line":392,"column":2}},"type":"if","locations":[{"start":{"line":387,"column":1},"end":{"line":392,"column":2}},{"start":{},"end":{}}],"line":387},"18":{"loc":{"start":{"line":398,"column":4},"end":{"line":414,"column":5}},"type":"switch","locations":[{"start":{"line":399,"column":8},"end":{"line":401,"column":18}},{"start":{"line":402,"column":8},"end":{"line":404,"column":18}},{"start":{"line":405,"column":8},"end":{"line":407,"column":18}},{"start":{"line":408,"column":8},"end":{"line":410,"column":18}},{"start":{"line":411,"column":8},"end":{"line":413,"column":18}}],"line":398},"19":{"loc":{"start":{"line":417,"column":3},"end":{"line":417,"column":111}},"type":"cond-expr","locations":[{"start":{"line":417,"column":53},"end":{"line":417,"column":67}},{"start":{"line":417,"column":71},"end":{"line":417,"column":110}}],"line":417},"20":{"loc":{"start":{"line":417,"column":3},"end":{"line":417,"column":50}},"type":"binary-expr","locations":[{"start":{"line":417,"column":3},"end":{"line":417,"column":32}},{"start":{"line":417,"column":36},"end":{"line":417,"column":50}}],"line":417},"21":{"loc":{"start":{"line":417,"column":89},"end":{"line":417,"column":110}},"type":"binary-expr","locations":[{"start":{"line":417,"column":89},"end":{"line":417,"column":104}},{"start":{"line":417,"column":108},"end":{"line":417,"column":110}}],"line":417}},"s":{"0":1,"1":1,"2":1,"3":1,"4":1,"5":1,"6":0,"7":0,"8":1,"9":1,"10":1,"11":1,"12":1,"13":1,"14":1,"15":1,"16":1,"17":1,"18":1,"19":1,"20":1,"21":1,"22":1,"23":1,"24":1,"25":1,"26":1,"27":1,"28":1,"29":1,"30":1,"31":0,"32":0,"33":0,"34":0,"35":0,"36":0,"37":0,"38":0,"39":0,"40":0,"41":0,"42":0,"43":0,"44":0,"45":0,"46":1,"47":0,"48":0,"49":0,"50":0,"51":0,"52":0,"53":0,"54":0,"55":0,"56":0,"57":0,"58":0,"59":0,"60":0,"61":0,"62":0,"63":0,"64":0,"65":0,"66":0,"67":0,"68":0,"69":0,"70":0,"71":0,"72":0,"73":0,"74":0,"75":0,"76":0,"77":0,"78":0,"79":1,"80":0,"81":0,"82":0,"83":0,"84":0,"85":0,"86":0,"87":0,"88":0,"89":0,"90":0,"91":0,"92":0,"93":0,"94":0,"95":0,"96":0,"97":0,"98":0,"99":0,"100":0,"101":0,"102":0,"103":0,"104":0,"105":0,"106":0,"107":0,"108":0,"109":0,"110":0,"111":0,"112":0,"113":0,"114":0,"115":0,"116":0,"117":0,"118":0,"119":0,"120":0,"121":0,"122":0,"123":0,"124":0,"125":0,"126":0,"127":0,"128":0,"129":0,"130":0,"131":0,"132":0,"133":0,"134":0,"135":0,"136":0,"137":0,"138":0,"139":0,"140":0,"141":0,"142":0,"143":0,"144":0,"145":0,"146":0,"147":0,"148":0,"149":0,"150":0,"151":0,"152":0,"153":0,"154":4,"155":4,"156":4,"157":4,"158":4,"159":4,"160":4,"161":4,"162":1,"163":0,"164":0,"165":0,"166":0,"167":0,"168":0,"169":0,"170":0,"171":0,"172":0,"173":0,"174":0,"175":0,"176":0,"177":0,"178":0,"179":1,"180":0,"181":0,"182":0,"183":0,"184":0,"185":0,"186":0,"187":0,"188":0,"189":1,"190":8,"191":4,"192":0,"193":4,"194":0,"195":0,"196":0,"197":0,"198":0,"199":0,"200":0},"f":{"0":1,"1":1,"2":0,"3":0,"4":0,"5":0,"6":0,"7":0,"8":0,"9":0,"10":0,"11":0,"12":0,"13":0,"14":0,"15":4,"16":4,"17":0,"18":0,"19":8},"b":{"0":[1,0],"1":[1,0],"2":[0,0],"3":[0,0],"4":[0,0],"5":[0],"6":[0,0,0,0,0,0,0,0],"7":[0,0],"8":[0,0],"9":[0,0,0],"10":[0,0,0,0,0,0,0,0,0],"11":[0,0],"12":[0,0],"13":[0,0],"14":[0,0],"15":[0,0],"16":[0,0],"17":[0,0],"18":[4,4,0,0,0],"19":[1,0],"20":[1,1],"21":[0,0]},"_coverageSchema":"1a1c01bbd47fc00a2c39e90264f33305004495a9","hash":"9c8cbafb004ed387cfab0c5b33c899a580c1c021"}
,"/mnt/data/Dokumente/DHBW/Semester3/SoftwareEngineering/Project/Mc_Messenger/data/js/nacl-util.js": {"path":"/mnt/data/Dokumente/DHBW/Semester3/SoftwareEngineering/Project/Mc_Messenger/data/js/nacl-util.js","statementMap":{"0":{"start":{"line":3,"column":0},"end":{"line":81,"column":4}},"1":{"start":{"line":5,"column":2},"end":{"line":10,"column":3}},"2":{"start":{"line":5,"column":55},"end":{"line":5,"column":76}},"3":{"start":{"line":6,"column":7},"end":{"line":10,"column":3}},"4":{"start":{"line":6,"column":22},"end":{"line":6,"column":43}},"5":{"start":{"line":8,"column":4},"end":{"line":8,"column":19}},"6":{"start":{"line":9,"column":4},"end":{"line":9,"column":25}},"7":{"start":{"line":14,"column":13},"end":{"line":14,"column":15}},"8":{"start":{"line":17,"column":4},"end":{"line":19,"column":5}},"9":{"start":{"line":18,"column":6},"end":{"line":18,"column":46}},"10":{"start":{"line":22,"column":2},"end":{"line":27,"column":4}},"11":{"start":{"line":23,"column":4},"end":{"line":23,"column":70}},"12":{"start":{"line":23,"column":31},"end":{"line":23,"column":70}},"13":{"start":{"line":24,"column":15},"end":{"line":24,"column":46}},"14":{"start":{"line":24,"column":52},"end":{"line":24,"column":76}},"15":{"start":{"line":25,"column":4},"end":{"line":25,"column":58}},"16":{"start":{"line":25,"column":35},"end":{"line":25,"column":58}},"17":{"start":{"line":26,"column":4},"end":{"line":26,"column":13}},"18":{"start":{"line":29,"column":2},"end":{"line":33,"column":4}},"19":{"start":{"line":30,"column":15},"end":{"line":30,"column":17}},"20":{"start":{"line":31,"column":4},"end":{"line":31,"column":73}},"21":{"start":{"line":31,"column":37},"end":{"line":31,"column":73}},"22":{"start":{"line":32,"column":4},"end":{"line":32,"column":50}},"23":{"start":{"line":35,"column":2},"end":{"line":77,"column":3}},"24":{"start":{"line":38,"column":4},"end":{"line":59,"column":5}},"25":{"start":{"line":40,"column":6},"end":{"line":42,"column":8}},"26":{"start":{"line":41,"column":10},"end":{"line":41,"column":53}},"27":{"start":{"line":44,"column":6},"end":{"line":47,"column":8}},"28":{"start":{"line":45,"column":8},"end":{"line":45,"column":26}},"29":{"start":{"line":46,"column":8},"end":{"line":46,"column":87}},"30":{"start":{"line":51,"column":6},"end":{"line":53,"column":8}},"31":{"start":{"line":52,"column":8},"end":{"line":52,"column":52}},"32":{"start":{"line":55,"column":6},"end":{"line":58,"column":8}},"33":{"start":{"line":56,"column":8},"end":{"line":56,"column":26}},"34":{"start":{"line":57,"column":8},"end":{"line":57,"column":86}},"35":{"start":{"line":64,"column":4},"end":{"line":68,"column":6}},"36":{"start":{"line":65,"column":17},"end":{"line":65,"column":19}},"37":{"start":{"line":65,"column":27},"end":{"line":65,"column":37}},"38":{"start":{"line":66,"column":6},"end":{"line":66,"column":68}},"39":{"start":{"line":66,"column":32},"end":{"line":66,"column":68}},"40":{"start":{"line":67,"column":6},"end":{"line":67,"column":30}},"41":{"start":{"line":70,"column":4},"end":{"line":75,"column":6}},"42":{"start":{"line":71,"column":6},"end":{"line":71,"column":24}},"43":{"start":{"line":72,"column":17},"end":{"line":72,"column":24}},"44":{"start":{"line":72,"column":30},"end":{"line":72,"column":54}},"45":{"start":{"line":73,"column":6},"end":{"line":73,"column":60}},"46":{"start":{"line":73,"column":37},"end":{"line":73,"column":60}},"47":{"start":{"line":74,"column":6},"end":{"line":74,"column":15}},"48":{"start":{"line":79,"column":2},"end":{"line":79,"column":14}}},"fnMap":{"0":{"name":"(anonymous_0)","decl":{"start":{"line":3,"column":1},"end":{"line":3,"column":2}},"loc":{"start":{"line":3,"column":19},"end":{"line":11,"column":1}},"line":3},"1":{"name":"(anonymous_1)","decl":{"start":{"line":11,"column":8},"end":{"line":11,"column":9}},"loc":{"start":{"line":11,"column":19},"end":{"line":81,"column":1}},"line":11},"2":{"name":"validateBase64","decl":{"start":{"line":16,"column":11},"end":{"line":16,"column":25}},"loc":{"start":{"line":16,"column":29},"end":{"line":20,"column":3}},"line":16},"3":{"name":"(anonymous_3)","decl":{"start":{"line":22,"column":20},"end":{"line":22,"column":21}},"loc":{"start":{"line":22,"column":32},"end":{"line":27,"column":3}},"line":22},"4":{"name":"(anonymous_4)","decl":{"start":{"line":29,"column":20},"end":{"line":29,"column":21}},"loc":{"start":{"line":29,"column":34},"end":{"line":33,"column":3}},"line":29},"5":{"name":"(anonymous_5)","decl":{"start":{"line":40,"column":26},"end":{"line":40,"column":27}},"loc":{"start":{"line":40,"column":41},"end":{"line":42,"column":7}},"line":40},"6":{"name":"(anonymous_6)","decl":{"start":{"line":44,"column":26},"end":{"line":44,"column":27}},"loc":{"start":{"line":44,"column":39},"end":{"line":47,"column":7}},"line":44},"7":{"name":"(anonymous_7)","decl":{"start":{"line":51,"column":26},"end":{"line":51,"column":27}},"loc":{"start":{"line":51,"column":41},"end":{"line":53,"column":7}},"line":51},"8":{"name":"(anonymous_8)","decl":{"start":{"line":55,"column":26},"end":{"line":55,"column":27}},"loc":{"start":{"line":55,"column":38},"end":{"line":58,"column":7}},"line":55},"9":{"name":"(anonymous_9)","decl":{"start":{"line":64,"column":24},"end":{"line":64,"column":25}},"loc":{"start":{"line":64,"column":38},"end":{"line":68,"column":5}},"line":64},"10":{"name":"(anonymous_10)","decl":{"start":{"line":70,"column":24},"end":{"line":70,"column":25}},"loc":{"start":{"line":70,"column":36},"end":{"line":75,"column":5}},"line":70}},"branchMap":{"0":{"loc":{"start":{"line":5,"column":2},"end":{"line":10,"column":3}},"type":"if","locations":[{"start":{"line":5,"column":2},"end":{"line":10,"column":3}},{"start":{"line":6,"column":7},"end":{"line":10,"column":3}}],"line":5},"1":{"loc":{"start":{"line":5,"column":6},"end":{"line":5,"column":53}},"type":"binary-expr","locations":[{"start":{"line":5,"column":6},"end":{"line":5,"column":35}},{"start":{"line":5,"column":39},"end":{"line":5,"column":53}}],"line":5},"2":{"loc":{"start":{"line":6,"column":7},"end":{"line":10,"column":3}},"type":"if","locations":[{"start":{"line":6,"column":7},"end":{"line":10,"column":3}},{"start":{"line":7,"column":7},"end":{"line":10,"column":3}}],"line":6},"3":{"loc":{"start":{"line":17,"column":4},"end":{"line":19,"column":5}},"type":"if","locations":[{"start":{"line":17,"column":4},"end":{"line":19,"column":5}},{"start":{},"end":{}}],"line":17},"4":{"loc":{"start":{"line":23,"column":4},"end":{"line":23,"column":70}},"type":"if","locations":[{"start":{"line":23,"column":4},"end":{"line":23,"column":70}},{"start":{},"end":{}}],"line":23},"5":{"loc":{"start":{"line":35,"column":2},"end":{"line":77,"column":3}},"type":"if","locations":[{"start":{"line":35,"column":2},"end":{"line":77,"column":3}},{"start":{"line":61,"column":9},"end":{"line":77,"column":3}}],"line":35},"6":{"loc":{"start":{"line":38,"column":4},"end":{"line":59,"column":5}},"type":"if","locations":[{"start":{"line":38,"column":4},"end":{"line":59,"column":5}},{"start":{"line":49,"column":11},"end":{"line":59,"column":5}}],"line":38}},"s":{"0":1,"1":1,"2":1,"3":0,"4":0,"5":0,"6":0,"7":1,"8":0,"9":0,"10":1,"11":4,"12":0,"13":4,"14":4,"15":4,"16":61,"17":4,"18":1,"19":4,"20":4,"21":61,"22":4,"23":1,"24":0,"25":0,"26":0,"27":0,"28":0,"29":0,"30":0,"31":0,"32":0,"33":0,"34":0,"35":1,"36":0,"37":0,"38":0,"39":0,"40":0,"41":1,"42":0,"43":0,"44":0,"45":0,"46":0,"47":0,"48":1},"f":{"0":1,"1":1,"2":0,"3":4,"4":4,"5":0,"6":0,"7":0,"8":0,"9":0,"10":0},"b":{"0":[1,0],"1":[1,1],"2":[0,0],"3":[0,0],"4":[0,4],"5":[0,1],"6":[0,0]},"_coverageSchema":"1a1c01bbd47fc00a2c39e90264f33305004495a9","hash":"612dd35cf9140524b59f5e6aeb2e7c07e5f08c3f"}
,"/mnt/data/Dokumente/DHBW/Semester3/SoftwareEngineering/Project/Mc_Messenger/data/js/nacl.js": {"path":"/mnt/data/Dokumente/DHBW/Semester3/SoftwareEngineering/Project/Mc_Messenger/data/js/nacl.js","statementMap":{"0":{"start":{"line":1,"column":0},"end":{"line":1178,"column":101}},"1":{"start":{"line":10,"column":10},"end":{"line":10,"column":70}},"2":{"start":{"line":10,"column":27},"end":{"line":10,"column":47}},"3":{"start":{"line":10,"column":48},"end":{"line":10,"column":68}},"4":{"start":{"line":11,"column":9},"end":{"line":15,"column":1}},"5":{"start":{"line":12,"column":13},"end":{"line":12,"column":33}},"6":{"start":{"line":13,"column":2},"end":{"line":13,"column":61}},"7":{"start":{"line":13,"column":12},"end":{"line":13,"column":61}},"8":{"start":{"line":13,"column":46},"end":{"line":13,"column":61}},"9":{"start":{"line":14,"column":2},"end":{"line":14,"column":11}},"10":{"start":{"line":18,"column":18},"end":{"line":18,"column":70}},"11":{"start":{"line":18,"column":41},"end":{"line":18,"column":68}},"12":{"start":{"line":20,"column":9},"end":{"line":20,"column":27}},"13":{"start":{"line":21,"column":9},"end":{"line":21,"column":27}},"14":{"start":{"line":21,"column":29},"end":{"line":21,"column":39}},"15":{"start":{"line":23,"column":10},"end":{"line":23,"column":14}},"16":{"start":{"line":24,"column":10},"end":{"line":24,"column":17}},"17":{"start":{"line":25,"column":14},"end":{"line":25,"column":29}},"18":{"start":{"line":26,"column":8},"end":{"line":26,"column":140}},"19":{"start":{"line":27,"column":9},"end":{"line":27,"column":141}},"20":{"start":{"line":28,"column":8},"end":{"line":28,"column":140}},"21":{"start":{"line":29,"column":8},"end":{"line":29,"column":140}},"22":{"start":{"line":30,"column":8},"end":{"line":30,"column":140}},"23":{"start":{"line":32,"column":21},"end":{"line":32,"column":56}},"24":{"start":{"line":35,"column":10},"end":{"line":35,"column":23}},"25":{"start":{"line":36,"column":2},"end":{"line":36,"column":29}},"26":{"start":{"line":37,"column":2},"end":{"line":37,"column":29}},"27":{"start":{"line":38,"column":2},"end":{"line":38,"column":32}},"28":{"start":{"line":42,"column":10},"end":{"line":42,"column":64}},"29":{"start":{"line":43,"column":10},"end":{"line":43,"column":66}},"30":{"start":{"line":44,"column":2},"end":{"line":44,"column":23}},"31":{"start":{"line":49,"column":2},"end":{"line":49,"column":57}},"32":{"start":{"line":49,"column":28},"end":{"line":49,"column":45}},"33":{"start":{"line":49,"column":46},"end":{"line":49,"column":55}},"34":{"start":{"line":53,"column":2},"end":{"line":53,"column":31}},"35":{"start":{"line":54,"column":2},"end":{"line":54,"column":31}},"36":{"start":{"line":55,"column":2},"end":{"line":55,"column":31}},"37":{"start":{"line":56,"column":2},"end":{"line":56,"column":23}},"38":{"start":{"line":57,"column":2},"end":{"line":57,"column":32}},"39":{"start":{"line":58,"column":2},"end":{"line":58,"column":32}},"40":{"start":{"line":59,"column":2},"end":{"line":59,"column":32}},"41":{"start":{"line":60,"column":2},"end":{"line":60,"column":23}},"42":{"start":{"line":64,"column":12},"end":{"line":64,"column":13}},"43":{"start":{"line":65,"column":2},"end":{"line":65,"column":47}},"44":{"start":{"line":65,"column":26},"end":{"line":65,"column":47}},"45":{"start":{"line":66,"column":2},"end":{"line":66,"column":35}},"46":{"start":{"line":70,"column":2},"end":{"line":70,"column":26}},"47":{"start":{"line":74,"column":2},"end":{"line":74,"column":26}},"48":{"start":{"line":78,"column":10},"end":{"line":78,"column":29}},"49":{"start":{"line":78,"column":35},"end":{"line":78,"column":54}},"50":{"start":{"line":79,"column":10},"end":{"line":79,"column":29}},"51":{"start":{"line":79,"column":35},"end":{"line":79,"column":53}},"52":{"start":{"line":82,"column":2},"end":{"line":87,"column":3}},"53":{"start":{"line":83,"column":4},"end":{"line":83,"column":26}},"54":{"start":{"line":84,"column":4},"end":{"line":84,"column":26}},"55":{"start":{"line":85,"column":4},"end":{"line":85,"column":28}},"56":{"start":{"line":86,"column":4},"end":{"line":86,"column":30}},"57":{"start":{"line":89,"column":2},"end":{"line":89,"column":39}},"58":{"start":{"line":89,"column":27},"end":{"line":89,"column":39}},"59":{"start":{"line":91,"column":2},"end":{"line":101,"column":3}},"60":{"start":{"line":92,"column":4},"end":{"line":99,"column":5}},"61":{"start":{"line":93,"column":6},"end":{"line":93,"column":53}},"62":{"start":{"line":93,"column":30},"end":{"line":93,"column":53}},"63":{"start":{"line":94,"column":6},"end":{"line":94,"column":36}},"64":{"start":{"line":95,"column":6},"end":{"line":95,"column":36}},"65":{"start":{"line":96,"column":6},"end":{"line":96,"column":36}},"66":{"start":{"line":97,"column":6},"end":{"line":97,"column":36}},"67":{"start":{"line":98,"column":6},"end":{"line":98,"column":52}},"68":{"start":{"line":98,"column":30},"end":{"line":98,"column":52}},"69":{"start":{"line":100,"column":4},"end":{"line":100,"column":41}},"70":{"start":{"line":100,"column":29},"end":{"line":100,"column":41}},"71":{"start":{"line":103,"column":2},"end":{"line":115,"column":3}},"72":{"start":{"line":104,"column":4},"end":{"line":104,"column":54}},"73":{"start":{"line":104,"column":29},"end":{"line":104,"column":54}},"74":{"start":{"line":105,"column":4},"end":{"line":108,"column":5}},"75":{"start":{"line":106,"column":6},"end":{"line":106,"column":43}},"76":{"start":{"line":107,"column":6},"end":{"line":107,"column":45}},"77":{"start":{"line":109,"column":4},"end":{"line":112,"column":5}},"78":{"start":{"line":110,"column":6},"end":{"line":110,"column":27}},"79":{"start":{"line":111,"column":6},"end":{"line":111,"column":30}},"80":{"start":{"line":114,"column":4},"end":{"line":114,"column":65}},"81":{"start":{"line":114,"column":29},"end":{"line":114,"column":65}},"82":{"start":{"line":119,"column":2},"end":{"line":119,"column":26}},"83":{"start":{"line":120,"column":2},"end":{"line":120,"column":11}},"84":{"start":{"line":124,"column":2},"end":{"line":124,"column":25}},"85":{"start":{"line":125,"column":2},"end":{"line":125,"column":11}},"86":{"start":{"line":128,"column":12},"end":{"line":128,"column":101}},"87":{"start":{"line":132,"column":10},"end":{"line":132,"column":28}},"88":{"start":{"line":132,"column":34},"end":{"line":132,"column":52}},"89":{"start":{"line":134,"column":2},"end":{"line":134,"column":19}},"90":{"start":{"line":134,"column":10},"end":{"line":134,"column":19}},"91":{"start":{"line":135,"column":2},"end":{"line":135,"column":36}},"92":{"start":{"line":135,"column":27},"end":{"line":135,"column":36}},"93":{"start":{"line":136,"column":2},"end":{"line":136,"column":38}},"94":{"start":{"line":136,"column":26},"end":{"line":136,"column":38}},"95":{"start":{"line":137,"column":2},"end":{"line":149,"column":3}},"96":{"start":{"line":138,"column":4},"end":{"line":138,"column":37}},"97":{"start":{"line":139,"column":4},"end":{"line":139,"column":64}},"98":{"start":{"line":139,"column":29},"end":{"line":139,"column":64}},"99":{"start":{"line":140,"column":4},"end":{"line":140,"column":10}},"100":{"start":{"line":141,"column":4},"end":{"line":145,"column":5}},"101":{"start":{"line":142,"column":6},"end":{"line":142,"column":32}},"102":{"start":{"line":143,"column":6},"end":{"line":143,"column":22}},"103":{"start":{"line":144,"column":6},"end":{"line":144,"column":15}},"104":{"start":{"line":146,"column":4},"end":{"line":146,"column":12}},"105":{"start":{"line":147,"column":4},"end":{"line":147,"column":15}},"106":{"start":{"line":148,"column":4},"end":{"line":148,"column":22}},"107":{"start":{"line":148,"column":11},"end":{"line":148,"column":22}},"108":{"start":{"line":150,"column":2},"end":{"line":153,"column":3}},"109":{"start":{"line":151,"column":4},"end":{"line":151,"column":37}},"110":{"start":{"line":152,"column":4},"end":{"line":152,"column":63}},"111":{"start":{"line":152,"column":28},"end":{"line":152,"column":63}},"112":{"start":{"line":154,"column":2},"end":{"line":154,"column":11}},"113":{"start":{"line":158,"column":2},"end":{"line":158,"column":56}},"114":{"start":{"line":162,"column":10},"end":{"line":162,"column":28}},"115":{"start":{"line":163,"column":2},"end":{"line":163,"column":36}},"116":{"start":{"line":164,"column":2},"end":{"line":164,"column":58}},"117":{"start":{"line":168,"column":10},"end":{"line":168,"column":28}},"118":{"start":{"line":169,"column":2},"end":{"line":169,"column":36}},"119":{"start":{"line":170,"column":2},"end":{"line":170,"column":69}},"120":{"start":{"line":174,"column":13},"end":{"line":174,"column":14}},"121":{"start":{"line":175,"column":2},"end":{"line":179,"column":3}},"122":{"start":{"line":176,"column":4},"end":{"line":176,"column":38}},"123":{"start":{"line":177,"column":4},"end":{"line":177,"column":19}},"124":{"start":{"line":178,"column":4},"end":{"line":178,"column":13}},"125":{"start":{"line":182,"column":13},"end":{"line":184,"column":2}},"126":{"start":{"line":188,"column":10},"end":{"line":188,"column":29}},"127":{"start":{"line":188,"column":35},"end":{"line":188,"column":54}},"128":{"start":{"line":189,"column":10},"end":{"line":189,"column":29}},"129":{"start":{"line":189,"column":35},"end":{"line":189,"column":54}},"130":{"start":{"line":190,"column":10},"end":{"line":190,"column":29}},"131":{"start":{"line":191,"column":2},"end":{"line":191,"column":39}},"132":{"start":{"line":191,"column":27},"end":{"line":191,"column":39}},"133":{"start":{"line":192,"column":2},"end":{"line":192,"column":37}},"134":{"start":{"line":192,"column":27},"end":{"line":192,"column":37}},"135":{"start":{"line":193,"column":2},"end":{"line":193,"column":11}},"136":{"start":{"line":194,"column":2},"end":{"line":194,"column":12}},"137":{"start":{"line":195,"column":2},"end":{"line":195,"column":11}},"138":{"start":{"line":196,"column":2},"end":{"line":196,"column":12}},"139":{"start":{"line":197,"column":2},"end":{"line":197,"column":12}},"140":{"start":{"line":198,"column":2},"end":{"line":198,"column":13}},"141":{"start":{"line":199,"column":2},"end":{"line":199,"column":12}},"142":{"start":{"line":201,"column":2},"end":{"line":226,"column":3}},"143":{"start":{"line":202,"column":4},"end":{"line":202,"column":38}},"144":{"start":{"line":202,"column":29},"end":{"line":202,"column":38}},"145":{"start":{"line":203,"column":4},"end":{"line":203,"column":59}},"146":{"start":{"line":203,"column":42},"end":{"line":203,"column":59}},"147":{"start":{"line":204,"column":4},"end":{"line":204,"column":13}},"148":{"start":{"line":205,"column":4},"end":{"line":205,"column":14}},"149":{"start":{"line":205,"column":15},"end":{"line":205,"column":22}},"150":{"start":{"line":206,"column":4},"end":{"line":206,"column":17}},"151":{"start":{"line":207,"column":4},"end":{"line":210,"column":5}},"152":{"start":{"line":208,"column":6},"end":{"line":208,"column":15}},"153":{"start":{"line":209,"column":6},"end":{"line":209,"column":114}},"154":{"start":{"line":209,"column":31},"end":{"line":209,"column":114}},"155":{"start":{"line":211,"column":4},"end":{"line":211,"column":41}},"156":{"start":{"line":211,"column":29},"end":{"line":211,"column":41}},"157":{"start":{"line":212,"column":4},"end":{"line":212,"column":10}},"158":{"start":{"line":213,"column":4},"end":{"line":217,"column":5}},"159":{"start":{"line":214,"column":6},"end":{"line":214,"column":25}},"160":{"start":{"line":215,"column":6},"end":{"line":215,"column":21}},"161":{"start":{"line":216,"column":6},"end":{"line":216,"column":15}},"162":{"start":{"line":218,"column":4},"end":{"line":218,"column":24}},"163":{"start":{"line":218,"column":25},"end":{"line":218,"column":39}},"164":{"start":{"line":219,"column":4},"end":{"line":219,"column":28}},"165":{"start":{"line":220,"column":4},"end":{"line":224,"column":5}},"166":{"start":{"line":221,"column":6},"end":{"line":221,"column":25}},"167":{"start":{"line":222,"column":6},"end":{"line":222,"column":21}},"168":{"start":{"line":223,"column":6},"end":{"line":223,"column":15}},"169":{"start":{"line":225,"column":4},"end":{"line":225,"column":24}},"170":{"start":{"line":225,"column":25},"end":{"line":225,"column":35}},"171":{"start":{"line":228,"column":2},"end":{"line":228,"column":39}},"172":{"start":{"line":228,"column":27},"end":{"line":228,"column":39}},"173":{"start":{"line":229,"column":2},"end":{"line":229,"column":20}},"174":{"start":{"line":230,"column":2},"end":{"line":230,"column":27}},"175":{"start":{"line":231,"column":2},"end":{"line":231,"column":53}},"176":{"start":{"line":231,"column":27},"end":{"line":231,"column":53}},"177":{"start":{"line":233,"column":2},"end":{"line":233,"column":44}},"178":{"start":{"line":233,"column":27},"end":{"line":233,"column":44}},"179":{"start":{"line":234,"column":2},"end":{"line":234,"column":12}},"180":{"start":{"line":235,"column":2},"end":{"line":235,"column":15}},"181":{"start":{"line":236,"column":2},"end":{"line":236,"column":48}},"182":{"start":{"line":236,"column":27},"end":{"line":236,"column":48}},"183":{"start":{"line":237,"column":2},"end":{"line":237,"column":11}},"184":{"start":{"line":241,"column":10},"end":{"line":241,"column":28}},"185":{"start":{"line":242,"column":2},"end":{"line":242,"column":37}},"186":{"start":{"line":243,"column":2},"end":{"line":243,"column":38}},"187":{"start":{"line":248,"column":2},"end":{"line":248,"column":24}},"188":{"start":{"line":248,"column":14},"end":{"line":248,"column":24}},"189":{"start":{"line":249,"column":2},"end":{"line":249,"column":35}},"190":{"start":{"line":250,"column":2},"end":{"line":250,"column":46}},"191":{"start":{"line":251,"column":2},"end":{"line":251,"column":36}},"192":{"start":{"line":251,"column":27},"end":{"line":251,"column":36}},"193":{"start":{"line":252,"column":2},"end":{"line":252,"column":11}},"194":{"start":{"line":257,"column":10},"end":{"line":257,"column":28}},"195":{"start":{"line":258,"column":2},"end":{"line":258,"column":24}},"196":{"start":{"line":258,"column":14},"end":{"line":258,"column":24}},"197":{"start":{"line":259,"column":2},"end":{"line":259,"column":28}},"198":{"start":{"line":260,"column":2},"end":{"line":260,"column":71}},"199":{"start":{"line":260,"column":61},"end":{"line":260,"column":71}},"200":{"start":{"line":261,"column":2},"end":{"line":261,"column":35}},"201":{"start":{"line":262,"column":2},"end":{"line":262,"column":36}},"202":{"start":{"line":262,"column":27},"end":{"line":262,"column":36}},"203":{"start":{"line":263,"column":2},"end":{"line":263,"column":11}},"204":{"start":{"line":268,"column":2},"end":{"line":268,"column":41}},"205":{"start":{"line":268,"column":27},"end":{"line":268,"column":41}},"206":{"start":{"line":274,"column":2},"end":{"line":279,"column":3}},"207":{"start":{"line":275,"column":6},"end":{"line":275,"column":20}},"208":{"start":{"line":276,"column":6},"end":{"line":276,"column":35}},"209":{"start":{"line":277,"column":6},"end":{"line":277,"column":63}},"210":{"start":{"line":278,"column":6},"end":{"line":278,"column":26}},"211":{"start":{"line":283,"column":13},"end":{"line":283,"column":19}},"212":{"start":{"line":284,"column":2},"end":{"line":288,"column":3}},"213":{"start":{"line":284,"column":15},"end":{"line":284,"column":16}},"214":{"start":{"line":285,"column":4},"end":{"line":285,"column":26}},"215":{"start":{"line":286,"column":4},"end":{"line":286,"column":14}},"216":{"start":{"line":287,"column":4},"end":{"line":287,"column":14}},"217":{"start":{"line":293,"column":10},"end":{"line":293,"column":14}},"218":{"start":{"line":293,"column":20},"end":{"line":293,"column":24}},"219":{"start":{"line":294,"column":2},"end":{"line":294,"column":39}},"220":{"start":{"line":294,"column":27},"end":{"line":294,"column":39}},"221":{"start":{"line":295,"column":2},"end":{"line":295,"column":14}},"222":{"start":{"line":296,"column":2},"end":{"line":296,"column":14}},"223":{"start":{"line":297,"column":2},"end":{"line":297,"column":14}},"224":{"start":{"line":298,"column":2},"end":{"line":308,"column":3}},"225":{"start":{"line":299,"column":4},"end":{"line":299,"column":25}},"226":{"start":{"line":300,"column":4},"end":{"line":303,"column":5}},"227":{"start":{"line":301,"column":6},"end":{"line":301,"column":48}},"228":{"start":{"line":302,"column":6},"end":{"line":302,"column":23}},"229":{"start":{"line":304,"column":4},"end":{"line":304,"column":47}},"230":{"start":{"line":305,"column":4},"end":{"line":305,"column":24}},"231":{"start":{"line":306,"column":4},"end":{"line":306,"column":20}},"232":{"start":{"line":307,"column":4},"end":{"line":307,"column":24}},"233":{"start":{"line":309,"column":2},"end":{"line":312,"column":3}},"234":{"start":{"line":310,"column":4},"end":{"line":310,"column":25}},"235":{"start":{"line":311,"column":4},"end":{"line":311,"column":23}},"236":{"start":{"line":316,"column":10},"end":{"line":316,"column":28}},"237":{"start":{"line":316,"column":34},"end":{"line":316,"column":52}},"238":{"start":{"line":317,"column":2},"end":{"line":317,"column":18}},"239":{"start":{"line":318,"column":2},"end":{"line":318,"column":18}},"240":{"start":{"line":319,"column":2},"end":{"line":319,"column":38}},"241":{"start":{"line":323,"column":10},"end":{"line":323,"column":28}},"242":{"start":{"line":324,"column":2},"end":{"line":324,"column":18}},"243":{"start":{"line":325,"column":2},"end":{"line":325,"column":18}},"244":{"start":{"line":330,"column":2},"end":{"line":330,"column":59}},"245":{"start":{"line":330,"column":27},"end":{"line":330,"column":59}},"246":{"start":{"line":331,"column":2},"end":{"line":331,"column":18}},"247":{"start":{"line":336,"column":2},"end":{"line":336,"column":50}},"248":{"start":{"line":336,"column":27},"end":{"line":336,"column":50}},"249":{"start":{"line":341,"column":2},"end":{"line":341,"column":50}},"250":{"start":{"line":341,"column":27},"end":{"line":341,"column":50}},"251":{"start":{"line":345,"column":16},"end":{"line":345,"column":36}},"252":{"start":{"line":346,"column":2},"end":{"line":346,"column":36}},"253":{"start":{"line":346,"column":27},"end":{"line":346,"column":36}},"254":{"start":{"line":347,"column":2},"end":{"line":351,"column":3}},"255":{"start":{"line":348,"column":4},"end":{"line":350,"column":5}},"256":{"start":{"line":349,"column":6},"end":{"line":349,"column":28}},"257":{"start":{"line":352,"column":2},"end":{"line":354,"column":3}},"258":{"start":{"line":353,"column":4},"end":{"line":353,"column":25}},"259":{"start":{"line":355,"column":2},"end":{"line":355,"column":39}},"260":{"start":{"line":355,"column":27},"end":{"line":355,"column":39}},"261":{"start":{"line":356,"column":2},"end":{"line":356,"column":14}},"262":{"start":{"line":357,"column":2},"end":{"line":357,"column":14}},"263":{"start":{"line":361,"column":2},"end":{"line":361,"column":13}},"264":{"start":{"line":365,"column":10},"end":{"line":365,"column":14}},"265":{"start":{"line":367,"column":2},"end":{"line":367,"column":39}},"266":{"start":{"line":367,"column":27},"end":{"line":367,"column":39}},"267":{"start":{"line":368,"column":2},"end":{"line":371,"column":3}},"268":{"start":{"line":369,"column":4},"end":{"line":369,"column":12}},"269":{"start":{"line":370,"column":4},"end":{"line":370,"column":38}},"270":{"start":{"line":370,"column":27},"end":{"line":370,"column":38}},"271":{"start":{"line":372,"column":2},"end":{"line":372,"column":39}},"272":{"start":{"line":372,"column":27},"end":{"line":372,"column":39}},"273":{"start":{"line":376,"column":10},"end":{"line":376,"column":14}},"274":{"start":{"line":378,"column":2},"end":{"line":378,"column":39}},"275":{"start":{"line":378,"column":27},"end":{"line":378,"column":39}},"276":{"start":{"line":379,"column":2},"end":{"line":382,"column":3}},"277":{"start":{"line":380,"column":6},"end":{"line":380,"column":14}},"278":{"start":{"line":381,"column":6},"end":{"line":381,"column":29}},"279":{"start":{"line":381,"column":18},"end":{"line":381,"column":29}},"280":{"start":{"line":383,"column":2},"end":{"line":383,"column":39}},"281":{"start":{"line":383,"column":27},"end":{"line":383,"column":39}},"282":{"start":{"line":387,"column":10},"end":{"line":387,"column":28}},"283":{"start":{"line":388,"column":10},"end":{"line":388,"column":30}},"284":{"start":{"line":389,"column":10},"end":{"line":389,"column":14}},"285":{"start":{"line":389,"column":20},"end":{"line":389,"column":24}},"286":{"start":{"line":389,"column":30},"end":{"line":389,"column":34}},"287":{"start":{"line":390,"column":10},"end":{"line":390,"column":14}},"288":{"start":{"line":390,"column":20},"end":{"line":390,"column":24}},"289":{"start":{"line":390,"column":30},"end":{"line":390,"column":34}},"290":{"start":{"line":391,"column":2},"end":{"line":391,"column":39}},"291":{"start":{"line":391,"column":27},"end":{"line":391,"column":39}},"292":{"start":{"line":392,"column":2},"end":{"line":392,"column":23}},"293":{"start":{"line":393,"column":2},"end":{"line":393,"column":12}},"294":{"start":{"line":394,"column":2},"end":{"line":394,"column":19}},"295":{"start":{"line":395,"column":2},"end":{"line":398,"column":3}},"296":{"start":{"line":396,"column":4},"end":{"line":396,"column":14}},"297":{"start":{"line":397,"column":4},"end":{"line":397,"column":21}},"298":{"start":{"line":399,"column":2},"end":{"line":399,"column":14}},"299":{"start":{"line":400,"column":2},"end":{"line":424,"column":3}},"300":{"start":{"line":401,"column":4},"end":{"line":401,"column":27}},"301":{"start":{"line":402,"column":4},"end":{"line":402,"column":20}},"302":{"start":{"line":403,"column":4},"end":{"line":403,"column":20}},"303":{"start":{"line":404,"column":4},"end":{"line":404,"column":13}},"304":{"start":{"line":405,"column":4},"end":{"line":405,"column":13}},"305":{"start":{"line":406,"column":4},"end":{"line":406,"column":13}},"306":{"start":{"line":407,"column":4},"end":{"line":407,"column":13}},"307":{"start":{"line":408,"column":4},"end":{"line":408,"column":11}},"308":{"start":{"line":409,"column":4},"end":{"line":409,"column":11}},"309":{"start":{"line":410,"column":4},"end":{"line":410,"column":13}},"310":{"start":{"line":411,"column":4},"end":{"line":411,"column":13}},"311":{"start":{"line":412,"column":4},"end":{"line":412,"column":13}},"312":{"start":{"line":413,"column":4},"end":{"line":413,"column":13}},"313":{"start":{"line":414,"column":4},"end":{"line":414,"column":11}},"314":{"start":{"line":415,"column":4},"end":{"line":415,"column":13}},"315":{"start":{"line":416,"column":4},"end":{"line":416,"column":19}},"316":{"start":{"line":417,"column":4},"end":{"line":417,"column":13}},"317":{"start":{"line":418,"column":4},"end":{"line":418,"column":13}},"318":{"start":{"line":419,"column":4},"end":{"line":419,"column":13}},"319":{"start":{"line":420,"column":4},"end":{"line":420,"column":13}},"320":{"start":{"line":421,"column":4},"end":{"line":421,"column":11}},"321":{"start":{"line":422,"column":4},"end":{"line":422,"column":20}},"322":{"start":{"line":423,"column":4},"end":{"line":423,"column":20}},"323":{"start":{"line":425,"column":2},"end":{"line":430,"column":3}},"324":{"start":{"line":426,"column":4},"end":{"line":426,"column":17}},"325":{"start":{"line":427,"column":4},"end":{"line":427,"column":17}},"326":{"start":{"line":428,"column":4},"end":{"line":428,"column":17}},"327":{"start":{"line":429,"column":4},"end":{"line":429,"column":17}},"328":{"start":{"line":431,"column":12},"end":{"line":431,"column":26}},"329":{"start":{"line":432,"column":12},"end":{"line":432,"column":26}},"330":{"start":{"line":433,"column":2},"end":{"line":433,"column":20}},"331":{"start":{"line":434,"column":2},"end":{"line":434,"column":17}},"332":{"start":{"line":435,"column":2},"end":{"line":435,"column":19}},"333":{"start":{"line":436,"column":2},"end":{"line":436,"column":11}},"334":{"start":{"line":440,"column":2},"end":{"line":440,"column":37}},"335":{"start":{"line":444,"column":2},"end":{"line":444,"column":21}},"336":{"start":{"line":445,"column":2},"end":{"line":445,"column":38}},"337":{"start":{"line":449,"column":10},"end":{"line":449,"column":28}},"338":{"start":{"line":450,"column":2},"end":{"line":450,"column":29}},"339":{"start":{"line":451,"column":2},"end":{"line":451,"column":47}},"340":{"start":{"line":454,"column":25},"end":{"line":454,"column":41}},"341":{"start":{"line":455,"column":30},"end":{"line":455,"column":51}},"342":{"start":{"line":458,"column":10},"end":{"line":458,"column":28}},"343":{"start":{"line":459,"column":2},"end":{"line":459,"column":31}},"344":{"start":{"line":460,"column":2},"end":{"line":460,"column":43}},"345":{"start":{"line":464,"column":10},"end":{"line":464,"column":28}},"346":{"start":{"line":465,"column":2},"end":{"line":465,"column":31}},"347":{"start":{"line":466,"column":2},"end":{"line":466,"column":48}},"348":{"start":{"line":470,"column":10},"end":{"line":470,"column":11}},"349":{"start":{"line":470,"column":17},"end":{"line":470,"column":18}},"350":{"start":{"line":470,"column":24},"end":{"line":470,"column":25}},"351":{"start":{"line":470,"column":31},"end":{"line":470,"column":32}},"352":{"start":{"line":470,"column":40},"end":{"line":470,"column":45}},"353":{"start":{"line":471,"column":2},"end":{"line":476,"column":3}},"354":{"start":{"line":472,"column":4},"end":{"line":472,"column":24}},"355":{"start":{"line":473,"column":4},"end":{"line":473,"column":24}},"356":{"start":{"line":474,"column":4},"end":{"line":474,"column":19}},"357":{"start":{"line":474,"column":20},"end":{"line":474,"column":36}},"358":{"start":{"line":475,"column":4},"end":{"line":475,"column":19}},"359":{"start":{"line":475,"column":20},"end":{"line":475,"column":36}},"360":{"start":{"line":478,"column":2},"end":{"line":478,"column":18}},"361":{"start":{"line":479,"column":2},"end":{"line":479,"column":18}},"362":{"start":{"line":480,"column":2},"end":{"line":480,"column":18}},"363":{"start":{"line":482,"column":2},"end":{"line":482,"column":63}},"364":{"start":{"line":486,"column":2},"end":{"line":486,"column":66}},"365":{"start":{"line":490,"column":10},"end":{"line":490,"column":11}},"366":{"start":{"line":490,"column":17},"end":{"line":490,"column":18}},"367":{"start":{"line":491,"column":2},"end":{"line":494,"column":3}},"368":{"start":{"line":492,"column":4},"end":{"line":492,"column":25}},"369":{"start":{"line":493,"column":4},"end":{"line":493,"column":25}},"370":{"start":{"line":495,"column":2},"end":{"line":495,"column":23}},"371":{"start":{"line":499,"column":17},"end":{"line":499,"column":23}},"372":{"start":{"line":500,"column":2},"end":{"line":506,"column":3}},"373":{"start":{"line":501,"column":4},"end":{"line":501,"column":36}},"374":{"start":{"line":502,"column":4},"end":{"line":502,"column":36}},"375":{"start":{"line":503,"column":9},"end":{"line":506,"column":3}},"376":{"start":{"line":504,"column":4},"end":{"line":504,"column":36}},"377":{"start":{"line":505,"column":4},"end":{"line":505,"column":36}},"378":{"start":{"line":507,"column":2},"end":{"line":507,"column":23}},"379":{"start":{"line":511,"column":10},"end":{"line":511,"column":40}},"380":{"start":{"line":512,"column":10},"end":{"line":512,"column":40}},"381":{"start":{"line":513,"column":2},"end":{"line":513,"column":23}},"382":{"start":{"line":517,"column":10},"end":{"line":517,"column":55}},"383":{"start":{"line":518,"column":10},"end":{"line":518,"column":55}},"384":{"start":{"line":519,"column":2},"end":{"line":519,"column":23}},"385":{"start":{"line":522,"column":21},"end":{"line":522,"column":61}},"386":{"start":{"line":523,"column":21},"end":{"line":523,"column":61}},"387":{"start":{"line":524,"column":21},"end":{"line":524,"column":64}},"388":{"start":{"line":525,"column":21},"end":{"line":525,"column":64}},"389":{"start":{"line":527,"column":8},"end":{"line":568,"column":1}},"390":{"start":{"line":571,"column":10},"end":{"line":571,"column":12}},"391":{"start":{"line":571,"column":18},"end":{"line":571,"column":20}},"392":{"start":{"line":571,"column":26},"end":{"line":571,"column":28}},"393":{"start":{"line":571,"column":34},"end":{"line":571,"column":36}},"394":{"start":{"line":573,"column":2},"end":{"line":573,"column":53}},"395":{"start":{"line":573,"column":26},"end":{"line":573,"column":53}},"396":{"start":{"line":575,"column":12},"end":{"line":575,"column":13}},"397":{"start":{"line":576,"column":2},"end":{"line":598,"column":3}},"398":{"start":{"line":577,"column":4},"end":{"line":577,"column":53}},"399":{"start":{"line":577,"column":29},"end":{"line":577,"column":53}},"400":{"start":{"line":578,"column":4},"end":{"line":589,"column":5}},"401":{"start":{"line":579,"column":6},"end":{"line":579,"column":42}},"402":{"start":{"line":579,"column":30},"end":{"line":579,"column":42}},"403":{"start":{"line":580,"column":6},"end":{"line":580,"column":73}},"404":{"start":{"line":581,"column":6},"end":{"line":581,"column":59}},"405":{"start":{"line":582,"column":6},"end":{"line":582,"column":28}},"406":{"start":{"line":583,"column":6},"end":{"line":583,"column":48}},"407":{"start":{"line":583,"column":30},"end":{"line":583,"column":48}},"408":{"start":{"line":584,"column":6},"end":{"line":588,"column":7}},"409":{"start":{"line":585,"column":8},"end":{"line":587,"column":9}},"410":{"start":{"line":586,"column":10},"end":{"line":586,"column":85}},"411":{"start":{"line":591,"column":4},"end":{"line":594,"column":5}},"412":{"start":{"line":592,"column":6},"end":{"line":592,"column":31}},"413":{"start":{"line":593,"column":6},"end":{"line":593,"column":18}},"414":{"start":{"line":596,"column":4},"end":{"line":596,"column":15}},"415":{"start":{"line":597,"column":4},"end":{"line":597,"column":13}},"416":{"start":{"line":600,"column":2},"end":{"line":600,"column":45}},"417":{"start":{"line":600,"column":26},"end":{"line":600,"column":45}},"418":{"start":{"line":601,"column":2},"end":{"line":601,"column":11}},"419":{"start":{"line":604,"column":9},"end":{"line":613,"column":2}},"420":{"start":{"line":616,"column":10},"end":{"line":616,"column":28}},"421":{"start":{"line":616,"column":34},"end":{"line":616,"column":53}},"422":{"start":{"line":617,"column":13},"end":{"line":617,"column":14}},"423":{"start":{"line":619,"column":2},"end":{"line":619,"column":40}},"424":{"start":{"line":619,"column":27},"end":{"line":619,"column":40}},"425":{"start":{"line":621,"column":2},"end":{"line":621,"column":29}},"426":{"start":{"line":622,"column":2},"end":{"line":622,"column":11}},"427":{"start":{"line":624,"column":2},"end":{"line":624,"column":37}},"428":{"start":{"line":624,"column":28},"end":{"line":624,"column":37}},"429":{"start":{"line":625,"column":2},"end":{"line":625,"column":42}},"430":{"start":{"line":625,"column":26},"end":{"line":625,"column":42}},"431":{"start":{"line":626,"column":2},"end":{"line":626,"column":13}},"432":{"start":{"line":628,"column":2},"end":{"line":628,"column":26}},"433":{"start":{"line":629,"column":2},"end":{"line":629,"column":13}},"434":{"start":{"line":630,"column":2},"end":{"line":630,"column":54}},"435":{"start":{"line":631,"column":2},"end":{"line":631,"column":29}},"436":{"start":{"line":633,"column":2},"end":{"line":633,"column":41}},"437":{"start":{"line":633,"column":27},"end":{"line":633,"column":41}},"438":{"start":{"line":635,"column":2},"end":{"line":635,"column":11}},"439":{"start":{"line":639,"column":10},"end":{"line":639,"column":14}},"440":{"start":{"line":639,"column":20},"end":{"line":639,"column":24}},"441":{"start":{"line":639,"column":30},"end":{"line":639,"column":34}},"442":{"start":{"line":640,"column":10},"end":{"line":640,"column":14}},"443":{"start":{"line":640,"column":20},"end":{"line":640,"column":24}},"444":{"start":{"line":640,"column":30},"end":{"line":640,"column":34}},"445":{"start":{"line":641,"column":10},"end":{"line":641,"column":14}},"446":{"start":{"line":641,"column":20},"end":{"line":641,"column":24}},"447":{"start":{"line":641,"column":30},"end":{"line":641,"column":34}},"448":{"start":{"line":643,"column":2},"end":{"line":643,"column":19}},"449":{"start":{"line":644,"column":2},"end":{"line":644,"column":19}},"450":{"start":{"line":645,"column":2},"end":{"line":645,"column":13}},"451":{"start":{"line":646,"column":2},"end":{"line":646,"column":19}},"452":{"start":{"line":647,"column":2},"end":{"line":647,"column":19}},"453":{"start":{"line":648,"column":2},"end":{"line":648,"column":13}},"454":{"start":{"line":649,"column":2},"end":{"line":649,"column":19}},"455":{"start":{"line":650,"column":2},"end":{"line":650,"column":14}},"456":{"start":{"line":651,"column":2},"end":{"line":651,"column":19}},"457":{"start":{"line":652,"column":2},"end":{"line":652,"column":13}},"458":{"start":{"line":653,"column":2},"end":{"line":653,"column":13}},"459":{"start":{"line":654,"column":2},"end":{"line":654,"column":13}},"460":{"start":{"line":655,"column":2},"end":{"line":655,"column":13}},"461":{"start":{"line":656,"column":2},"end":{"line":656,"column":13}},"462":{"start":{"line":658,"column":2},"end":{"line":658,"column":16}},"463":{"start":{"line":659,"column":2},"end":{"line":659,"column":16}},"464":{"start":{"line":660,"column":2},"end":{"line":660,"column":16}},"465":{"start":{"line":661,"column":2},"end":{"line":661,"column":16}},"466":{"start":{"line":666,"column":2},"end":{"line":668,"column":3}},"467":{"start":{"line":667,"column":4},"end":{"line":667,"column":28}},"468":{"start":{"line":672,"column":11},"end":{"line":672,"column":15}},"469":{"start":{"line":672,"column":22},"end":{"line":672,"column":26}},"470":{"start":{"line":672,"column":33},"end":{"line":672,"column":37}},"471":{"start":{"line":673,"column":2},"end":{"line":673,"column":21}},"472":{"start":{"line":674,"column":2},"end":{"line":674,"column":18}},"473":{"start":{"line":675,"column":2},"end":{"line":675,"column":18}},"474":{"start":{"line":676,"column":2},"end":{"line":676,"column":19}},"475":{"start":{"line":677,"column":2},"end":{"line":677,"column":29}},"476":{"start":{"line":682,"column":2},"end":{"line":682,"column":22}},"477":{"start":{"line":683,"column":2},"end":{"line":683,"column":22}},"478":{"start":{"line":684,"column":2},"end":{"line":684,"column":22}},"479":{"start":{"line":685,"column":2},"end":{"line":685,"column":22}},"480":{"start":{"line":686,"column":2},"end":{"line":692,"column":3}},"481":{"start":{"line":687,"column":4},"end":{"line":687,"column":34}},"482":{"start":{"line":688,"column":4},"end":{"line":688,"column":19}},"483":{"start":{"line":689,"column":4},"end":{"line":689,"column":14}},"484":{"start":{"line":690,"column":4},"end":{"line":690,"column":14}},"485":{"start":{"line":691,"column":4},"end":{"line":691,"column":19}},"486":{"start":{"line":696,"column":10},"end":{"line":696,"column":34}},"487":{"start":{"line":697,"column":2},"end":{"line":697,"column":20}},"488":{"start":{"line":698,"column":2},"end":{"line":698,"column":20}},"489":{"start":{"line":699,"column":2},"end":{"line":699,"column":22}},"490":{"start":{"line":700,"column":2},"end":{"line":700,"column":16}},"491":{"start":{"line":701,"column":2},"end":{"line":701,"column":22}},"492":{"start":{"line":705,"column":10},"end":{"line":705,"column":28}},"493":{"start":{"line":706,"column":10},"end":{"line":706,"column":34}},"494":{"start":{"line":709,"column":2},"end":{"line":709,"column":35}},"495":{"start":{"line":709,"column":15},"end":{"line":709,"column":35}},"496":{"start":{"line":710,"column":2},"end":{"line":710,"column":25}},"497":{"start":{"line":711,"column":2},"end":{"line":711,"column":14}},"498":{"start":{"line":712,"column":2},"end":{"line":712,"column":15}},"499":{"start":{"line":713,"column":2},"end":{"line":713,"column":14}},"500":{"start":{"line":715,"column":2},"end":{"line":715,"column":19}},"501":{"start":{"line":716,"column":2},"end":{"line":716,"column":14}},"502":{"start":{"line":718,"column":2},"end":{"line":718,"column":44}},"503":{"start":{"line":718,"column":27},"end":{"line":718,"column":44}},"504":{"start":{"line":719,"column":2},"end":{"line":719,"column":11}},"505":{"start":{"line":722,"column":8},"end":{"line":722,"column":173}},"506":{"start":{"line":726,"column":2},"end":{"line":735,"column":3}},"507":{"start":{"line":727,"column":4},"end":{"line":727,"column":14}},"508":{"start":{"line":728,"column":4},"end":{"line":732,"column":5}},"509":{"start":{"line":729,"column":6},"end":{"line":729,"column":50}},"510":{"start":{"line":730,"column":6},"end":{"line":730,"column":45}},"511":{"start":{"line":731,"column":6},"end":{"line":731,"column":26}},"512":{"start":{"line":733,"column":4},"end":{"line":733,"column":18}},"513":{"start":{"line":734,"column":4},"end":{"line":734,"column":13}},"514":{"start":{"line":736,"column":2},"end":{"line":736,"column":12}},"515":{"start":{"line":737,"column":2},"end":{"line":741,"column":3}},"516":{"start":{"line":738,"column":4},"end":{"line":738,"column":40}},"517":{"start":{"line":739,"column":4},"end":{"line":739,"column":22}},"518":{"start":{"line":740,"column":4},"end":{"line":740,"column":16}},"519":{"start":{"line":742,"column":2},"end":{"line":742,"column":48}},"520":{"start":{"line":742,"column":27},"end":{"line":742,"column":48}},"521":{"start":{"line":743,"column":2},"end":{"line":746,"column":3}},"522":{"start":{"line":744,"column":4},"end":{"line":744,"column":24}},"523":{"start":{"line":745,"column":4},"end":{"line":745,"column":22}},"524":{"start":{"line":750,"column":10},"end":{"line":750,"column":30}},"525":{"start":{"line":751,"column":2},"end":{"line":751,"column":39}},"526":{"start":{"line":751,"column":27},"end":{"line":751,"column":39}},"527":{"start":{"line":752,"column":2},"end":{"line":752,"column":36}},"528":{"start":{"line":752,"column":27},"end":{"line":752,"column":36}},"529":{"start":{"line":753,"column":2},"end":{"line":753,"column":13}},"530":{"start":{"line":758,"column":10},"end":{"line":758,"column":28}},"531":{"start":{"line":758,"column":34},"end":{"line":758,"column":52}},"532":{"start":{"line":758,"column":58},"end":{"line":758,"column":76}},"533":{"start":{"line":759,"column":16},"end":{"line":759,"column":36}},"534":{"start":{"line":760,"column":10},"end":{"line":760,"column":34}},"535":{"start":{"line":762,"column":2},"end":{"line":762,"column":25}},"536":{"start":{"line":763,"column":2},"end":{"line":763,"column":14}},"537":{"start":{"line":764,"column":2},"end":{"line":764,"column":15}},"538":{"start":{"line":765,"column":2},"end":{"line":765,"column":14}},"539":{"start":{"line":767,"column":14},"end":{"line":767,"column":20}},"540":{"start":{"line":768,"column":2},"end":{"line":768,"column":44}},"541":{"start":{"line":768,"column":26},"end":{"line":768,"column":44}},"542":{"start":{"line":769,"column":2},"end":{"line":769,"column":50}},"543":{"start":{"line":769,"column":27},"end":{"line":769,"column":50}},"544":{"start":{"line":771,"column":2},"end":{"line":771,"column":40}},"545":{"start":{"line":772,"column":2},"end":{"line":772,"column":12}},"546":{"start":{"line":773,"column":2},"end":{"line":773,"column":19}},"547":{"start":{"line":774,"column":2},"end":{"line":774,"column":14}},"548":{"start":{"line":776,"column":2},"end":{"line":776,"column":42}},"549":{"start":{"line":776,"column":28},"end":{"line":776,"column":42}},"550":{"start":{"line":777,"column":2},"end":{"line":777,"column":29}},"551":{"start":{"line":778,"column":2},"end":{"line":778,"column":12}},"552":{"start":{"line":780,"column":2},"end":{"line":780,"column":36}},"553":{"start":{"line":780,"column":27},"end":{"line":780,"column":36}},"554":{"start":{"line":781,"column":2},"end":{"line":781,"column":39}},"555":{"start":{"line":781,"column":27},"end":{"line":781,"column":39}},"556":{"start":{"line":782,"column":2},"end":{"line":786,"column":3}},"557":{"start":{"line":783,"column":4},"end":{"line":785,"column":5}},"558":{"start":{"line":784,"column":6},"end":{"line":784,"column":28}},"559":{"start":{"line":788,"column":2},"end":{"line":788,"column":27}},"560":{"start":{"line":789,"column":2},"end":{"line":789,"column":15}},"561":{"start":{"line":793,"column":10},"end":{"line":793,"column":14}},"562":{"start":{"line":793,"column":22},"end":{"line":793,"column":26}},"563":{"start":{"line":793,"column":34},"end":{"line":793,"column":38}},"564":{"start":{"line":794,"column":12},"end":{"line":794,"column":16}},"565":{"start":{"line":794,"column":25},"end":{"line":794,"column":29}},"566":{"start":{"line":794,"column":38},"end":{"line":794,"column":42}},"567":{"start":{"line":795,"column":13},"end":{"line":795,"column":17}},"568":{"start":{"line":797,"column":2},"end":{"line":797,"column":22}},"569":{"start":{"line":798,"column":2},"end":{"line":798,"column":23}},"570":{"start":{"line":799,"column":2},"end":{"line":799,"column":15}},"571":{"start":{"line":800,"column":2},"end":{"line":800,"column":17}},"572":{"start":{"line":801,"column":2},"end":{"line":801,"column":20}},"573":{"start":{"line":802,"column":2},"end":{"line":802,"column":20}},"574":{"start":{"line":804,"column":2},"end":{"line":804,"column":15}},"575":{"start":{"line":805,"column":2},"end":{"line":805,"column":16}},"576":{"start":{"line":806,"column":2},"end":{"line":806,"column":22}},"577":{"start":{"line":807,"column":2},"end":{"line":807,"column":18}},"578":{"start":{"line":808,"column":2},"end":{"line":808,"column":15}},"579":{"start":{"line":810,"column":2},"end":{"line":810,"column":16}},"580":{"start":{"line":811,"column":2},"end":{"line":811,"column":15}},"581":{"start":{"line":812,"column":2},"end":{"line":812,"column":15}},"582":{"start":{"line":813,"column":2},"end":{"line":813,"column":15}},"583":{"start":{"line":814,"column":2},"end":{"line":814,"column":18}},"584":{"start":{"line":816,"column":2},"end":{"line":816,"column":15}},"585":{"start":{"line":817,"column":2},"end":{"line":817,"column":19}},"586":{"start":{"line":818,"column":2},"end":{"line":818,"column":43}},"587":{"start":{"line":818,"column":26},"end":{"line":818,"column":43}},"588":{"start":{"line":820,"column":2},"end":{"line":820,"column":15}},"589":{"start":{"line":821,"column":2},"end":{"line":821,"column":19}},"590":{"start":{"line":822,"column":2},"end":{"line":822,"column":36}},"591":{"start":{"line":822,"column":26},"end":{"line":822,"column":36}},"592":{"start":{"line":824,"column":2},"end":{"line":824,"column":56}},"593":{"start":{"line":824,"column":37},"end":{"line":824,"column":56}},"594":{"start":{"line":826,"column":2},"end":{"line":826,"column":22}},"595":{"start":{"line":827,"column":2},"end":{"line":827,"column":11}},"596":{"start":{"line":832,"column":10},"end":{"line":832,"column":28}},"597":{"start":{"line":832,"column":34},"end":{"line":832,"column":52}},"598":{"start":{"line":833,"column":10},"end":{"line":833,"column":34}},"599":{"start":{"line":834,"column":10},"end":{"line":834,"column":34}},"600":{"start":{"line":836,"column":2},"end":{"line":836,"column":24}},"601":{"start":{"line":836,"column":14},"end":{"line":836,"column":24}},"602":{"start":{"line":838,"column":2},"end":{"line":838,"column":34}},"603":{"start":{"line":838,"column":24},"end":{"line":838,"column":34}},"604":{"start":{"line":840,"column":2},"end":{"line":840,"column":39}},"605":{"start":{"line":840,"column":26},"end":{"line":840,"column":39}},"606":{"start":{"line":841,"column":2},"end":{"line":841,"column":43}},"607":{"start":{"line":841,"column":27},"end":{"line":841,"column":43}},"608":{"start":{"line":842,"column":2},"end":{"line":842,"column":23}},"609":{"start":{"line":843,"column":2},"end":{"line":843,"column":12}},"610":{"start":{"line":844,"column":2},"end":{"line":844,"column":22}},"611":{"start":{"line":846,"column":2},"end":{"line":846,"column":33}},"612":{"start":{"line":847,"column":2},"end":{"line":847,"column":12}},"613":{"start":{"line":848,"column":2},"end":{"line":848,"column":13}},"614":{"start":{"line":850,"column":2},"end":{"line":850,"column":10}},"615":{"start":{"line":851,"column":2},"end":{"line":854,"column":3}},"616":{"start":{"line":852,"column":4},"end":{"line":852,"column":37}},"617":{"start":{"line":852,"column":28},"end":{"line":852,"column":37}},"618":{"start":{"line":853,"column":4},"end":{"line":853,"column":14}},"619":{"start":{"line":856,"column":2},"end":{"line":856,"column":44}},"620":{"start":{"line":856,"column":26},"end":{"line":856,"column":44}},"621":{"start":{"line":857,"column":2},"end":{"line":857,"column":11}},"622":{"start":{"line":860,"column":32},"end":{"line":860,"column":34}},"623":{"start":{"line":861,"column":34},"end":{"line":861,"column":36}},"624":{"start":{"line":862,"column":33},"end":{"line":862,"column":35}},"625":{"start":{"line":863,"column":36},"end":{"line":863,"column":38}},"626":{"start":{"line":864,"column":30},"end":{"line":864,"column":32}},"627":{"start":{"line":865,"column":36},"end":{"line":865,"column":38}},"628":{"start":{"line":866,"column":32},"end":{"line":866,"column":34}},"629":{"start":{"line":867,"column":32},"end":{"line":867,"column":34}},"630":{"start":{"line":868,"column":31},"end":{"line":868,"column":33}},"631":{"start":{"line":869,"column":28},"end":{"line":869,"column":55}},"632":{"start":{"line":870,"column":27},"end":{"line":870,"column":53}},"633":{"start":{"line":871,"column":30},"end":{"line":871,"column":59}},"634":{"start":{"line":872,"column":24},"end":{"line":872,"column":26}},"635":{"start":{"line":873,"column":33},"end":{"line":873,"column":35}},"636":{"start":{"line":874,"column":33},"end":{"line":874,"column":35}},"637":{"start":{"line":875,"column":28},"end":{"line":875,"column":30}},"638":{"start":{"line":876,"column":24},"end":{"line":876,"column":26}},"639":{"start":{"line":878,"column":0},"end":{"line":935,"column":2}},"640":{"start":{"line":940,"column":2},"end":{"line":940,"column":78}},"641":{"start":{"line":940,"column":46},"end":{"line":940,"column":78}},"642":{"start":{"line":941,"column":2},"end":{"line":941,"column":82}},"643":{"start":{"line":941,"column":48},"end":{"line":941,"column":82}},"644":{"start":{"line":945,"column":2},"end":{"line":945,"column":86}},"645":{"start":{"line":945,"column":47},"end":{"line":945,"column":86}},"646":{"start":{"line":946,"column":2},"end":{"line":946,"column":86}},"647":{"start":{"line":946,"column":47},"end":{"line":946,"column":86}},"648":{"start":{"line":950,"column":2},"end":{"line":953,"column":3}},"649":{"start":{"line":950,"column":15},"end":{"line":950,"column":16}},"650":{"start":{"line":951,"co
[...]
09,"column":55},"end":{"line":209,"column":102}},"type":"cond-expr","locations":[{"start":{"line":209,"column":66},"end":{"line":209,"column":74}},{"start":{"line":209,"column":78},"end":{"line":209,"column":101}}],"line":209},"9":{"loc":{"start":{"line":248,"column":2},"end":{"line":248,"column":24}},"type":"if","locations":[{"start":{"line":248,"column":2},"end":{"line":248,"column":24}},{"start":{},"end":{}}],"line":248},"10":{"loc":{"start":{"line":258,"column":2},"end":{"line":258,"column":24}},"type":"if","locations":[{"start":{"line":258,"column":2},"end":{"line":258,"column":24}},{"start":{},"end":{}}],"line":258},"11":{"loc":{"start":{"line":260,"column":2},"end":{"line":260,"column":71}},"type":"if","locations":[{"start":{"line":260,"column":2},"end":{"line":260,"column":71}},{"start":{},"end":{}}],"line":260},"12":{"loc":{"start":{"line":277,"column":15},"end":{"line":277,"column":23}},"type":"cond-expr","locations":[{"start":{"line":277,"column":20},"end":{"line":277,"column":21}},{"start":{"line":277,"column":22},"end":{"line":277,"column":23}}],"line":277},"13":{"loc":{"start":{"line":277,"column":51},"end":{"line":277,"column":61}},"type":"cond-expr","locations":[{"start":{"line":277,"column":58},"end":{"line":277,"column":59}},{"start":{"line":277,"column":60},"end":{"line":277,"column":61}}],"line":277},"14":{"loc":{"start":{"line":370,"column":4},"end":{"line":370,"column":38}},"type":"if","locations":[{"start":{"line":370,"column":4},"end":{"line":370,"column":38}},{"start":{},"end":{}}],"line":370},"15":{"loc":{"start":{"line":370,"column":7},"end":{"line":370,"column":25}},"type":"binary-expr","locations":[{"start":{"line":370,"column":7},"end":{"line":370,"column":14}},{"start":{"line":370,"column":18},"end":{"line":370,"column":25}}],"line":370},"16":{"loc":{"start":{"line":381,"column":6},"end":{"line":381,"column":29}},"type":"if","locations":[{"start":{"line":381,"column":6},"end":{"line":381,"column":29}},{"start":{},"end":{}}],"line":381},"17":{"loc":{"start":{"line":500,"column":2},"end":{"line":506,"column":3}},"type":"if","locations":[{"start":{"line":500,"column":2},"end":{"line":506,"column":3}},{"start":{"line":503,"column":9},"end":{"line":506,"column":3}}],"line":500},"18":{"loc":{"start":{"line":503,"column":9},"end":{"line":506,"column":3}},"type":"if","locations":[{"start":{"line":503,"column":9},"end":{"line":506,"column":3}},{"start":{},"end":{}}],"line":503},"19":{"loc":{"start":{"line":584,"column":6},"end":{"line":588,"column":7}},"type":"if","locations":[{"start":{"line":584,"column":6},"end":{"line":588,"column":7}},{"start":{},"end":{}}],"line":584},"20":{"loc":{"start":{"line":628,"column":15},"end":{"line":628,"column":24}},"type":"cond-expr","locations":[{"start":{"line":628,"column":21},"end":{"line":628,"column":22}},{"start":{"line":628,"column":23},"end":{"line":628,"column":24}}],"line":628},"21":{"loc":{"start":{"line":709,"column":2},"end":{"line":709,"column":35}},"type":"if","locations":[{"start":{"line":709,"column":2},"end":{"line":709,"column":35}},{"start":{},"end":{}}],"line":709},"22":{"loc":{"start":{"line":818,"column":2},"end":{"line":818,"column":43}},"type":"if","locations":[{"start":{"line":818,"column":2},"end":{"line":818,"column":43}},{"start":{},"end":{}}],"line":818},"23":{"loc":{"start":{"line":822,"column":2},"end":{"line":822,"column":36}},"type":"if","locations":[{"start":{"line":822,"column":2},"end":{"line":822,"column":36}},{"start":{},"end":{}}],"line":822},"24":{"loc":{"start":{"line":824,"column":2},"end":{"line":824,"column":56}},"type":"if","locations":[{"start":{"line":824,"column":2},"end":{"line":824,"column":56}},{"start":{},"end":{}}],"line":824},"25":{"loc":{"start":{"line":836,"column":2},"end":{"line":836,"column":24}},"type":"if","locations":[{"start":{"line":836,"column":2},"end":{"line":836,"column":24}},{"start":{},"end":{}}],"line":836},"26":{"loc":{"start":{"line":838,"column":2},"end":{"line":838,"column":34}},"type":"if","locations":[{"start":{"line":838,"column":2},"end":{"line":838,"column":34}},{"start":{},"end":{}}],"line":838},"27":{"loc":{"start":{"line":851,"column":2},"end":{"line":854,"column":3}},"type":"if","locations":[{"start":{"line":851,"column":2},"end":{"line":854,"column":3}},{"start":{},"end":{}}],"line":851},"28":{"loc":{"start":{"line":940,"column":2},"end":{"line":940,"column":78}},"type":"if","locations":[{"start":{"line":940,"column":2},"end":{"line":940,"column":78}},{"start":{},"end":{}}],"line":940},"29":{"loc":{"start":{"line":941,"column":2},"end":{"line":941,"column":82}},"type":"if","locations":[{"start":{"line":941,"column":2},"end":{"line":941,"column":82}},{"start":{},"end":{}}],"line":941},"30":{"loc":{"start":{"line":945,"column":2},"end":{"line":945,"column":86}},"type":"if","locations":[{"start":{"line":945,"column":2},"end":{"line":945,"column":86}},{"start":{},"end":{}}],"line":945},"31":{"loc":{"start":{"line":946,"column":2},"end":{"line":946,"column":86}},"type":"if","locations":[{"start":{"line":946,"column":2},"end":{"line":946,"column":86}},{"start":{},"end":{}}],"line":946},"32":{"loc":{"start":{"line":951,"column":4},"end":{"line":952,"column":61}},"type":"if","locations":[{"start":{"line":951,"column":4},"end":{"line":952,"column":61}},{"start":{},"end":{}}],"line":951},"33":{"loc":{"start":{"line":982,"column":2},"end":{"line":982,"column":33}},"type":"if","locations":[{"start":{"line":982,"column":2},"end":{"line":982,"column":33}},{"start":{},"end":{}}],"line":982},"34":{"loc":{"start":{"line":983,"column":2},"end":{"line":983,"column":75}},"type":"if","locations":[{"start":{"line":983,"column":2},"end":{"line":983,"column":75}},{"start":{},"end":{}}],"line":983},"35":{"loc":{"start":{"line":993,"column":2},"end":{"line":993,"column":80}},"type":"if","locations":[{"start":{"line":993,"column":2},"end":{"line":993,"column":80}},{"start":{},"end":{}}],"line":993},"36":{"loc":{"start":{"line":994,"column":2},"end":{"line":994,"column":74}},"type":"if","locations":[{"start":{"line":994,"column":2},"end":{"line":994,"column":74}},{"start":{},"end":{}}],"line":994},"37":{"loc":{"start":{"line":1002,"column":2},"end":{"line":1002,"column":80}},"type":"if","locations":[{"start":{"line":1002,"column":2},"end":{"line":1002,"column":80}},{"start":{},"end":{}}],"line":1002},"38":{"loc":{"start":{"line":1042,"column":2},"end":{"line":1043,"column":43}},"type":"if","locations":[{"start":{"line":1042,"column":2},"end":{"line":1043,"column":43}},{"start":{},"end":{}}],"line":1042},"39":{"loc":{"start":{"line":1057,"column":2},"end":{"line":1058,"column":43}},"type":"if","locations":[{"start":{"line":1057,"column":2},"end":{"line":1058,"column":43}},{"start":{},"end":{}}],"line":1057},"40":{"loc":{"start":{"line":1066,"column":2},"end":{"line":1067,"column":43}},"type":"if","locations":[{"start":{"line":1066,"column":2},"end":{"line":1067,"column":43}},{"start":{},"end":{}}],"line":1066},"41":{"loc":{"start":{"line":1070,"column":2},"end":{"line":1070,"column":28}},"type":"if","locations":[{"start":{"line":1070,"column":2},"end":{"line":1070,"column":28}},{"start":{},"end":{}}],"line":1070},"42":{"loc":{"start":{"line":1085,"column":2},"end":{"line":1086,"column":42}},"type":"if","locations":[{"start":{"line":1085,"column":2},"end":{"line":1086,"column":42}},{"start":{},"end":{}}],"line":1085},"43":{"loc":{"start":{"line":1087,"column":2},"end":{"line":1088,"column":43}},"type":"if","locations":[{"start":{"line":1087,"column":2},"end":{"line":1088,"column":43}},{"start":{},"end":{}}],"line":1087},"44":{"loc":{"start":{"line":1106,"column":2},"end":{"line":1107,"column":43}},"type":"if","locations":[{"start":{"line":1106,"column":2},"end":{"line":1107,"column":43}},{"start":{},"end":{}}],"line":1106},"45":{"loc":{"start":{"line":1115,"column":2},"end":{"line":1116,"column":37}},"type":"if","locations":[{"start":{"line":1115,"column":2},"end":{"line":1116,"column":37}},{"start":{},"end":{}}],"line":1115},"46":{"loc":{"start":{"line":1141,"column":2},"end":{"line":1141,"column":53}},"type":"if","locations":[{"start":{"line":1141,"column":2},"end":{"line":1141,"column":53}},{"start":{},"end":{}}],"line":1141},"47":{"loc":{"start":{"line":1141,"column":6},"end":{"line":1141,"column":38}},"type":"binary-expr","locations":[{"start":{"line":1141,"column":6},"end":{"line":1141,"column":20}},{"start":{"line":1141,"column":24},"end":{"line":1141,"column":38}}],"line":1141},"48":{"loc":{"start":{"line":1142,"column":2},"end":{"line":1142,"column":42}},"type":"if","locations":[{"start":{"line":1142,"column":2},"end":{"line":1142,"column":42}},{"start":{},"end":{}}],"line":1142},"49":{"loc":{"start":{"line":1143,"column":9},"end":{"line":1143,"column":56}},"type":"cond-expr","locations":[{"start":{"line":1143,"column":44},"end":{"line":1143,"column":48}},{"start":{"line":1143,"column":51},"end":{"line":1143,"column":56}}],"line":1143},"50":{"loc":{"start":{"line":1153,"column":15},"end":{"line":1153,"column":82}},"type":"cond-expr","locations":[{"start":{"line":1153,"column":46},"end":{"line":1153,"column":74}},{"start":{"line":1153,"column":78},"end":{"line":1153,"column":82}}],"line":1153},"51":{"loc":{"start":{"line":1153,"column":46},"end":{"line":1153,"column":74}},"type":"binary-expr","locations":[{"start":{"line":1153,"column":46},"end":{"line":1153,"column":57}},{"start":{"line":1153,"column":61},"end":{"line":1153,"column":74}}],"line":1153},"52":{"loc":{"start":{"line":1154,"column":2},"end":{"line":1175,"column":3}},"type":"if","locations":[{"start":{"line":1154,"column":2},"end":{"line":1175,"column":3}},{"start":{"line":1165,"column":9},"end":{"line":1175,"column":3}}],"line":1154},"53":{"loc":{"start":{"line":1154,"column":6},"end":{"line":1154,"column":38}},"type":"binary-expr","locations":[{"start":{"line":1154,"column":6},"end":{"line":1154,"column":12}},{"start":{"line":1154,"column":16},"end":{"line":1154,"column":38}}],"line":1154},"54":{"loc":{"start":{"line":1165,"column":9},"end":{"line":1175,"column":3}},"type":"if","locations":[{"start":{"line":1165,"column":9},"end":{"line":1175,"column":3}},{"start":{},"end":{}}],"line":1165},"55":{"loc":{"start":{"line":1168,"column":4},"end":{"line":1174,"column":5}},"type":"if","locations":[{"start":{"line":1168,"column":4},"end":{"line":1174,"column":5}},{"start":{},"end":{}}],"line":1168},"56":{"loc":{"start":{"line":1168,"column":8},"end":{"line":1168,"column":36}},"type":"binary-expr","locations":[{"start":{"line":1168,"column":8},"end":{"line":1168,"column":14}},{"start":{"line":1168,"column":18},"end":{"line":1168,"column":36}}],"line":1168},"57":{"loc":{"start":{"line":1178,"column":3},"end":{"line":1178,"column":99}},"type":"cond-expr","locations":[{"start":{"line":1178,"column":53},"end":{"line":1178,"column":67}},{"start":{"line":1178,"column":71},"end":{"line":1178,"column":98}}],"line":1178},"58":{"loc":{"start":{"line":1178,"column":3},"end":{"line":1178,"column":50}},"type":"binary-expr","locations":[{"start":{"line":1178,"column":3},"end":{"line":1178,"column":32}},{"start":{"line":1178,"column":36},"end":{"line":1178,"column":50}}],"line":1178},"59":{"loc":{"start":{"line":1178,"column":83},"end":{"line":1178,"column":98}},"type":"binary-expr","locations":[{"start":{"line":1178,"column":83},"end":{"line":1178,"column":92}},{"start":{"line":1178,"column":96},"end":{"line":1178,"column":98}}],"line":1178}},"s":{"0":1,"1":1,"2":80,"3":80,"4":1,"5":152,"6":152,"7":7,"8":83,"9":152,"10":1,"11":0,"12":1,"13":1,"14":1,"15":1,"16":1,"17":1,"18":1,"19":1,"20":1,"21":1,"22":1,"23":10240,"24":672,"25":672,"26":672,"27":672,"28":0,"29":0,"30":0,"31":352,"32":1408,"33":1408,"34":0,"35":0,"36":0,"37":0,"38":0,"39":0,"40":0,"41":0,"42":4,"43":4,"44":64,"45":4,"46":4,"47":0,"48":32,"49":32,"50":32,"51":32,"52":32,"53":128,"54":128,"55":128,"56":128,"57":32,"58":512,"59":32,"60":640,"61":2560,"62":10240,"63":2560,"64":2560,"65":2560,"66":2560,"67":2560,"68":10240,"69":640,"70":10240,"71":32,"72":20,"73":320,"74":20,"75":80,"76":80,"77":20,"78":80,"79":80,"80":12,"81":192,"82":12,"83":12,"84":20,"85":20,"86":1,"87":12,"88":12,"89":12,"90":0,"91":12,"92":192,"93":12,"94":96,"95":12,"96":0,"97":0,"98":0,"99":0,"100":0,"101":0,"102":0,"103":0,"104":0,"105":0,"106":0,"107":0,"108":12,"109":12,"110":12,"111":506,"112":12,"113":4,"114":4,"115":4,"116":4,"117":8,"118":8,"119":8,"120":26,"121":26,"122":442,"123":442,"124":442,"125":1,"126":8,"127":8,"128":8,"129":8,"130":8,"131":8,"132":136,"133":8,"134":128,"135":8,"136":8,"137":8,"138":8,"139":8,"140":8,"141":8,"142":8,"143":10,"144":170,"145":10,"146":122,"147":10,"148":10,"149":10,"150":10,"151":10,"152":170,"153":170,"154":2890,"155":10,"156":170,"157":10,"158":10,"159":160,"160":160,"161":160,"162":10,"163":10,"164":10,"165":10,"166":160,"167":160,"168":160,"169":10,"170":10,"171":8,"172":136,"173":8,"174":8,"175":8,"176":136,"177":8,"178":128,"179":8,"180":8,"181":8,"182":128,"183":8,"184":4,"185":4,"186":4,"187":4,"188":0,"189":4,"190":4,"191":4,"192":64,"193":4,"194":4,"195":4,"196":0,"197":4,"198":4,"199":0,"200":4,"201":4,"202":128,"203":4,"204":0,"205":0,"206":97872,"207":1565952,"208":1565952,"209":1565952,"210":1565952,"211":16352,"212":16352,"213":16352,"214":261632,"215":261632,"216":261632,"217":16,"218":16,"219":16,"220":256,"221":16,"222":16,"223":16,"224":16,"225":32,"226":32,"227":448,"228":448,"229":32,"230":32,"231":32,"232":32,"233":16,"234":256,"235":256,"236":0,"237":0,"238":0,"239":0,"240":0,"241":0,"242":0,"243":0,"244":16,"245":256,"246":16,"247":16320,"248":261120,"249":16320,"250":261120,"251":48912,"252":48912,"253":1516272,"254":48912,"255":782592,"256":12521472,"257":48912,"258":733680,"259":48912,"260":782592,"261":48912,"262":48912,"263":20384,"264":16,"265":16,"266":256,"267":16,"268":4064,"269":4064,"270":4032,"271":16,"272":256,"273":0,"274":0,"275":0,"276":0,"277":0,"278":0,"279":0,"280":0,"281":0,"282":16,"283":16,"284":16,"285":16,"286":16,"287":16,"288":16,"289":16,"290":16,"291":496,"292":16,"293":16,"294":16,"295":16,"296":256,"297":256,"298":16,"299":16,"300":4080,"301":4080,"302":4080,"303":4080,"304":4080,"305":4080,"306":4080,"307":4080,"308":4080,"309":4080,"310":4080,"311":4080,"312":4080,"313":4080,"314":4080,"315":4080,"316":4080,"317":4080,"318":4080,"319":4080,"320":4080,"321":4080,"322":4080,"323":16,"324":256,"325":256,"326":256,"327":256,"328":16,"329":16,"330":16,"331":16,"332":16,"333":16,"334":8,"335":8,"336":8,"337":8,"338":8,"339":8,"340":1,"341":1,"342":0,"343":0,"344":0,"345":0,"346":0,"347":0,"348":0,"349":0,"350":0,"351":0,"352":0,"353":0,"354":0,"355":0,"356":0,"357":0,"358":0,"359":0,"360":0,"361":0,"362":0,"363":0,"364":0,"365":0,"366":0,"367":0,"368":0,"369":0,"370":0,"371":0,"372":0,"373":0,"374":0,"375":0,"376":0,"377":0,"378":0,"379":0,"380":0,"381":0,"382":0,"383":0,"384":0,"385":0,"386":0,"387":0,"388":0,"389":1,"390":0,"391":0,"392":0,"393":0,"394":0,"395":0,"396":0,"397":0,"398":0,"399":0,"400":0,"401":0,"402":0,"403":0,"404":0,"405":0,"406":0,"407":0,"408":0,"409":0,"410":0,"411":0,"412":0,"413":0,"414":0,"415":0,"416":0,"417":0,"418":0,"419":1,"420":0,"421":0,"422":0,"423":0,"424":0,"425":0,"426":0,"427":0,"428":0,"429":0,"430":0,"431":0,"432":0,"433":0,"434":0,"435":0,"436":0,"437":0,"438":0,"439":0,"440":0,"441":0,"442":0,"443":0,"444":0,"445":0,"446":0,"447":0,"448":0,"449":0,"450":0,"451":0,"452":0,"453":0,"454":0,"455":0,"456":0,"457":0,"458":0,"459":0,"460":0,"461":0,"462":0,"463":0,"464":0,"465":0,"466":0,"467":0,"468":0,"469":0,"470":0,"471":0,"472":0,"473":0,"474":0,"475":0,"476":0,"477":0,"478":0,"479":0,"480":0,"481":0,"482":0,"483":0,"484":0,"485":0,"486":0,"487":0,"488":0,"489":0,"490":0,"491":0,"492":0,"493":0,"494":0,"495":0,"496":0,"497":0,"498":0,"499":0,"500":0,"501":0,"502":0,"503":0,"504":0,"505":1,"506":0,"507":0,"508":0,"509":0,"510":0,"511":0,"512":0,"513":0,"514":0,"515":0,"516":0,"517":0,"518":0,"519":0,"520":0,"521":0,"522":0,"523":0,"524":0,"525":0,"526":0,"527":0,"528":0,"529":0,"530":0,"531":0,"532":0,"533":0,"534":0,"535":0,"536":0,"537":0,"538":0,"539":0,"540":0,"541":0,"542":0,"543":0,"544":0,"545":0,"546":0,"547":0,"548":0,"549":0,"550":0,"551":0,"552":0,"553":0,"554":0,"555":0,"556":0,"557":0,"558":0,"559":0,"560":0,"561":0,"562":0,"563":0,"564":0,"565":0,"566":0,"567":0,"568":0,"569":0,"570":0,"571":0,"572":0,"573":0,"574":0,"575":0,"576":0,"577":0,"578":0,"579":0,"580":0,"581":0,"582":0,"583":0,"584":0,"585":0,"586":0,"587":0,"588":0,"589":0,"590":0,"591":0,"592":0,"593":0,"594":0,"595":0,"596":0,"597":0,"598":0,"599":0,"600":0,"601":0,"602":0,"603":0,"604":0,"605":0,"606":0,"607":0,"608":0,"609":0,"610":0,"611":0,"612":0,"613":0,"614":0,"615":0,"616":0,"617":0,"618":0,"619":0,"620":0,"621":0,"622":1,"623":1,"624":1,"625":1,"626":1,"627":1,"628":1,"629":1,"630":1,"631":1,"632":1,"633":1,"634":1,"635":1,"636":1,"637":1,"638":1,"639":1,"640":8,"641":0,"642":8,"643":0,"644":8,"645":0,"646":8,"647":0,"648":16,"649":16,"650":40,"651":0,"652":8,"653":8,"654":256,"655":1,"656":0,"657":0,"658":0,"659":1,"660":4,"661":4,"662":4,"663":4,"664":4,"665":4,"666":61,"667":4,"668":4,"669":1,"670":4,"671":4,"672":4,"673":4,"674":4,"675":4,"676":125,"677":4,"678":0,"679":4,"680":0,"681":4,"682":1,"683":1,"684":1,"685":1,"686":0,"687":0,"688":0,"689":0,"690":0,"691":0,"692":0,"693":0,"694":1,"695":0,"696":0,"697":0,"698":0,"699":0,"700":0,"701":1,"702":1,"703":1,"704":4,"705":4,"706":1,"707":8,"708":8,"709":8,"710":8,"711":8,"712":1,"713":1,"714":4,"715":4,"716":1,"717":1,"718":8,"719":8,"720":8,"721":8,"722":1,"723":0,"724":0,"725":0,"726":0,"727":0,"728":0,"729":1,"730":1,"731":1,"732":1,"733":1,"734":1,"735":0,"736":0,"737":0,"738":0,"739":0,"740":0,"741":1,"742":0,"743":0,"744":0,"745":0,"746":0,"747":0,"748":0,"749":0,"750":0,"751":0,"752":0,"753":0,"754":1,"755":0,"756":0,"757":0,"758":0,"759":0,"760":0,"761":1,"762":0,"763":0,"764":0,"765":0,"766":0,"767":0,"768":0,"769":0,"770":0,"771":0,"772":0,"773":0,"774":1,"775":0,"776":0,"777":0,"778":0,"779":1,"780":0,"781":0,"782":0,"783":0,"784":0,"785":0,"786":0,"787":0,"788":1,"789":0,"790":0,"791":0,"792":0,"793":0,"794":0,"795":0,"796":0,"797":0,"798":0,"799":1,"800":1,"801":1,"802":1,"803":1,"804":0,"805":0,"806":0,"807":0,"808":1,"809":1,"810":0,"811":0,"812":0,"813":0,"814":0,"815":0,"816":1,"817":1,"818":1,"819":1,"820":1,"821":0,"822":0,"823":0,"824":0,"825":0,"826":0,"827":0,"828":0,"829":1,"830":1,"831":1,"832":1,"833":8,"834":8,"835":256,"836":8},"f":{"0":1,"1":80,"2":152,"3":0,"4":10240,"5":672,"6":0,"7":352,"8":0,"9":4,"10":4,"11":0,"12":32,"13":12,"14":20,"15":12,"16":4,"17":4,"18":8,"19":26,"20":8,"21":4,"22":4,"23":4,"24":0,"25":97872,"26":16352,"27":16,"28":0,"29":0,"30":16,"31":16320,"32":16320,"33":48912,"34":20384,"35":16,"36":0,"37":16,"38":8,"39":8,"40":8,"41":0,"42":0,"43":0,"44":0,"45":0,"46":0,"47":0,"48":0,"49":0,"50":0,"51":0,"52":0,"53":0,"54":0,"55":0,"56":0,"57":0,"58":0,"59":0,"60":0,"61":0,"62":0,"63":0,"64":0,"65":0,"66":8,"67":8,"68":16,"69":8,"70":0,"71":4,"72":4,"73":0,"74":0,"75":4,"76":8,"77":4,"78":8,"79":0,"80":0,"81":0,"82":0,"83":0,"84":0,"85":0,"86":0,"87":0,"88":0,"89":1,"90":1,"91":0,"92":8},"b":{"0":[7,145],"1":[20,12],"2":[0,12],"3":[0,0],"4":[0,0],"5":[12,0],"6":[378,128],"7":[132,128],"8":[1530,1360],"9":[0,4],"10":[0,4],"11":[0,4],"12":[1468080,97872],"13":[97872,1468080],"14":[4032,32],"15":[4064,4048],"16":[0,0],"17":[0,0],"18":[0,0],"19":[0,0],"20":[0,0],"21":[0,0],"22":[0,0],"23":[0,0],"24":[0,0],"25":[0,0],"26":[0,0],"27":[0,0],"28":[0,8],"29":[0,8],"30":[0,8],"31":[0,8],"32":[0,40],"33":[0,4],"34":[0,4],"35":[0,0],"36":[0,0],"37":[0,0],"38":[0,0],"39":[0,0],"40":[0,0],"41":[0,0],"42":[0,0],"43":[0,0],"44":[0,0],"45":[0,0],"46":[0,0],"47":[0,0],"48":[0,0],"49":[0,0],"50":[0,1],"51":[0,0],"52":[0,1],"53":[1,0],"54":[1,0],"55":[1,0],"56":[1,1],"57":[1,0],"58":[1,1],"59":[0,0]},"_coverageSchema":"1a1c01bbd47fc00a2c39e90264f33305004495a9","hash":"f32c057be264a6bb0eed8a2e49fe11dd60ad7924"}
}
