TN:
SF:data/js/helper.js
FN:1,(anonymous_0)
FN:5,(anonymous_1)
FN:10,(anonymous_2)
FN:14,(anonymous_3)
FNF:4
FNH:3
FNDA:3,(anonymous_0)
FNDA:1,(anonymous_1)
FNDA:7,(anonymous_2)
FNDA:0,(anonymous_3)
DA:1,3
DA:5,3
DA:6,1
DA:10,3
DA:11,7
DA:14,3
DA:15,0
DA:16,0
DA:18,0
LF:9
LH:6
BRDA:11,0,0,7
BRDA:11,0,1,3
BRDA:15,1,0,0
BRDA:15,1,1,0
BRDA:22,2,0,3
BRDA:22,2,1,0
BRDA:22,3,0,3
BRDA:22,3,1,3
BRDA:22,4,0,0
BRDA:22,4,1,0
BRF:10
BRH:5
end_of_record
TN:
SF:data/js/message.js
FN:1,(anonymous_0)
FN:47,typeToString
FN:58,getToken
FN:62,setToken
FN:70,extract
FN:72,(anonymous_5)
FN:77,(anonymous_6)
FN:86,(anonymous_7)
FN:89,(anonymous_8)
FN:92,(anonymous_9)
FN:131,createFrame
FN:145,createPayload
FN:198,(anonymous_12)
FN:270,(anonymous_13)
FN:345,encryptPayload
FN:356,decryptPayload
FN:369,(anonymous_16)
FN:412,(anonymous_17)
FN:430,(anonymous_18)
FN:437,(anonymous_19)
FN:459,(anonymous_20)
FNF:21
FNH:5
FNDA:1,(anonymous_0)
FNDA:0,typeToString
FNDA:0,getToken
FNDA:0,setToken
FNDA:0,extract
FNDA:0,(anonymous_5)
FNDA:0,(anonymous_6)
FNDA:0,(anonymous_7)
FNDA:0,(anonymous_8)
FNDA:0,(anonymous_9)
FNDA:0,createFrame
FNDA:4,createPayload
FNDA:0,(anonymous_12)
FNDA:0,(anonymous_13)
FNDA:4,encryptPayload
FNDA:4,decryptPayload
FNDA:0,(anonymous_16)
FNDA:0,(anonymous_17)
FNDA:0,(anonymous_18)
FNDA:0,(anonymous_19)
FNDA:12,(anonymous_20)
DA:1,1
DA:8,1
DA:10,1
DA:11,1
DA:12,1
DA:14,1
DA:17,1
DA:18,1
DA:20,0
DA:21,0
DA:22,0
DA:23,0
DA:26,1
DA:30,1
DA:32,1
DA:33,1
DA:34,1
DA:35,1
DA:36,1
DA:37,1
DA:38,1
DA:39,1
DA:40,1
DA:41,1
DA:42,1
DA:43,1
DA:44,1
DA:48,0
DA:49,0
DA:51,0
DA:52,0
DA:56,1
DA:59,0
DA:63,0
DA:64,0
DA:65,0
DA:66,0
DA:71,0
DA:72,0
DA:77,1
DA:78,0
DA:79,0
DA:80,0
DA:81,0
DA:82,0
DA:84,0
DA:86,0
DA:87,0
DA:89,0
DA:90,0
DA:92,0
DA:93,0
DA:137,0
DA:148,4
DA:149,4
DA:150,4
DA:153,1
DA:154,1
DA:155,1
DA:158,1
DA:159,1
DA:160,1
DA:164,1
DA:165,1
DA:168,0
DA:169,0
DA:173,0
DA:174,0
DA:177,1
DA:178,1
DA:179,1
DA:180,1
DA:182,0
DA:183,0
DA:186,0
DA:187,0
DA:188,0
DA:190,4
DA:198,1
DA:200,0
DA:201,0
DA:203,0
DA:204,0
DA:208,0
DA:210,0
DA:211,0
DA:212,0
DA:213,0
DA:214,0
DA:215,0
DA:217,0
DA:218,0
DA:223,0
DA:225,0
DA:228,0
DA:229,0
DA:230,0
DA:231,0
DA:232,0
DA:233,0
DA:237,0
DA:238,0
DA:241,0
DA:242,0
DA:243,0
DA:246,0
DA:249,0
DA:252,0
DA:253,0
DA:254,0
DA:255,0
DA:261,0
DA:263,0
DA:264,0
DA:265,0
DA:266,0
DA:267,0
DA:268,0
DA:269,0
DA:270,0
DA:271,0
DA:272,0
DA:274,0
DA:275,0
DA:278,0
DA:280,0
DA:281,0
DA:282,0
DA:283,0
DA:285,0
DA:286,0
DA:287,0
DA:288,0
DA:290,0
DA:291,0
DA:294,0
DA:295,0
DA:297,0
DA:301,0
DA:302,0
DA:304,0
DA:306,0
DA:307,0
DA:308,0
DA:312,0
DA:313,0
DA:314,0
DA:315,0
DA:318,0
DA:319,0
DA:321,0
DA:324,0
DA:325,0
DA:327,0
DA:330,0
DA:331,0
DA:333,0
DA:335,0
DA:336,0
DA:339,0
DA:340,0
DA:346,4
DA:347,4
DA:348,4
DA:349,4
DA:350,4
DA:351,4
DA:352,4
DA:353,0
DA:357,4
DA:360,4
DA:361,4
DA:362,4
DA:364,4
DA:365,4
DA:366,4
DA:369,1
DA:371,0
DA:372,0
DA:373,0
DA:374,0
DA:375,0
DA:378,0
DA:379,0
DA:380,0
DA:381,0
DA:382,0
DA:383,0
DA:386,0
DA:395,0
DA:396,0
DA:397,0
DA:398,0
DA:401,0
DA:402,0
DA:404,0
DA:405,0
DA:407,0
DA:408,0
DA:409,0
DA:412,1
DA:413,0
DA:414,0
DA:416,0
DA:417,0
DA:419,0
DA:421,0
DA:422,0
DA:423,0
DA:424,0
DA:426,0
DA:430,1
DA:431,0
DA:432,0
DA:433,0
DA:434,0
DA:437,1
DA:438,0
DA:439,0
DA:440,0
DA:441,0
DA:442,0
DA:445,0
DA:446,0
DA:447,0
DA:448,0
DA:450,0
DA:451,0
DA:452,0
DA:453,0
DA:454,0
DA:455,0
DA:459,1
DA:460,12
DA:462,4
DA:463,0
DA:465,4
DA:466,0
DA:468,4
DA:469,0
DA:471,0
DA:472,0
DA:474,0
DA:475,0
LF:244
LH:65
BRDA:8,0,0,1
BRDA:8,0,1,0
BRDA:49,1,0,0
BRDA:49,1,1,0
BRDA:78,2,0,0
BRDA:78,2,1,0
BRDA:81,3,0,0
BRDA:81,3,1,0
BRDA:145,4,0,4
BRDA:150,5,0,1
BRDA:150,5,1,1
BRDA:150,5,2,1
BRDA:150,5,3,0
BRDA:150,5,4,0
BRDA:150,5,5,0
BRDA:150,5,6,1
BRDA:150,5,7,0
BRDA:150,5,8,0
BRDA:203,6,0,0
BRDA:203,6,1,0
BRDA:210,7,0,0
BRDA:210,7,1,0
BRDA:211,8,0,0
BRDA:211,8,1,0
BRDA:217,9,0,0
BRDA:217,9,1,0
BRDA:217,10,0,0
BRDA:217,10,1,0
BRDA:225,11,0,0
BRDA:225,11,1,0
BRDA:225,11,2,0
BRDA:225,11,3,0
BRDA:225,11,4,0
BRDA:225,11,5,0
BRDA:225,11,6,0
BRDA:225,11,7,0
BRDA:225,11,8,0
BRDA:225,11,9,0
BRDA:225,11,10,0
BRDA:225,11,11,0
BRDA:233,12,0,0
BRDA:233,12,1,0
BRDA:249,13,0,0
BRDA:249,13,1,0
BRDA:261,14,0,0
BRDA:261,14,1,0
BRDA:301,15,0,0
BRDA:301,15,1,0
BRDA:339,16,0,0
BRDA:339,16,1,0
BRDA:372,17,0,0
BRDA:372,17,1,0
BRDA:378,18,0,0
BRDA:378,18,1,0
BRDA:381,19,0,0
BRDA:381,19,1,0
BRDA:421,20,0,0
BRDA:421,20,1,0
BRDA:460,21,0,4
BRDA:460,21,1,4
BRDA:460,21,2,4
BRDA:460,21,3,0
BRDA:460,21,4,0
BRDA:479,22,0,1
BRDA:479,22,1,0
BRDA:479,23,0,1
BRDA:479,23,1,1
BRDA:479,24,0,0
BRDA:479,24,1,0
BRF:69
BRH:12
end_of_record
TN:
SF:data/js/user.js
FN:1,(anonymous_0)
FN:55,(anonymous_1)
FN:66,(anonymous_2)
FN:77,(anonymous_3)
FN:81,(anonymous_4)
FN:83,(anonymous_5)
FN:93,(anonymous_6)
FN:101,(anonymous_7)
FN:115,(anonymous_8)
FN:119,(anonymous_9)
FN:123,(anonymous_10)
FN:128,(anonymous_11)
FNF:12
FNH:6
FNDA:2,(anonymous_0)
FNDA:0,(anonymous_1)
FNDA:2,(anonymous_2)
FNDA:0,(anonymous_3)
FNDA:0,(anonymous_4)
FNDA:0,(anonymous_5)
FNDA:3,(anonymous_6)
FNDA:4,(anonymous_7)
FNDA:0,(anonymous_8)
FNDA:1,(anonymous_9)
FNDA:2,(anonymous_10)
FNDA:0,(anonymous_11)
DA:1,2
DA:6,2
DA:8,2
DA:9,2
DA:10,2
DA:11,2
DA:13,0
DA:14,0
DA:15,0
DA:55,2
DA:56,0
DA:57,0
DA:62,0
DA:63,0
DA:66,2
DA:67,2
DA:74,2
DA:77,2
DA:78,0
DA:81,2
DA:82,0
DA:83,0
DA:84,0
DA:85,0
DA:86,0
DA:89,0
DA:93,2
DA:95,3
DA:96,3
DA:101,3
DA:102,4
DA:108,4
DA:109,0
DA:112,3
DA:115,2
DA:116,0
DA:119,2
DA:120,1
DA:123,2
DA:124,2
DA:128,2
DA:129,0
DA:130,0
DA:131,0
DA:132,0
DA:133,0
DA:134,0
DA:135,0
DA:137,0
DA:138,0
DA:139,0
DA:140,0
DA:142,0
DA:147,0
LF:54
LH:25
BRDA:6,0,0,2
BRDA:6,0,1,0
BRDA:84,1,0,0
BRDA:84,1,1,0
BRDA:108,2,0,0
BRDA:108,2,1,4
BRDA:133,3,0,0
BRDA:133,3,1,0
BRDA:135,4,0,0
BRDA:135,4,1,0
BRDA:139,5,0,0
BRDA:139,5,1,0
BRDA:149,6,0,2
BRDA:149,6,1,0
BRDA:149,7,0,2
BRDA:149,7,1,2
BRDA:149,8,0,0
BRDA:149,8,1,0
BRF:18
BRH:5
end_of_record
