TN:
SF:data/js/message.js
FN:1,(anonymous_0)
FN:4,areWeTestingWithJest
FN:70,typeToString
FN:79,isEmpty
FN:84,extract
FN:86,(anonymous_5)
FN:90,(anonymous_6)
FN:94,(anonymous_7)
FN:97,(anonymous_8)
FN:100,(anonymous_9)
FN:139,createFrame
FN:153,createPayload
FN:197,(anonymous_12)
FN:257,(anonymous_13)
FN:297,(anonymous_14)
FN:332,encryptPayload
FN:339,decryptPayload
FN:346,(anonymous_17)
FN:381,(anonymous_18)
FN:397,(anonymous_19)
FNF:20
FNH:5
FNDA:1,(anonymous_0)
FNDA:1,areWeTestingWithJest
FNDA:0,typeToString
FNDA:0,isEmpty
FNDA:0,extract
FNDA:0,(anonymous_5)
FNDA:0,(anonymous_6)
FNDA:0,(anonymous_7)
FNDA:0,(anonymous_8)
FNDA:0,(anonymous_9)
FNDA:0,createFrame
FNDA:0,createPayload
FNDA:0,(anonymous_12)
FNDA:0,(anonymous_13)
FNDA:0,(anonymous_14)
FNDA:4,encryptPayload
FNDA:4,decryptPayload
FNDA:0,(anonymous_17)
FNDA:0,(anonymous_18)
FNDA:8,(anonymous_19)
DA:1,1
DA:5,1
DA:9,1
DA:10,1
DA:11,1
DA:12,1
DA:14,0
DA:15,0
DA:19,1
DA:23,1
DA:37,1
DA:38,1
DA:39,1
DA:40,1
DA:41,1
DA:42,1
DA:43,1
DA:44,1
DA:45,1
DA:46,1
DA:47,1
DA:49,1
DA:51,1
DA:52,1
DA:53,1
DA:54,1
DA:55,1
DA:56,1
DA:57,1
DA:58,1
DA:59,1
DA:61,0
DA:62,0
DA:63,0
DA:64,0
DA:65,0
DA:66,0
DA:67,0
DA:68,0
DA:71,0
DA:72,0
DA:74,0
DA:80,0
DA:85,0
DA:86,0
DA:90,1
DA:91,0
DA:92,0
DA:93,0
DA:94,0
DA:95,0
DA:97,0
DA:98,0
DA:100,0
DA:101,0
DA:145,0
DA:156,0
DA:157,0
DA:158,0
DA:161,0
DA:162,0
DA:163,0
DA:166,0
DA:167,0
DA:168,0
DA:172,0
DA:173,0
DA:176,0
DA:177,0
DA:181,0
DA:182,0
DA:185,0
DA:186,0
DA:187,0
DA:190,0
DA:191,0
DA:192,0
DA:194,0
DA:197,1
DA:199,0
DA:200,0
DA:202,0
DA:203,0
DA:206,0
DA:207,0
DA:210,0
DA:211,0
DA:213,0
DA:216,0
DA:217,0
DA:218,0
DA:219,0
DA:220,0
DA:221,0
DA:224,0
DA:225,0
DA:228,0
DA:229,0
DA:230,0
DA:232,0
DA:233,0
DA:236,0
DA:239,0
DA:240,0
DA:241,0
DA:242,0
DA:248,0
DA:250,0
DA:251,0
DA:252,0
DA:253,0
DA:254,0
DA:255,0
DA:256,0
DA:257,0
DA:258,0
DA:260,0
DA:261,0
DA:262,0
DA:263,0
DA:264,0
DA:269,0
DA:272,0
DA:273,0
DA:274,0
DA:275,0
DA:276,0
DA:277,0
DA:279,0
DA:280,0
DA:281,0
DA:284,0
DA:287,0
DA:288,0
DA:289,0
DA:290,0
DA:295,0
DA:296,0
DA:297,0
DA:300,0
DA:301,0
DA:302,0
DA:305,0
DA:318,0
DA:319,0
DA:320,0
DA:321,0
DA:322,0
DA:325,0
DA:327,0
DA:328,0
DA:333,4
DA:334,4
DA:335,4
DA:336,4
DA:340,4
DA:341,4
DA:342,4
DA:343,4
DA:346,1
DA:347,0
DA:350,0
DA:351,0
DA:352,0
DA:358,0
DA:360,0
DA:361,0
DA:363,0
DA:369,0
DA:370,0
DA:371,0
DA:372,0
DA:374,0
DA:375,0
DA:376,0
DA:377,0
DA:381,1
DA:382,0
DA:383,0
DA:385,0
DA:386,0
DA:387,0
DA:388,0
DA:389,0
DA:390,0
DA:391,0
DA:397,1
DA:398,8
DA:400,4
DA:401,0
DA:403,4
DA:404,0
DA:406,0
DA:407,0
DA:409,0
DA:410,0
DA:412,0
DA:413,0
LF:198
LH:45
BRDA:9,0,0,1
BRDA:9,0,1,0
BRDA:51,1,0,1
BRDA:51,1,1,0
BRDA:72,2,0,0
BRDA:72,2,1,0
BRDA:80,3,0,0
BRDA:80,3,1,0
BRDA:91,4,0,0
BRDA:91,4,1,0
BRDA:153,5,0,0
BRDA:158,6,0,0
BRDA:158,6,1,0
BRDA:158,6,2,0
BRDA:158,6,3,0
BRDA:158,6,4,0
BRDA:158,6,5,0
BRDA:158,6,6,0
BRDA:158,6,7,0
BRDA:202,7,0,0
BRDA:202,7,1,0
BRDA:210,8,0,0
BRDA:210,8,1,0
BRDA:210,9,0,0
BRDA:210,9,1,0
BRDA:210,9,2,0
BRDA:213,10,0,0
BRDA:213,10,1,0
BRDA:213,10,2,0
BRDA:213,10,3,0
BRDA:213,10,4,0
BRDA:213,10,5,0
BRDA:213,10,6,0
BRDA:213,10,7,0
BRDA:213,10,8,0
BRDA:221,11,0,0
BRDA:221,11,1,0
BRDA:236,12,0,0
BRDA:236,12,1,0
BRDA:248,13,0,0
BRDA:248,13,1,0
BRDA:295,14,0,0
BRDA:295,14,1,0
BRDA:350,15,0,0
BRDA:350,15,1,0
BRDA:374,16,0,0
BRDA:374,16,1,0
BRDA:387,17,0,0
BRDA:387,17,1,0
BRDA:398,18,0,4
BRDA:398,18,1,4
BRDA:398,18,2,0
BRDA:398,18,3,0
BRDA:398,18,4,0
BRDA:417,19,0,1
BRDA:417,19,1,0
BRDA:417,20,0,1
BRDA:417,20,1,1
BRDA:417,21,0,0
BRDA:417,21,1,0
BRF:60
BRH:7
end_of_record
TN:
SF:data/js/nacl-util.js
FN:3,(anonymous_0)
FN:11,(anonymous_1)
FN:16,validateBase64
FN:22,(anonymous_3)
FN:29,(anonymous_4)
FN:40,(anonymous_5)
FN:44,(anonymous_6)
FN:51,(anonymous_7)
FN:55,(anonymous_8)
FN:64,(anonymous_9)
FN:70,(anonymous_10)
FNF:11
FNH:4
FNDA:1,(anonymous_0)
FNDA:1,(anonymous_1)
FNDA:0,validateBase64
FNDA:4,(anonymous_3)
FNDA:4,(anonymous_4)
FNDA:0,(anonymous_5)
FNDA:0,(anonymous_6)
FNDA:0,(anonymous_7)
FNDA:0,(anonymous_8)
FNDA:0,(anonymous_9)
FNDA:0,(anonymous_10)
DA:3,1
DA:5,1
DA:6,0
DA:8,0
DA:9,0
DA:14,1
DA:17,0
DA:18,0
DA:22,1
DA:23,4
DA:24,4
DA:25,61
DA:26,4
DA:29,1
DA:30,4
DA:31,61
DA:32,4
DA:35,1
DA:38,0
DA:40,0
DA:41,0
DA:44,0
DA:45,0
DA:46,0
DA:51,0
DA:52,0
DA:55,0
DA:56,0
DA:57,0
DA:64,1
DA:65,0
DA:66,0
DA:67,0
DA:70,1
DA:71,0
DA:72,0
DA:73,0
DA:74,0
DA:79,1
LF:39
LH:16
BRDA:5,0,0,1
BRDA:5,0,1,0
BRDA:5,1,0,1
BRDA:5,1,1,1
BRDA:6,2,0,0
BRDA:6,2,1,0
BRDA:17,3,0,0
BRDA:17,3,1,0
BRDA:23,4,0,0
BRDA:23,4,1,4
BRDA:35,5,0,0
BRDA:35,5,1,1
BRDA:38,6,0,0
BRDA:38,6,1,0
BRF:14
BRH:5
end_of_record
TN:
SF:data/js/nacl.js
FN:1,(anonymous_0)
FN:10,(anonymous_1)
FN:11,(anonymous_2)
FN:18,(anonymous_3)
FN:32,L32
FN:34,ld32
FN:41,dl64
FN:47,st32
FN:52,ts64
FN:63,vn
FN:69,crypto_verify_16
FN:73,crypto_verify_32
FN:77,core
FN:118,crypto_core_salsa20
FN:123,crypto_core_hsalsa20
FN:131,crypto_stream_salsa20_xor
FN:157,crypto_stream_salsa20
FN:161,crypto_stream
FN:167,crypto_stream_xor
FN:173,add1305
FN:186,crypto_onetimeauth
FN:240,crypto_onetimeauth_verify
FN:246,crypto_secretbox
FN:255,crypto_secretbox_open
FN:266,set25519
FN:271,car25519
FN:282,sel25519
FN:291,pack25519
FN:315,neq25519
FN:322,par25519
FN:328,unpack25519
FN:334,A
FN:339,Z
FN:344,M
FN:360,S
FN:364,inv25519
FN:375,pow2523
FN:386,crypto_scalarmult
FN:439,crypto_scalarmult_base
FN:443,crypto_box_keypair
FN:448,crypto_box_beforenm
FN:457,crypto_box
FN:463,crypto_box_open
FN:469,add64
FN:485,shr64
FN:489,xor64
FN:498,R
FN:510,Ch
FN:516,Maj
FN:522,Sigma0
FN:523,Sigma1
FN:524,sigma0
FN:525,sigma1
FN:570,crypto_hashblocks
FN:615,crypto_hash
FN:638,add
FN:664,cswap
FN:671,pack
FN:680,scalarmult
FN:695,scalarbase
FN:704,crypto_sign_keypair
FN:724,modL
FN:749,reduce
FN:757,crypto_sign
FN:792,unpackneg
FN:830,crypto_sign_open
FN:939,checkLengths
FN:944,checkBoxLengths
FN:949,checkArrayTypes
FN:956,cleanup
FN:960,(anonymous_70)
FN:966,(anonymous_71)
FN:976,(anonymous_72)
FN:991,(anonymous_73)
FN:1000,(anonymous_74)
FN:1011,(anonymous_75)
FN:1016,(anonymous_76)
FN:1026,(anonymous_77)
FN:1033,(anonymous_78)
FN:1040,(anonymous_79)
FN:1055,(anonymous_80)
FN:1064,(anonymous_81)
FN:1076,(anonymous_82)
FN:1083,(anonymous_83)
FN:1097,(anonymous_84)
FN:1104,(anonymous_85)
FN:1113,(anonymous_86)
FN:1129,(anonymous_87)
FN:1138,(anonymous_88)
FN:1146,(anonymous_89)
FN:1150,(anonymous_90)
FN:1157,(anonymous_91)
FN:1169,(anonymous_92)
FNF:93
FNH:46
FNDA:1,(anonymous_0)
FNDA:80,(anonymous_1)
FNDA:152,(anonymous_2)
FNDA:0,(anonymous_3)
FNDA:10240,L32
FNDA:672,ld32
FNDA:0,dl64
FNDA:352,st32
FNDA:0,ts64
FNDA:4,vn
FNDA:4,crypto_verify_16
FNDA:0,crypto_verify_32
FNDA:32,core
FNDA:12,crypto_core_salsa20
FNDA:20,crypto_core_hsalsa20
FNDA:12,crypto_stream_salsa20_xor
FNDA:4,crypto_stream_salsa20
FNDA:4,crypto_stream
FNDA:8,crypto_stream_xor
FNDA:26,add1305
FNDA:8,crypto_onetimeauth
FNDA:4,crypto_onetimeauth_verify
FNDA:4,crypto_secretbox
FNDA:4,crypto_secretbox_open
FNDA:0,set25519
FNDA:97872,car25519
FNDA:16352,sel25519
FNDA:16,pack25519
FNDA:0,neq25519
FNDA:0,par25519
FNDA:16,unpack25519
FNDA:16320,A
FNDA:16320,Z
FNDA:48912,M
FNDA:20384,S
FNDA:16,inv25519
FNDA:0,pow2523
FNDA:16,crypto_scalarmult
FNDA:8,crypto_scalarmult_base
FNDA:8,crypto_box_keypair
FNDA:8,crypto_box_beforenm
FNDA:0,crypto_box
FNDA:0,crypto_box_open
FNDA:0,add64
FNDA:0,shr64
FNDA:0,xor64
FNDA:0,R
FNDA:0,Ch
FNDA:0,Maj
FNDA:0,Sigma0
FNDA:0,Sigma1
FNDA:0,sigma0
FNDA:0,sigma1
FNDA:0,crypto_hashblocks
FNDA:0,crypto_hash
FNDA:0,add
FNDA:0,cswap
FNDA:0,pack
FNDA:0,scalarmult
FNDA:0,scalarbase
FNDA:0,crypto_sign_keypair
FNDA:0,modL
FNDA:0,reduce
FNDA:0,crypto_sign
FNDA:0,unpackneg
FNDA:0,crypto_sign_open
FNDA:8,checkLengths
FNDA:8,checkBoxLengths
FNDA:16,checkArrayTypes
FNDA:8,cleanup
FNDA:0,(anonymous_70)
FNDA:4,(anonymous_71)
FNDA:4,(anonymous_72)
FNDA:0,(anonymous_73)
FNDA:0,(anonymous_74)
FNDA:4,(anonymous_75)
FNDA:8,(anonymous_76)
FNDA:4,(anonymous_77)
FNDA:8,(anonymous_78)
FNDA:0,(anonymous_79)
FNDA:0,(anonymous_80)
FNDA:0,(anonymous_81)
FNDA:0,(anonymous_82)
FNDA:0,(anonymous_83)
FNDA:0,(anonymous_84)
FNDA:0,(anonymous_85)
FNDA:0,(anonymous_86)
FNDA:0,(anonymous_87)
FNDA:0,(anonymous_88)
FNDA:1,(anonymous_89)
FNDA:1,(anonymous_90)
FNDA:0,(anonymous_91)
FNDA:8,(anonymous_92)
DA:1,1
DA:10,80
DA:11,1
DA:12,152
DA:13,152
DA:14,152
DA:18,1
DA:20,1
DA:21,1
DA:23,1
DA:24,1
DA:25,1
DA:26,1
DA:27,1
DA:28,1
DA:29,1
DA:30,1
DA:32,10240
DA:35,672
DA:36,672
DA:37,672
DA:38,672
DA:42,0
DA:43,0
DA:44,0
DA:49,1408
DA:53,0
DA:54,0
DA:55,0
DA:56,0
DA:57,0
DA:58,0
DA:59,0
DA:60,0
DA:64,4
DA:65,64
DA:66,4
DA:70,4
DA:74,0
DA:78,32
DA:79,32
DA:82,32
DA:83,128
DA:84,128
DA:85,128
DA:86,128
DA:89,512
DA:91,32
DA:92,640
DA:93,10240
DA:94,2560
DA:95,2560
DA:96,2560
DA:97,2560
DA:98,10240
DA:100,10240
DA:103,32
DA:104,320
DA:105,20
DA:106,80
DA:107,80
DA:109,20
DA:110,80
DA:111,80
DA:114,192
DA:119,12
DA:120,12
DA:124,20
DA:125,20
DA:128,1
DA:132,12
DA:134,12
DA:135,192
DA:136,96
DA:137,12
DA:138,0
DA:139,0
DA:140,0
DA:141,0
DA:142,0
DA:143,0
DA:144,0
DA:146,0
DA:147,0
DA:148,0
DA:150,12
DA:151,12
DA:152,506
DA:154,12
DA:158,4
DA:162,4
DA:163,4
DA:164,4
DA:168,8
DA:169,8
DA:170,8
DA:174,26
DA:175,26
DA:176,442
DA:177,442
DA:178,442
DA:182,1
DA:188,8
DA:189,8
DA:190,8
DA:191,136
DA:192,128
DA:193,8
DA:194,8
DA:195,8
DA:196,8
DA:197,8
DA:198,8
DA:199,8
DA:201,8
DA:202,170
DA:203,122
DA:204,10
DA:205,10
DA:206,10
DA:207,10
DA:208,170
DA:209,2890
DA:211,170
DA:212,10
DA:213,10
DA:214,160
DA:215,160
DA:216,160
DA:218,10
DA:219,10
DA:220,10
DA:221,160
DA:222,160
DA:223,160
DA:225,10
DA:228,136
DA:229,8
DA:230,8
DA:231,136
DA:233,128
DA:234,8
DA:235,8
DA:236,128
DA:237,8
DA:241,4
DA:242,4
DA:243,4
DA:248,4
DA:249,4
DA:250,4
DA:251,64
DA:252,4
DA:257,4
DA:258,4
DA:259,4
DA:260,4
DA:261,4
DA:262,128
DA:263,4
DA:268,0
DA:274,97872
DA:275,1565952
DA:276,1565952
DA:277,1565952
DA:278,1565952
DA:283,16352
DA:284,16352
DA:285,261632
DA:286,261632
DA:287,261632
DA:293,16
DA:294,256
DA:295,16
DA:296,16
DA:297,16
DA:298,16
DA:299,32
DA:300,32
DA:301,448
DA:302,448
DA:304,32
DA:305,32
DA:306,32
DA:307,32
DA:309,16
DA:310,256
DA:311,256
DA:316,0
DA:317,0
DA:318,0
DA:319,0
DA:323,0
DA:324,0
DA:325,0
DA:330,256
DA:331,16
DA:336,261120
DA:341,261120
DA:345,48912
DA:346,1516272
DA:347,48912
DA:348,782592
DA:349,12521472
DA:352,48912
DA:353,733680
DA:355,782592
DA:356,48912
DA:357,48912
DA:361,20384
DA:365,16
DA:367,256
DA:368,16
DA:369,4064
DA:370,4064
DA:372,256
DA:376,0
DA:378,0
DA:379,0
DA:380,0
DA:381,0
DA:383,0
DA:387,16
DA:388,16
DA:389,16
DA:390,16
DA:391,496
DA:392,16
DA:393,16
DA:394,16
DA:395,16
DA:396,256
DA:397,256
DA:399,16
DA:400,16
DA:401,4080
DA:402,4080
DA:403,4080
DA:404,4080
DA:405,4080
DA:406,4080
DA:407,4080
DA:408,4080
DA:409,4080
DA:410,4080
DA:411,4080
DA:412,4080
DA:413,4080
DA:414,4080
DA:415,4080
DA:416,4080
DA:417,4080
DA:418,4080
DA:419,4080
DA:420,4080
DA:421,4080
DA:422,4080
DA:423,4080
DA:425,16
DA:426,256
DA:427,256
DA:428,256
DA:429,256
DA:431,16
DA:432,16
DA:433,16
DA:434,16
DA:435,16
DA:436,16
DA:440,8
DA:444,8
DA:445,8
DA:449,8
DA:450,8
DA:451,8
DA:454,1
DA:455,1
DA:458,0
DA:459,0
DA:460,0
DA:464,0
DA:465,0
DA:466,0
DA:470,0
DA:471,0
DA:472,0
DA:473,0
DA:474,0
DA:475,0
DA:478,0
DA:479,0
DA:480,0
DA:482,0
DA:486,0
DA:490,0
DA:491,0
DA:492,0
DA:493,0
DA:495,0
DA:499,0
DA:500,0
DA:501,0
DA:502,0
DA:503,0
DA:504,0
DA:505,0
DA:507,0
DA:511,0
DA:512,0
DA:513,0
DA:517,0
DA:518,0
DA:519,0
DA:522,0
DA:523,0
DA:524,0
DA:525,0
DA:527,1
DA:571,0
DA:573,0
DA:575,0
DA:576,0
DA:577,0
DA:578,0
DA:579,0
DA:580,0
DA:581,0
DA:582,0
DA:583,0
DA:584,0
DA:585,0
DA:586,0
DA:591,0
DA:592,0
DA:593,0
DA:596,0
DA:597,0
DA:600,0
DA:601,0
DA:604,1
DA:616,0
DA:617,0
DA:619,0
DA:621,0
DA:622,0
DA:624,0
DA:625,0
DA:626,0
DA:628,0
DA:629,0
DA:630,0
DA:631,0
DA:633,0
DA:635,0
DA:639,0
DA:640,0
DA:641,0
DA:643,0
DA:644,0
DA:645,0
DA:646,0
DA:647,0
DA:648,0
DA:649,0
DA:650,0
DA:651,0
DA:652,0
DA:653,0
DA:654,0
DA:655,0
DA:656,0
DA:658,0
DA:659,0
DA:660,0
DA:661,0
DA:666,0
DA:667,0
DA:672,0
DA:673,0
DA:674,0
DA:675,0
DA:676,0
DA:677,0
DA:682,0
DA:683,0
DA:684,0
DA:685,0
DA:686,0
DA:687,0
DA:688,0
DA:689,0
DA:690,0
DA:691,0
DA:696,0
DA:697,0
DA:698,0
DA:699,0
DA:700,0
DA:701,0
DA:705,0
DA:706,0
DA:709,0
DA:710,0
DA:711,0
DA:712,0
DA:713,0
DA:715,0
DA:716,0
DA:718,0
DA:719,0
DA:722,1
DA:726,0
DA:727,0
DA:728,0
DA:729,0
DA:730,0
DA:731,0
DA:733,0
DA:734,0
DA:736,0
DA:737,0
DA:738,0
DA:739,0
DA:740,0
DA:742,0
DA:743,0
DA:744,0
DA:745,0
DA:750,0
DA:751,0
DA:752,0
DA:753,0
DA:758,0
DA:759,0
DA:760,0
DA:762,0
DA:763,0
DA:764,0
DA:765,0
DA:767,0
DA:768,0
DA:769,0
DA:771,0
DA:772,0
DA:773,0
DA:774,0
DA:776,0
DA:777,0
DA:778,0
DA:780,0
DA:781,0
DA:782,0
DA:783,0
DA:784,0
DA:788,0
DA:789,0
DA:793,0
DA:794,0
DA:795,0
DA:797,0
DA:798,0
DA:799,0
DA:800,0
DA:801,0
DA:802,0
DA:804,0
DA:805,0
DA:806,0
DA:807,0
DA:808,0
DA:810,0
DA:811,0
DA:812,0
DA:813,0
DA:814,0
DA:816,0
DA:817,0
DA:818,0
DA:820,0
DA:821,0
DA:822,0
DA:824,0
DA:826,0
DA:827,0
DA:832,0
DA:833,0
DA:834,0
DA:836,0
DA:838,0
DA:840,0
DA:841,0
DA:842,0
DA:843,0
DA:844,0
DA:846,0
DA:847,0
DA:848,0
DA:850,0
DA:851,0
DA:852,0
DA:853,0
DA:856,0
DA:857,0
DA:860,1
DA:861,1
DA:862,1
DA:863,1
DA:864,1
DA:865,1
DA:866,1
DA:867,1
DA:868,1
DA:869,1
DA:870,1
DA:871,1
DA:872,1
DA:873,1
DA:874,1
DA:875,1
DA:876,1
DA:878,1
DA:940,8
DA:941,8
DA:945,8
DA:946,8
DA:950,16
DA:951,40
DA:952,0
DA:957,256
DA:960,1
DA:961,0
DA:962,0
DA:963,0
DA:966,1
DA:967,4
DA:968,4
DA:969,4
DA:970,4
DA:971,61
DA:972,4
DA:973,4
DA:976,1
DA:977,4
DA:978,4
DA:979,4
DA:980,4
DA:981,125
DA:982,4
DA:983,4
DA:984,4
DA:987,1
DA:988,1
DA:989,1
DA:991,1
DA:992,0
DA:993,0
DA:994,0
DA:995,0
DA:996,0
DA:997,0
DA:1000,1
DA:1001,0
DA:1002,0
DA:1003,0
DA:1004,0
DA:1005,0
DA:1008,1
DA:1009,1
DA:1011,1
DA:1012,4
DA:1013,4
DA:1016,1
DA:1017,8
DA:1018,8
DA:1019,8
DA:1020,8
DA:1021,8
DA:1024,1
DA:1026,1
DA:1027,4
DA:1028,4
DA:1031,1
DA:1033,1
DA:1034,8
DA:1035,8
DA:1036,8
DA:1037,8
DA:1040,1
DA:1041,0
DA:1042,0
DA:1043,0
DA:1044,0
DA:1045,0
DA:1046,0
DA:1049,1
DA:1050,1
DA:1051,1
DA:1052,1
DA:1053,1
DA:1055,1
DA:1056,0
DA:1057,0
DA:1058,0
DA:1059,0
DA:1060,0
DA:1061,0
DA:1064,1
DA:1065,0
DA:1066,0
DA:1067,0
DA:1068,0
DA:1069,0
DA:1070,0
DA:1071,0
DA:1072,0
DA:1073,0
DA:1076,1
DA:1077,0
DA:1078,0
DA:1079,0
DA:1080,0
DA:1083,1
DA:1084,0
DA:1085,0
DA:1086,0
DA:1087,0
DA:1088,0
DA:1089,0
DA:1090,0
DA:1092,0
DA:1093,0
DA:1094,0
DA:1097,1
DA:1098,0
DA:1099,0
DA:1100,0
DA:1101,0
DA:1104,1
DA:1105,0
DA:1106,0
DA:1107,0
DA:1108,0
DA:1109,0
DA:1110,0
DA:1113,1
DA:1114,0
DA:1115,0
DA:1116,0
DA:1117,0
DA:1118,0
DA:1119,0
DA:1120,0
DA:1121,0
DA:1124,1
DA:1125,1
DA:1126,1
DA:1127,1
DA:1129,1
DA:1130,0
DA:1131,0
DA:1132,0
DA:1133,0
DA:1136,1
DA:1138,1
DA:1139,0
DA:1141,0
DA:1142,0
DA:1143,0
DA:1146,1
DA:1147,1
DA:1150,1
DA:1153,1
DA:1154,1
DA:1156,0
DA:1157,0
DA:1158,0
DA:1159,0
DA:1160,0
DA:1162,0
DA:1163,0
DA:1165,1
DA:1167,1
DA:1168,1
DA:1169,1
DA:1170,8
DA:1171,256
DA:1172,8
LF:687
LH:345
BRDA:13,0,0,7
BRDA:13,0,1,145
BRDA:103,1,0,20
BRDA:103,1,1,12
BRDA:134,2,0,0
BRDA:134,2,1,12
BRDA:139,3,0,0
BRDA:139,3,1,0
BRDA:148,4,0,0
BRDA:148,4,1,0
BRDA:150,5,0,12
BRDA:150,5,1,0
BRDA:152,6,0,378
BRDA:152,6,1,128
BRDA:203,7,0,132
BRDA:203,7,1,128
BRDA:209,8,0,1530
BRDA:209,8,1,1360
BRDA:248,9,0,0
BRDA:248,9,1,4
BRDA:258,10,0,0
BRDA:258,10,1,4
BRDA:260,11,0,0
BRDA:260,11,1,4
BRDA:277,12,0,1468080
BRDA:277,12,1,97872
BRDA:277,13,0,97872
BRDA:277,13,1,1468080
BRDA:370,14,0,4032
BRDA:370,14,1,32
BRDA:370,15,0,4064
BRDA:370,15,1,4048
BRDA:381,16,0,0
BRDA:381,16,1,0
BRDA:500,17,0,0
BRDA:500,17,1,0
BRDA:503,18,0,0
BRDA:503,18,1,0
BRDA:584,19,0,0
BRDA:584,19,1,0
BRDA:628,20,0,0
BRDA:628,20,1,0
BRDA:709,21,0,0
BRDA:709,21,1,0
BRDA:818,22,0,0
BRDA:818,22,1,0
BRDA:822,23,0,0
BRDA:822,23,1,0
BRDA:824,24,0,0
BRDA:824,24,1,0
BRDA:836,25,0,0
BRDA:836,25,1,0
BRDA:838,26,0,0
BRDA:838,26,1,0
BRDA:851,27,0,0
BRDA:851,27,1,0
BRDA:940,28,0,0
BRDA:940,28,1,8
BRDA:941,29,0,0
BRDA:941,29,1,8
BRDA:945,30,0,0
BRDA:945,30,1,8
BRDA:946,31,0,0
BRDA:946,31,1,8
BRDA:951,32,0,0
BRDA:951,32,1,40
BRDA:982,33,0,0
BRDA:982,33,1,4
BRDA:983,34,0,0
BRDA:983,34,1,4
BRDA:993,35,0,0
BRDA:993,35,1,0
BRDA:994,36,0,0
BRDA:994,36,1,0
BRDA:1002,37,0,0
BRDA:1002,37,1,0
BRDA:1042,38,0,0
BRDA:1042,38,1,0
BRDA:1057,39,0,0
BRDA:1057,39,1,0
BRDA:1066,40,0,0
BRDA:1066,40,1,0
BRDA:1070,41,0,0
BRDA:1070,41,1,0
BRDA:1085,42,0,0
BRDA:1085,42,1,0
BRDA:1087,43,0,0
BRDA:1087,43,1,0
BRDA:1106,44,0,0
BRDA:1106,44,1,0
BRDA:1115,45,0,0
BRDA:1115,45,1,0
BRDA:1141,46,0,0
BRDA:1141,46,1,0
BRDA:1141,47,0,0
BRDA:1141,47,1,0
BRDA:1142,48,0,0
BRDA:1142,48,1,0
BRDA:1143,49,0,0
BRDA:1143,49,1,0
BRDA:1153,50,0,0
BRDA:1153,50,1,1
BRDA:1153,51,0,0
BRDA:1153,51,1,0
BRDA:1154,52,0,0
BRDA:1154,52,1,1
BRDA:1154,53,0,1
BRDA:1154,53,1,0
BRDA:1165,54,0,1
BRDA:1165,54,1,0
BRDA:1168,55,0,1
BRDA:1168,55,1,0
BRDA:1168,56,0,1
BRDA:1168,56,1,1
BRDA:1178,57,0,1
BRDA:1178,57,1,0
BRDA:1178,58,0,1
BRDA:1178,58,1,1
BRDA:1178,59,0,0
BRDA:1178,59,1,0
BRF:120
BRH:40
end_of_record
